Log file open, 03/28/19 12:59:06
LogWindows: Failed to load 'aqProf.dll' (GetLastError=126)
LogWindows: File 'aqProf.dll' does not exist
LogWindows: Failed to load 'VSPerf140.dll' (GetLastError=126)
LogWindows: File 'VSPerf140.dll' does not exist
LogWindows: Failed to load 'VtuneApi.dll' (GetLastError=126)
LogWindows: File 'VtuneApi.dll' does not exist
LogWindows: Failed to load 'VtuneApi32e.dll' (GetLastError=126)
LogWindows: File 'VtuneApi32e.dll' does not exist
LogInit: Display: Running engine for game: VVIRTUAL
LogPlatformFile: Not using cached read wrapper
LogTaskGraph: Started task graph with 5 named threads and 23 total threads with 3 sets of task threads.
LogStats: Stats thread started at 0.276258
LogD3D11RHI: Loaded GFSDK_Aftermath_Lib.x64.dll
LogICUInternationalization: Display: ICU TimeZone Detection - Raw Offset: +1:00, Platform Override: ''
LogPluginManager: Mounting plugin Paper2D
LogPluginManager: Mounting plugin AISupport
LogPluginManager: Mounting plugin LightPropagationVolume
LogPluginManager: Mounting plugin CLionSourceCodeAccess
LogPluginManager: Mounting plugin CodeLiteSourceCodeAccess
LogPluginManager: Mounting plugin GitSourceControl
LogPluginManager: Mounting plugin KDevelopSourceCodeAccess
LogPluginManager: Mounting plugin NullSourceCodeAccess
LogPluginManager: Mounting plugin PerforceSourceControl
LogPluginManager: Mounting plugin SubversionSourceControl
LogPluginManager: Mounting plugin UObjectPlugin
LogPluginManager: Mounting plugin VisualStudioCodeSourceCodeAccess
LogPluginManager: Mounting plugin VisualStudioSourceCodeAccess
LogPluginManager: Mounting plugin XCodeSourceCodeAccess
LogPluginManager: Mounting plugin AssetManagerEditor
LogPluginManager: Mounting plugin CryptoKeys
LogPluginManager: Mounting plugin DataValidation
LogPluginManager: Mounting plugin FacialAnimation
LogPluginManager: Mounting plugin GameplayTagsEditor
LogPluginManager: Mounting plugin MacGraphicsSwitching
LogPluginManager: Mounting plugin MeshEditor
LogPluginManager: Mounting plugin MobileLauncherProfileWizard
LogPluginManager: Mounting plugin PluginBrowser
LogPluginManager: Mounting plugin SpeedTreeImporter
LogPluginManager: Mounting plugin DatasmithContent
LogPluginManager: Mounting plugin AlembicImporter
LogPluginManager: Mounting plugin AppleImageUtils
LogPluginManager: Mounting plugin AppleVision
LogPluginManager: Mounting plugin BackChannel
LogPluginManager: Mounting plugin CharacterAI
LogPluginManager: Mounting plugin GeometryCache
LogPluginManager: Mounting plugin HTML5Networking
LogPluginManager: Mounting plugin ProxyLODPlugin
LogPluginManager: Mounting plugin MagicLeap
LogPluginManager: Mounting plugin MagicLeapEmulator
LogPluginManager: Mounting plugin MagicLeapMedia
LogPluginManager: Mounting plugin AndroidMedia
LogPluginManager: Mounting plugin AvfMedia
LogPluginManager: Mounting plugin ImgMedia
LogPluginManager: Mounting plugin LinearTimecode
LogPluginManager: Mounting plugin MediaCompositing
LogPluginManager: Mounting plugin MediaPlayerEditor
LogPluginManager: Mounting plugin WmfMedia
LogPluginManager: Mounting plugin TcpMessaging
LogPluginManager: Mounting plugin UdpMessaging
LogPluginManager: Mounting plugin ActorSequence
LogPluginManager: Mounting plugin LevelSequenceEditor
LogPluginManager: Mounting plugin MatineeToLevelSequence
LogPluginManager: Mounting plugin NetcodeUnitTest
LogPluginManager: Mounting plugin NUTUnrealEngine4
LogPluginManager: Mounting plugin OnlineSubsystemGooglePlay
LogPluginManager: Mounting plugin OnlineSubsystemIOS
LogPluginManager: Mounting plugin OnlineSubsystem
LogPluginManager: Mounting plugin OnlineSubsystemNull
LogPluginManager: Mounting plugin OnlineSubsystemUtils
LogPluginManager: Mounting plugin LauncherChunkInstaller
LogPluginManager: Mounting plugin AndroidDeviceProfileSelector
LogPluginManager: Mounting plugin AndroidMoviePlayer
LogPluginManager: Mounting plugin AndroidPermission
LogPluginManager: Mounting plugin AppleMoviePlayer
LogPluginManager: Mounting plugin ArchVisCharacter
LogPluginManager: Mounting plugin AudioCapture
LogPluginManager: Mounting plugin CableComponent
LogPluginManager: Mounting plugin CustomMeshComponent
LogPluginManager: Mounting plugin EditableMesh
LogPluginManager: Mounting plugin ExampleDeviceProfileSelector
LogPluginManager: Mounting plugin GoogleCloudMessaging
LogPluginManager: Mounting plugin ImmediatePhysics
LogPluginManager: Mounting plugin IOSDeviceProfileSelector
LogPluginManager: Mounting plugin LinuxDeviceProfileSelector
LogPluginManager: Mounting plugin LocationServicesBPLibrary
LogPluginManager: Mounting plugin MobilePatchingUtils
LogPluginManager: Mounting plugin OculusVR
LogPluginManager: Plugin shader directory ../../../Engine/Plugins/Runtime/Oculus/OculusVR/Shaders found
LogPluginManager: Mapping shader source directory ../../../Engine/Plugins/Runtime/Oculus/OculusVR/Shaders to virtual directory /Plugin/OculusVR
LogPluginManager: Mounting plugin PhysXVehicles
LogPluginManager: Mounting plugin ProceduralMeshComponent
LogPluginManager: Mounting plugin RuntimePhysXCooking
LogPluginManager: Mounting plugin SteamVR
LogPluginManager: Mounting plugin WindowsMoviePlayer
LogStreaming: Display: Took  0.153s to configure plugins.
LogInit: Using libcurl 7.55.1-DEV
LogInit:  - built for x86_64-pc-win32
LogInit:  - supports SSL with OpenSSL/1.0.2h
LogInit:  - supports HTTP deflate (compression) using libz 1.2.8
LogInit:  - other features:
LogInit:      CURL_VERSION_SSL
LogInit:      CURL_VERSION_LIBZ
LogInit:      CURL_VERSION_IPV6
LogInit:      CURL_VERSION_ASYNCHDNS
LogInit:      CURL_VERSION_LARGEFILE
LogInit:      CURL_VERSION_IDN
LogInit:  CurlRequestOptions (configurable via config and command line):
LogInit:  - bVerifyPeer = false  - Libcurl will NOT verify peer certificate
LogInit:  - bUseHttpProxy = false  - Libcurl will NOT use HTTP proxy
LogInit:  - bDontReuseConnections = false  - Libcurl will reuse connections
LogInit:  - CertBundlePath = nullptr  - Libcurl will use whatever was configured at build time.
LogInit:  - MaxHostConnections = 16  - Libcurl will limit the number of connections to a host
LogInit:  - LocalHostAddr = Default
LogInit:  - BufferSize = 65536
LogInit: WinSock: version 1.1 (2.2), MaxSocks=32767, MaxUdp=65467
LogInit: Build: ++UE4+Release-4.20-CL-4369336
LogInit: Engine Version: 4.20.3-4369336+++UE4+Release-4.20
LogInit: Compatible Engine Version: 4.20.0-4212847+++UE4+Release-4.20
LogInit: Net CL: 4212847
LogInit: OS: Windows 7 (Service Pack 1), CPU: Intel(R) Core(TM) i7-4710HQ CPU @ 2.50GHz, GPU: Intel(R) HD Graphics 4600
LogInit: Compiled (64-bit): Sep 17 2018 12:26:19
LogInit: Compiled with Visual C++: 19.13.26129.00
LogInit: Build Configuration: Development
LogInit: Branch Name: ++UE4+Release-4.20
LogInit: Command Line:  
LogInit: Base Directory: D:/Program Files (x86)/ue/UE_4.20/Engine/Binaries/Win64/
LogInit: Installed Engine Build: 1
LogDevObjectVersion: Number of dev versions registered: 20
LogDevObjectVersion:   Dev-Blueprints (B0D832E4-1F89-4F0D-ACCF-7EB736FD4AA2): 10
LogDevObjectVersion:   Dev-Build (E1C64328-A22C-4D53-A36C-8E866417BD8C): 0
LogDevObjectVersion:   Dev-Core (375EC13C-06E4-48FB-B500-84F0262A717E): 2
LogDevObjectVersion:   Dev-Editor (E4B068ED-F494-42E9-A231-DA0B2E46BB41): 24
LogDevObjectVersion:   Dev-Framework (CFFC743F-43B0-4480-9391-14DF171D2073): 34
LogDevObjectVersion:   Dev-Mobile (B02B49B5-BB20-44E9-A304-32B752E40360): 2
LogDevObjectVersion:   Dev-Networking (A4E4105C-59A1-49B5-A7C5-40C4547EDFEE): 0
LogDevObjectVersion:   Dev-Online (39C831C9-5AE6-47DC-9A44-9C173E1C8E7C): 0
LogDevObjectVersion:   Dev-Physics (78F01B33-EBEA-4F98-B9B4-84EACCB95AA2): 0
LogDevObjectVersion:   Dev-Platform (6631380F-2D4D-43E0-8009-CF276956A95A): 0
LogDevObjectVersion:   Dev-Rendering (12F88B9F-8875-4AFC-A67C-D90C383ABD29): 26
LogDevObjectVersion:   Dev-Sequencer (7B5AE74C-D270-4C10-A958-57980B212A5A): 9
LogDevObjectVersion:   Dev-VR (D7296918-1DD6-4BDD-9DE2-64A83CC13884): 2
LogDevObjectVersion:   Dev-LoadTimes (C2A15278-BFE7-4AFE-6C17-90FF531DF755): 1
LogDevObjectVersion:   Private-Geometry (6EACA3D4-40EC-4CC1-B786-8BED09428FC5): 3
LogDevObjectVersion:   Dev-AnimPhys (29E575DD-E0A3-4627-9D10-D276232CDCEA): 17
LogDevObjectVersion:   Dev-ReflectionCapture (6B266CEC-1EC7-4B8F-A30B-E4D90942FC07): 1
LogDevObjectVersion:   Dev-Automation (0DF73D61-A23F-47EA-B727-89E90C41499A): 1
LogDevObjectVersion:   FortniteMain (601D1886-AC64-4F84-AA16-D3DE0DEAC7D6): 12
LogDevObjectVersion:   Dev-Enterprise (9DFFBCD6-494F-0158-E221-12823C92A888): 1
LogStreaming: Display: Took  0.000s to delete old logs.
LogInit: Presizing for max 8388607 objects, including 0 objects not considered by GC, pre-allocating 0 bytes for permanent pool.
LogInit: Object subsystem initialized
[2019.03.28-11.59.06:937][  0]LogInit: Selected Device Profile: [Windows]
[2019.03.28-11.59.06:937][  0]LogInit: Applying CVar settings loaded from the selected device profile: [Windows]
[2019.03.28-11.59.06:950][  0]LogHAL: Display: Platform has ~ 16 GB [17059704832 / 17179869184 / 16], which maps to Larger [LargestMinGB=32, LargerMinGB=12, DefaultMinGB=8, SmallerMinGB=6, SmallestMinGB=0)
[2019.03.28-11.59.06:950][  0]LogInit: Setting Device Profile CVar: [[r.Vulkan.UseRealUBs:1]]
[2019.03.28-11.59.06:950][  0]LogInit: Going up to parent DeviceProfile []
[2019.03.28-11.59.06:950][  0]LogInit: Computer: DAVO-PC
[2019.03.28-11.59.06:950][  0]LogInit: User: Davo
[2019.03.28-11.59.06:950][  0]LogInit: CPU Page size=4096, Cores=4
[2019.03.28-11.59.06:950][  0]LogInit: High frequency timer resolution =2.440117 MHz
[2019.03.28-11.59.06:950][  0]LogMemory: Memory total: Physical=15.9GB (16GB approx)
[2019.03.28-11.59.06:950][  0]LogMemory: Platform Memory Stats for Windows
[2019.03.28-11.59.06:950][  0]LogMemory: Process Physical Memory: 105.25 MB used, 105.25 MB peak
[2019.03.28-11.59.06:950][  0]LogMemory: Process Virtual Memory: 97.71 MB used, 97.71 MB peak
[2019.03.28-11.59.06:950][  0]LogMemory: Physical Memory: 7277.25 MB used,  8992.16 MB free, 16269.40 MB total
[2019.03.28-11.59.06:951][  0]LogMemory: Virtual Memory: 504.61 MB used,  8992.16 MB free, 8388608.00 MB total
[2019.03.28-11.59.06:994][  0]LogInit: Using OS detected language (fr-FR).
[2019.03.28-11.59.06:994][  0]LogInit: Using OS detected locale (fr-FR).
[2019.03.28-11.59.06:995][  0]LogTextLocalizationManager: No specific localization for 'fr-FR' exists, so the 'fr' localization will be used.
[2019.03.28-11.59.06:997][  0]LogStreaming: Display: Took  0.003s to InitEngineTextLocalization.
[2019.03.28-11.59.06:998][  0]LogWindows: Failed to load 'shcore.dll' (GetLastError=126)
[2019.03.28-11.59.06:998][  0]LogWindows: File 'shcore.dll' does not exist
[2019.03.28-11.59.06:998][  0]LogInit: Setting process to DPI aware
[2019.03.28-11.59.07:031][  0]LogSlate: New Slate User Created.  User Index 0, Is Virtual User: 0
[2019.03.28-11.59.07:031][  0]LogSlate: Slate User Registered.  User Index 0, Is Virtual User: 0
[2019.03.28-11.59.07:288][  0]LogHMD: Failed to initialize OpenVR with code 110
[2019.03.28-11.59.07:288][  0]LogD3D11RHI: D3D11 adapters:
[2019.03.28-11.59.07:348][  0]LogD3D11RHI:    0. 'NVIDIA GeForce GTX 970M' (Feature Level 11_0)
[2019.03.28-11.59.07:348][  0]LogD3D11RHI:       2983/0/7878 MB DedicatedVideo/DedicatedSystem/SharedSystem, Outputs:1, VendorId:0x10de
[2019.03.28-11.59.07:389][  0]LogD3D11RHI:    1. 'NVIDIA GeForce GTX 970M' (Feature Level 11_0)
[2019.03.28-11.59.07:389][  0]LogD3D11RHI:       2983/0/7878 MB DedicatedVideo/DedicatedSystem/SharedSystem, Outputs:0, VendorId:0x10de
[2019.03.28-11.59.07:389][  0]LogD3D11RHI: Chosen D3D11 Adapter: 0
[2019.03.28-11.59.07:402][  0]LogD3D11RHI: Creating new Direct3DDevice
[2019.03.28-11.59.07:402][  0]LogD3D11RHI:     GPU DeviceId: 0x13d8 (for the marketing name, search the web for "GPU Device Id")
[2019.03.28-11.59.07:402][  0]LogWindows: EnumDisplayDevices:
[2019.03.28-11.59.07:403][  0]LogWindows:    0. 'Intel(R) HD Graphics 4600' (P:1 D:1)
[2019.03.28-11.59.07:403][  0]LogWindows:    1. 'Intel(R) HD Graphics 4600' (P:0 D:0)
[2019.03.28-11.59.07:404][  0]LogWindows:    2. 'Intel(R) HD Graphics 4600' (P:0 D:0)
[2019.03.28-11.59.07:404][  0]LogWindows:    3. 'NVIDIA GeForce GTX 970M' (P:0 D:0)
[2019.03.28-11.59.07:404][  0]LogWindows:    4. 'RDPDD Chained DD' (P:0 D:0)
[2019.03.28-11.59.07:405][  0]LogWindows:    5. 'RDP Encoder Mirror Driver' (P:0 D:0)
[2019.03.28-11.59.07:405][  0]LogWindows:    6. 'RDP Reflector Display Driver' (P:0 D:0)
[2019.03.28-11.59.07:405][  0]LogWindows: DebugString: PrimaryIsNotTheChoosenAdapter PrimaryIsNotTheChoosenAdapter PrimaryIsNotTheChoosenAdapter GetVideoDriverDetailsInvalid PrimaryIsNotTheChoosenAdapter GetVideoDriverDetailsInvalid PrimaryIsNotTheChoosenAdapter GetVideoDriverDetailsInvalid PrimaryIsNotTheChoosenAdapter 
[2019.03.28-11.59.07:405][  0]LogD3D11RHI:     Adapter Name: NVIDIA GeForce GTX 970M
[2019.03.28-11.59.07:405][  0]LogD3D11RHI:   Driver Version: 416.94 (internal:25.21.14.1694, unified:416.94)
[2019.03.28-11.59.07:405][  0]LogD3D11RHI:      Driver Date: 11-12-2018
[2019.03.28-11.59.07:405][  0]LogRHI: Texture pool is 2088 MB (70% of 2983 MB)
[2019.03.28-11.59.07:445][  0]LogD3D11RHI: Async texture creation enabled
[2019.03.28-11.59.07:470][  0]LogD3D11RHI: GPU Timing Frequency: 1000.000000 (Debug: 2 2)
[2019.03.28-11.59.07:471][  0]LogShaderCompilers: Guid format shader working directory is 2 characters bigger than the processId version (../../../../../ProjetNeo/VVirtual/VVIRTUAL/Intermediate/Shaders/WorkingDirectory/12736/).
[2019.03.28-11.59.07:472][  0]LogShaderCompilers: Cleaned the shader compiler working directory 'C:/Users/Davo/AppData/Local/Temp/UnrealShaderWorkingDir/137DA9E54C33D80DDEA9DABFB9BEE9D5/'.
[2019.03.28-11.59.08:121][  0]LogTemp: Display: Loaded TP AllDesktopTargetPlatform
[2019.03.28-11.59.08:136][  0]LogTemp: Display: Loaded TP MacClientTargetPlatform
[2019.03.28-11.59.08:150][  0]LogTemp: Display: Loaded TP MacNoEditorTargetPlatform
[2019.03.28-11.59.08:165][  0]LogTemp: Display: Loaded TP MacServerTargetPlatform
[2019.03.28-11.59.08:180][  0]LogTemp: Display: Loaded TP MacTargetPlatform
[2019.03.28-11.59.08:196][  0]LogTemp: Display: Loaded TP WindowsClientTargetPlatform
[2019.03.28-11.59.08:211][  0]LogTemp: Display: Loaded TP WindowsNoEditorTargetPlatform
[2019.03.28-11.59.08:226][  0]LogTemp: Display: Loaded TP WindowsServerTargetPlatform
[2019.03.28-11.59.08:233][  0]LogTemp: Display: Loaded TP WindowsTargetPlatform
[2019.03.28-11.59.08:327][  0]LogTemp: Display: Loaded TP AndroidTargetPlatform
[2019.03.28-11.59.08:327][  0]LogTemp: Display: Loaded TP AndroidTargetPlatform
[2019.03.28-11.59.08:327][  0]LogTemp: Display: Loaded TP AndroidTargetPlatform
[2019.03.28-11.59.08:327][  0]LogTemp: Display: Loaded TP AndroidTargetPlatform
[2019.03.28-11.59.08:327][  0]LogTemp: Display: Loaded TP AndroidTargetPlatform
[2019.03.28-11.59.08:327][  0]LogTemp: Display: Loaded TP AndroidTargetPlatform
[2019.03.28-11.59.08:327][  0]LogTemp: Display: Loaded TP AndroidTargetPlatform
[2019.03.28-11.59.08:327][  0]LogTemp: Display: Loaded TP AndroidTargetPlatform
[2019.03.28-11.59.08:327][  0]LogTemp: Display: Loaded TP AndroidTargetPlatform
[2019.03.28-11.59.08:327][  0]LogTemp: Display: Loaded TP AndroidTargetPlatform
[2019.03.28-11.59.08:327][  0]LogTemp: Display: Loaded TP AndroidTargetPlatform
[2019.03.28-11.59.08:327][  0]LogTemp: Display: Loaded TP AndroidTargetPlatform
[2019.03.28-11.59.08:327][  0]LogTemp: Display: Loaded TP AndroidTargetPlatform
[2019.03.28-11.59.08:327][  0]LogTemp: Display: Loaded TP AndroidTargetPlatform
[2019.03.28-11.59.08:327][  0]LogTemp: Display: Loaded TP AndroidTargetPlatform
[2019.03.28-11.59.08:327][  0]LogTemp: Display: Loaded TP AndroidTargetPlatform
[2019.03.28-11.59.08:327][  0]LogTemp: Display: Loaded TP AndroidTargetPlatform
[2019.03.28-11.59.08:327][  0]LogTemp: Display: Loaded TP AndroidTargetPlatform
[2019.03.28-11.59.08:329][  0]LogTemp: Display: Loaded TP HTML5TargetPlatform
[2019.03.28-11.59.08:394][  0]LogTemp: Display: Loaded TP IOSTargetPlatform
[2019.03.28-11.59.08:394][  0]LogTemp: Display: Loaded TP IOSTargetPlatform
[2019.03.28-11.59.08:422][  0]LogTemp: Display: Loaded TP TVOSTargetPlatform
[2019.03.28-11.59.08:422][  0]LogTemp: Display: Loaded TP TVOSTargetPlatform
[2019.03.28-11.59.08:436][  0]LogTemp: Display: Loaded TP LinuxClientTargetPlatform
[2019.03.28-11.59.08:450][  0]LogTemp: Display: Loaded TP LinuxNoEditorTargetPlatform
[2019.03.28-11.59.08:464][  0]LogTemp: Display: Loaded TP LinuxServerTargetPlatform
[2019.03.28-11.59.08:479][  0]LogTemp: Display: Loaded TP LinuxTargetPlatform
[2019.03.28-11.59.08:489][  0]LogTemp: Display: Loaded TP LuminTargetPlatform
[2019.03.28-11.59.08:489][  0]LogTargetPlatformManager: Display: Building Assets For Windows
[2019.03.28-11.59.08:549][  0]LogXGEController: Cleaning working directory: C:/Users/Davo/AppData/Local/Temp/UnrealXGEWorkingDir/
[2019.03.28-11.59.08:550][  0]LogXGEController: Cannot use XGE Controller as Incredibuild is not installed on this machine.
[2019.03.28-11.59.08:550][  0]LogShaderCompilers: Cannot use XGE Shader Compiler as Incredibuild is not installed on this machine.
[2019.03.28-11.59.08:550][  0]LogShaderCompilers: Display: Using Local Shader Compiler.
[2019.03.28-11.59.09:412][  0]LogDerivedDataCache: Display: Max Cache Size: 512 MB
[2019.03.28-11.59.09:574][  0]LogDerivedDataCache: Loaded boot cache 0.16s 71MB C:/Users/Davo/AppData/Local/UnrealEngine/4.20/DerivedDataCache/Boot.ddc.
[2019.03.28-11.59.09:575][  0]LogDerivedDataCache: Display: Loaded Boot cache: C:/Users/Davo/AppData/Local/UnrealEngine/4.20/DerivedDataCache/Boot.ddc
[2019.03.28-11.59.09:575][  0]LogDerivedDataCache: FDerivedDataBackendGraph:  Pak pak cache file ../../../../../ProjetNeo/VVirtual/VVIRTUAL/DerivedDataCache/DDC.ddp not found, will not use a pak cache.
[2019.03.28-11.59.09:575][  0]LogDerivedDataCache: Unable to find inner node Pak for hierarchical cache Hierarchy.
[2019.03.28-11.59.09:575][  0]LogDerivedDataCache: FDerivedDataBackendGraph:  CompressedPak pak cache file ../../../../../ProjetNeo/VVirtual/VVIRTUAL/DerivedDataCache/Compressed.ddp not found, will not use a pak cache.
[2019.03.28-11.59.09:575][  0]LogDerivedDataCache: Unable to find inner node CompressedPak for hierarchical cache Hierarchy.
[2019.03.28-11.59.09:594][  0]LogDerivedDataCache: Display: Pak cache opened for reading ../../../Engine/DerivedDataCache/Compressed.ddp.
[2019.03.28-11.59.09:607][  0]LogDerivedDataCache: Using Local data cache path C:/Users/Davo/AppData/Local/UnrealEngine/Common/DerivedDataCache: Writable
[2019.03.28-11.59.09:607][  0]LogDerivedDataCache: Shared data cache path not found in *engine.ini, will not use an Shared cache.
[2019.03.28-11.59.09:607][  0]LogDerivedDataCache: Unable to find inner node Shared for hierarchical cache Hierarchy.
[2019.03.28-11.59.09:635][  0]LogMaterial: Verifying Global Shaders for PCD3D_SM5
[2019.03.28-11.59.09:636][  0]LogSlate: Using FreeType 2.6.0
[2019.03.28-11.59.09:637][  0]LogSlate: SlateFontServices - WITH_FREETYPE: 1, WITH_HARFBUZZ: 1
[2019.03.28-11.59.09:731][  0]LogAssetRegistry: FAssetRegistry took 0.0243 seconds to start up
[2019.03.28-11.59.10:119][  0]LogInit: Selected Device Profile: [Windows]
[2019.03.28-11.59.10:374][  0]LogSimplygon: Simplygon DLL not present - disabling.
[2019.03.28-11.59.10:377][  0]LogMeshReduction: Using SimplygonSwarm for distributed automatic mesh merging
[2019.03.28-11.59.10:377][  0]LogMeshReduction: Using ProxyLODMeshReduction for automatic mesh merging
[2019.03.28-11.59.10:377][  0]LogMeshReduction: Using QuadricMeshReduction for automatic static mesh reduction
[2019.03.28-11.59.10:377][  0]LogMeshReduction: No automatic skeletal mesh reduction module available
[2019.03.28-11.59.10:402][  0]LogNetVersion: VVIRTUAL 1.0.0, NetCL: 4212847, EngineNetVer: 5, GameNetVer: 0 (Checksum: 1343756483)
[2019.03.28-11.59.11:222][  0]LogPackageLocalizationCache: Processed 11 localized package path(s) for 2 prioritized culture(s) in 0.133651 seconds
[2019.03.28-11.59.11:229][  0]LogUObjectArray: 38425 objects as part of root set at end of initial load.
[2019.03.28-11.59.11:229][  0]LogUObjectAllocator: 6690864 out of 0 bytes used by permanent object pool.
[2019.03.28-11.59.11:229][  0]LogUObjectArray: CloseDisregardForGC: 0/0 objects in disregard for GC pool
[2019.03.28-11.59.12:425][  0]LogTcpMessaging: Initializing TcpMessaging bridge
[2019.03.28-11.59.12:438][  0]LogUdpMessaging: Initializing bridge on interface 0.0.0.0:0 to multicast group 230.0.0.1:6666.
[2019.03.28-11.59.12:599][  0]SourceControl: Source control is disabled
[2019.03.28-11.59.12:600][  0]SourceControl: Source control is disabled
[2019.03.28-11.59.12:603][  0]SourceControl: Source control is disabled
[2019.03.28-11.59.12:604][  0]SourceControl: Source control is disabled
[2019.03.28-11.59.12:769][  0]LogAndroidPermission: UAndroidPermissionCallbackProxy::GetInstance
[2019.03.28-11.59.12:835][  0]LogOcInput: OculusInput pre-init called
[2019.03.28-11.59.12:901][  0]LogEngine: Initializing Engine...
[2019.03.28-11.59.12:903][  0]LogHMD: Failed to initialize OpenVR with code 110
[2019.03.28-11.59.12:904][  0]LogStats: UGameplayTagsManager::ConstructGameplayTagTree: ImportINI prefixes -  0.000 s
[2019.03.28-11.59.12:904][  0]LogStats: UGameplayTagsManager::ConstructGameplayTagTree: Construct from data asset -  0.000 s
[2019.03.28-11.59.12:904][  0]LogStats: UGameplayTagsManager::ConstructGameplayTagTree: ImportINI -  0.000 s
[2019.03.28-11.59.12:904][  0]LogStats: UGameplayTagsManager::ConstructGameplayTagTree: GameplayTagTreeChangedEvent.Broadcast -  0.000 s
[2019.03.28-11.59.13:207][  0]LogInit: Initializing FReadOnlyCVARCache
[2019.03.28-11.59.13:217][  0]LogAIModule: Creating AISystem for world Untitled
[2019.03.28-11.59.13:287][  0]LogInit: XAudio2 using 'Haut-parleurs (Sound Blaster Recon3Di)' : 2 channels at 48 kHz using 32 bits per sample (channel mask 0x3)
[2019.03.28-11.59.13:329][  0]LogInit: FAudioDevice initialized.
[2019.03.28-11.59.13:329][  0]LogNetVersion: Set ProjectVersion to 1.0.0.0. Version Checksum will be recalculated on next use.
[2019.03.28-11.59.13:443][  0]LogDerivedDataCache: Saved boot cache 0.11s 71MB C:/Users/Davo/AppData/Local/UnrealEngine/4.20/DerivedDataCache/Boot.ddc.
[2019.03.28-11.59.13:447][  0]LogInit: Texture streaming: Enabled
[2019.03.28-11.59.13:465][  0]LogEngineSessionManager: EngineSessionManager initialized
[2019.03.28-11.59.13:479][  0]LogInit: Transaction tracking system initialized
[2019.03.28-11.59.13:496][  0]BlueprintLog: New page: Editor Load
[2019.03.28-11.59.13:561][  0]LocalizationService: Localization service is disabled
[2019.03.28-11.59.13:964][  0]LogCook: Display: Max memory allowance for cook 16384mb min free memory 0mb
[2019.03.28-11.59.13:964][  0]LogCook: Display: Mobile HDR setting 1
[2019.03.28-11.59.13:964][  0]LogGameplayTags: Display: UGameplayTagsManager::DoneAddingNativeTags. DelegateIsBound: 0
[2019.03.28-11.59.13:964][  0]LogStats: UGameplayTagsManager::ConstructGameplayTagTree: ImportINI prefixes -  0.000 s
[2019.03.28-11.59.13:964][  0]LogStats: UGameplayTagsManager::ConstructGameplayTagTree: Construct from data asset -  0.000 s
[2019.03.28-11.59.13:964][  0]LogStats: UGameplayTagsManager::ConstructGameplayTagTree: ImportINI -  0.000 s
[2019.03.28-11.59.13:964][  0]LogStats: UGameplayTagsManager::ConstructGameplayTagTree: GameplayTagTreeChangedEvent.Broadcast -  0.000 s
[2019.03.28-11.59.14:085][  0]LogFileCache: Scanning file cache for directory 'D:/Program Files (x86)/ProjetNeo/VVirtual/VVIRTUAL/Content/' took 0.01s
[2019.03.28-11.59.14:085][  0]SourceControl: Source control is disabled
[2019.03.28-11.59.14:085][  0]Cmd: MAP LOAD FILE="../../../../../ProjetNeo/VVirtual/VVIRTUAL/Content/FirstPersonBP/Maps/FirstPersonExampleMap.umap" TEMPLATE=0 SHOWPROGRESS=1 FEATURELEVEL=3
[2019.03.28-11.59.14:085][  0]LightingResults: New page: Lighting Build
[2019.03.28-11.59.14:087][  0]MapCheck: New page: Map Check
[2019.03.28-11.59.14:087][  0]LightingResults: New page: Lighting Build
[2019.03.28-11.59.14:689][  0]LogAIModule: Creating AISystem for world FirstPersonExampleMap
[2019.03.28-11.59.14:703][  0]LogEditorServer: Finished looking for orphan Actors (0.000 secs)
[2019.03.28-11.59.14:726][  0]Cmd: MAP CHECKDEP NOCLEARLOG
[2019.03.28-11.59.14:813][  0]MapCheck: Map check complete: 0 Error(s), 0 Warning(s), took 86,654ms to complete.
[2019.03.28-11.59.14:813][  0]LogFileHelpers: Loading map 'FirstPersonExampleMap' took 0.728
[2019.03.28-11.59.15:006][  0]LogSlate: Updating window title bar state: overlay mode, drag disabled, window buttons hidden, title bar hidden
[2019.03.28-11.59.15:016][  0]LogSlate: Updating window title bar state: overlay mode, drag disabled, window buttons hidden, title bar hidden
[2019.03.28-11.59.15:026][  0]LogSlate: Updating window title bar state: overlay mode, drag disabled, window buttons hidden, title bar hidden
[2019.03.28-11.59.15:035][  0]LogSlate: Updating window title bar state: overlay mode, drag disabled, window buttons hidden, title bar hidden
[2019.03.28-11.59.15:041][  0]LogCollectionManager: Loaded 0 collections in 0.001286 seconds
[2019.03.28-11.59.15:082][  0]LogFileCache: Scanning file cache for directory 'D:/Program Files (x86)/ProjetNeo/VVirtual/VVIRTUAL/Saved/Collections/' took 0.01s
[2019.03.28-11.59.15:082][  0]LogFileCache: Scanning file cache for directory 'D:/Program Files (x86)/ProjetNeo/VVirtual/VVIRTUAL/Content/Developers/Davo/Collections/' took 0.01s
[2019.03.28-11.59.15:082][  0]LogFileCache: Scanning file cache for directory 'D:/Program Files (x86)/ProjetNeo/VVirtual/VVIRTUAL/Content/Collections/' took 0.01s
[2019.03.28-11.59.15:082][  0]LogCollectionManager: Rebuilt the GUID cache for 0 collections in 0.000000 seconds
[2019.03.28-11.59.15:092][  0]LogContentBrowser: Native class hierarchy populated in 0.0105 seconds. Added 2572 classes and 603 folders.
[2019.03.28-11.59.15:099][  0]LogContentBrowser: Native class hierarchy updated for 'WidgetCarousel' in 0.0003 seconds. Added 0 classes and 0 folders.
[2019.03.28-11.59.15:171][  0]LogContentBrowser: Native class hierarchy updated for 'AddContentDialog' in 0.0003 seconds. Added 0 classes and 0 folders.
[2019.03.28-11.59.15:175][  0]LogContentBrowser: Native class hierarchy updated for 'SceneOutliner' in 0.0003 seconds. Added 1 classes and 2 folders.
[2019.03.28-11.59.15:379][  0]LogSlate: Took 0.000255 seconds to synchronously load lazily loaded font '../../../Engine/Content/Slate/Fonts/Roboto-Regular.ttf' (155K)
[2019.03.28-11.59.15:380][  0]LogSlate: Took 0.000241 seconds to synchronously load lazily loaded font '../../../Engine/Content/Slate/Fonts/Roboto-Bold.ttf' (160K)
[2019.03.28-11.59.15:394][  0]LogSlate: Took 0.000550 seconds to synchronously load lazily loaded font '../../../Engine/Content/Editor/Slate/Fonts/FontAwesome.ttf' (139K)
[2019.03.28-11.59.15:494][  0]LogRenderer: Reallocating scene render targets to support 788x468 Format 10 NumSamples 1 (Frame:1).
[2019.03.28-11.59.15:752][  0]LogContentBrowser: Native class hierarchy updated for 'HierarchicalLODOutliner' in 0.0003 seconds. Added 0 classes and 0 folders.
[2019.03.28-11.59.15:752][  0]LogLoad: (Engine Initialization) Total time: 10.90 seconds
[2019.03.28-11.59.15:752][  0]LogLoad: (Engine Initialization) Total Blueprint compile time: 0.00 seconds
[2019.03.28-11.59.15:798][  0]LogContentStreaming: Texture pool size now 1000 MB
[2019.03.28-11.59.15:810][  0]LogSlate: Took 0.000233 seconds to synchronously load lazily loaded font '../../../Engine/Content/Slate/Fonts/Roboto-Light.ttf' (167K)
[2019.03.28-11.59.15:827][  1]LogAssetRegistry: Asset discovery search completed in 6.1169 seconds
[2019.03.28-11.59.15:829][  1]LogCollectionManager: Rebuilt the object cache for 0 collections in 0.000000 seconds (found 0 objects)
[2019.03.28-11.59.15:829][  1]LogCollectionManager: Fixed up redirectors for 0 collections in 0.000048 seconds (updated 0 objects)
[2019.03.28-11.59.20:330][262]LogSlate: FSceneViewport::OnFocusLost() reason 0
[2019.03.28-11.59.23:514][444]LogSlate: Took 0.000278 seconds to synchronously load lazily loaded font '../../../Engine/Content/Slate/Fonts/Roboto-Light.ttf' (167K)
[2019.03.28-11.59.23:529][444]LogAssetEditorManager: Opening Asset editor for Blueprint /Game/FirstPersonBP/Blueprints/FirstPersonCharacter.FirstPersonCharacter
[2019.03.28-11.59.24:152][444]LogContentBrowser: Native class hierarchy updated for 'BlueprintGraph' in 0.0011 seconds. Added 116 classes and 0 folders.
[2019.03.28-11.59.25:284][444]LogSlate: Took 0.000286 seconds to synchronously load lazily loaded font '../../../Engine/Content/Slate/Fonts/Roboto-BoldCondensed.ttf' (158K)
[2019.03.28-11.59.25:630][445]LogSlate: Took 0.000312 seconds to synchronously load lazily loaded font '../../../Engine/Content/Slate/Fonts/Roboto-Italic.ttf' (157K)
[2019.03.28-11.59.46:024][412]LogScript: Warning: Attempted to access TRASH_SkeletalMeshComponent_56 via property FP_Gun, but TRASH_SkeletalMeshComponent_56 is pending kill
	FirstPersonCharacter_C /Game/FirstPersonBP/Maps/FirstPersonExampleMap.FirstPersonExampleMap:PersistentLevel.FirstPersonCharacter_C_1
	Function /Game/FirstPersonBP/Blueprints/FirstPersonCharacter.FirstPersonCharacter_C:UserConstructionScript:0017
[2019.03.28-11.59.46:027][412]LogScript: Warning: Attempted to access TRASH_SkeletalMeshComponent_48 via property FP_Gun, but TRASH_SkeletalMeshComponent_48 is pending kill
	FirstPersonCharacter_C /Engine/Transient.World_1:PersistentLevel.FirstPersonCharacter_C_0
	Function /Game/FirstPersonBP/Blueprints/FirstPersonCharacter.FirstPersonCharacter_C:UserConstructionScript:0017
[2019.03.28-11.59.46:028][412]LogScript: Warning: Attempted to access TRASH_SkeletalMeshComponent_48 via property FP_Gun, but TRASH_SkeletalMeshComponent_48 is pending kill
	FirstPersonCharacter_C /Engine/Transient.World_2:PersistentLevel.FirstPersonCharacter_C_0
	Function /Game/FirstPersonBP/Blueprints/FirstPersonCharacter.FirstPersonCharacter_C:UserConstructionScript:0017
[2019.03.28-11.59.53:097][777]LogScript: Warning: Attempted to access TRASH_SkeletalMeshComponent_48 via property FP_Gun, but TRASH_SkeletalMeshComponent_48 is pending kill
	FirstPersonCharacter_C /Engine/Transient.World_2:PersistentLevel.FirstPersonCharacter_C_0
	Function /Game/FirstPersonBP/Blueprints/FirstPersonCharacter.FirstPersonCharacter_C:UserConstructionScript:0017
[2019.03.28-11.59.53:128][778]LogRenderer: Reallocating scene render targets to support 872x540 Format 10 NumSamples 1 (Frame:1).
[2019.03.28-11.59.58:256][ 46]LogScript: Warning: Attempted to access TRASH_SkeletalMeshComponent_56 via property FP_Gun, but TRASH_SkeletalMeshComponent_56 is pending kill
	FirstPersonCharacter_C /Game/FirstPersonBP/Maps/FirstPersonExampleMap.FirstPersonExampleMap:PersistentLevel.FirstPersonCharacter_C_1
	Function /Game/FirstPersonBP/Blueprints/FirstPersonCharacter.FirstPersonCharacter_C:UserConstructionScript:0017
[2019.03.28-11.59.58:259][ 46]LogScript: Warning: Attempted to access TRASH_SkeletalMeshComponent_48 via property FP_Gun, but TRASH_SkeletalMeshComponent_48 is pending kill
	FirstPersonCharacter_C /Engine/Transient.World_1:PersistentLevel.FirstPersonCharacter_C_0
	Function /Game/FirstPersonBP/Blueprints/FirstPersonCharacter.FirstPersonCharacter_C:UserConstructionScript:0017
[2019.03.28-11.59.58:260][ 46]LogScript: Warning: Attempted to access TRASH_SkeletalMeshComponent_48 via property FP_Gun, but TRASH_SkeletalMeshComponent_48 is pending kill
	FirstPersonCharacter_C /Engine/Transient.World_2:PersistentLevel.FirstPersonCharacter_C_0
	Function /Game/FirstPersonBP/Blueprints/FirstPersonCharacter.FirstPersonCharacter_C:UserConstructionScript:0017
[2019.03.28-11.59.58:305][ 46]LogScript: Warning: Attempted to access TRASH_SkeletalMeshComponent_48 via property FP_Gun, but TRASH_SkeletalMeshComponent_48 is pending kill
	FirstPersonCharacter_C /Engine/Transient.World_2:PersistentLevel.FirstPersonCharacter_C_0
	Function /Game/FirstPersonBP/Blueprints/FirstPersonCharacter.FirstPersonCharacter_C:UserConstructionScript:0017
[2019.03.28-11.59.59:069][ 87]LogScript: Warning: Attempted to access TRASH_SkeletalMeshComponent_56 via property FP_Gun, but TRASH_SkeletalMeshComponent_56 is pending kill
	FirstPersonCharacter_C /Game/FirstPersonBP/Maps/FirstPersonExampleMap.FirstPersonExampleMap:PersistentLevel.FirstPersonCharacter_C_1
	Function /Game/FirstPersonBP/Blueprints/FirstPersonCharacter.FirstPersonCharacter_C:UserConstructionScript:0017
[2019.03.28-11.59.59:072][ 87]LogScript: Warning: Attempted to access TRASH_SkeletalMeshComponent_48 via property FP_Gun, but TRASH_SkeletalMeshComponent_48 is pending kill
	FirstPersonCharacter_C /Engine/Transient.World_1:PersistentLevel.FirstPersonCharacter_C_0
	Function /Game/FirstPersonBP/Blueprints/FirstPersonCharacter.FirstPersonCharacter_C:UserConstructionScript:0017
[2019.03.28-11.59.59:073][ 87]LogScript: Warning: Attempted to access TRASH_SkeletalMeshComponent_48 via property FP_Gun, but TRASH_SkeletalMeshComponent_48 is pending kill
	FirstPersonCharacter_C /Engine/Transient.World_2:PersistentLevel.FirstPersonCharacter_C_0
	Function /Game/FirstPersonBP/Blueprints/FirstPersonCharacter.FirstPersonCharacter_C:UserConstructionScript:0017
[2019.03.28-11.59.59:117][ 87]LogScript: Warning: Attempted to access TRASH_SkeletalMeshComponent_48 via property FP_Gun, but TRASH_SkeletalMeshComponent_48 is pending kill
	FirstPersonCharacter_C /Engine/Transient.World_2:PersistentLevel.FirstPersonCharacter_C_0
	Function /Game/FirstPersonBP/Blueprints/FirstPersonCharacter.FirstPersonCharacter_C:UserConstructionScript:0017
[2019.03.28-11.59.59:861][126]LogScript: Warning: Attempted to access TRASH_SkeletalMeshComponent_56 via property FP_Gun, but TRASH_SkeletalMeshComponent_56 is pending kill
	FirstPersonCharacter_C /Game/FirstPersonBP/Maps/FirstPersonExampleMap.FirstPersonExampleMap:PersistentLevel.FirstPersonCharacter_C_1
	Function /Game/FirstPersonBP/Blueprints/FirstPersonCharacter.FirstPersonCharacter_C:UserConstructionScript:0017
[2019.03.28-11.59.59:864][126]LogScript: Warning: Attempted to access TRASH_SkeletalMeshComponent_48 via property FP_Gun, but TRASH_SkeletalMeshComponent_48 is pending kill
	FirstPersonCharacter_C /Engine/Transient.World_1:PersistentLevel.FirstPersonCharacter_C_0
	Function /Game/FirstPersonBP/Blueprints/FirstPersonCharacter.FirstPersonCharacter_C:UserConstructionScript:0017
[2019.03.28-11.59.59:865][126]LogScript: Warning: Attempted to access TRASH_SkeletalMeshComponent_48 via property FP_Gun, but TRASH_SkeletalMeshComponent_48 is pending kill
	FirstPersonCharacter_C /Engine/Transient.World_2:PersistentLevel.FirstPersonCharacter_C_0
	Function /Game/FirstPersonBP/Blueprints/FirstPersonCharacter.FirstPersonCharacter_C:UserConstructionScript:0017
[2019.03.28-11.59.59:906][126]LogScript: Warning: Attempted to access TRASH_SkeletalMeshComponent_48 via property FP_Gun, but TRASH_SkeletalMeshComponent_48 is pending kill
	FirstPersonCharacter_C /Engine/Transient.World_2:PersistentLevel.FirstPersonCharacter_C_0
	Function /Game/FirstPersonBP/Blueprints/FirstPersonCharacter.FirstPersonCharacter_C:UserConstructionScript:0017
[2019.03.28-12.00.00:609][163]LogScript: Warning: Attempted to access TRASH_SkeletalMeshComponent_56 via property FP_Gun, but TRASH_SkeletalMeshComponent_56 is pending kill
	FirstPersonCharacter_C /Game/FirstPersonBP/Maps/FirstPersonExampleMap.FirstPersonExampleMap:PersistentLevel.FirstPersonCharacter_C_1
	Function /Game/FirstPersonBP/Blueprints/FirstPersonCharacter.FirstPersonCharacter_C:UserConstructionScript:0017
[2019.03.28-12.00.00:612][163]LogScript: Warning: Attempted to access TRASH_SkeletalMeshComponent_48 via property FP_Gun, but TRASH_SkeletalMeshComponent_48 is pending kill
	FirstPersonCharacter_C /Engine/Transient.World_1:PersistentLevel.FirstPersonCharacter_C_0
	Function /Game/FirstPersonBP/Blueprints/FirstPersonCharacter.FirstPersonCharacter_C:UserConstructionScript:0017
[2019.03.28-12.00.00:613][163]LogScript: Warning: Attempted to access TRASH_SkeletalMeshComponent_48 via property FP_Gun, but TRASH_SkeletalMeshComponent_48 is pending kill
	FirstPersonCharacter_C /Engine/Transient.World_2:PersistentLevel.FirstPersonCharacter_C_0
	Function /Game/FirstPersonBP/Blueprints/FirstPersonCharacter.FirstPersonCharacter_C:UserConstructionScript:0017
[2019.03.28-12.00.00:655][163]LogScript: Warning: Attempted to access TRASH_SkeletalMeshComponent_48 via property FP_Gun, but TRASH_SkeletalMeshComponent_48 is pending kill
	FirstPersonCharacter_C /Engine/Transient.World_2:PersistentLevel.FirstPersonCharacter_C_0
	Function /Game/FirstPersonBP/Blueprints/FirstPersonCharacter.FirstPersonCharacter_C:UserConstructionScript:0017
[2019.03.28-12.00.01:403][204]BlueprintLog: New page: Compile FirstPersonCharacter
[2019.03.28-12.00.01:423][204]LogBlueprint: Error: [Compiler FirstPersonCharacter] This blueprint (self) is not a SceneComponent, therefore ' Target ' must have a connection.
[2019.03.28-12.00.01:604][204]LogBlueprint: Warning: [Compiler FirstPersonCharacter] [0056,75] Compile of FirstPersonCharacter failed. 1 Fatal Issue(s) 0 Warning(s) [in 200 ms] (/Game/FirstPersonBP/Blueprints/FirstPersonCharacter.FirstPersonCharacter)
[2019.03.28-12.00.06:033][449]BlueprintLog: New page: Compile FirstPersonCharacter
[2019.03.28-12.00.06:758][467]LogSavePackage: Moving '../../../../../ProjetNeo/VVirtual/VVIRTUAL/Saved/FirstPersonCharacter7E1469F34A0B9298135BE8BB7D1E895E.tmp' to '../../../../../ProjetNeo/VVirtual/VVIRTUAL/Content/FirstPersonBP/Blueprints/FirstPersonCharacter.uasset'
[2019.03.28-12.00.08:773][586]LogTemp: Repeating last play command: Selected Viewport
[2019.03.28-12.00.08:798][586]LogBlueprintUserMessages: Early PlayInEditor Detection: Level '/Game/FirstPersonBP/Maps/FirstPersonExampleMap.FirstPersonExampleMap:PersistentLevel' has LevelScriptBlueprint '/Game/FirstPersonBP/Maps/FirstPersonExampleMap.FirstPersonExampleMap:PersistentLevel.FirstPersonExampleMap' with GeneratedClass '/Game/FirstPersonBP/Maps/FirstPersonExampleMap.FirstPersonExampleMap_C' with ClassGeneratedBy '/Game/FirstPersonBP/Maps/FirstPersonExampleMap.FirstPersonExampleMap:PersistentLevel.FirstPersonExampleMap'
[2019.03.28-12.00.08:798][586]LogPlayLevel: PlayLevel: No blueprints needed recompiling
[2019.03.28-12.00.08:810][586]PIE: New page: PIE session: FirstPersonExampleMap (28 mars 2019 14:00:08)
[2019.03.28-12.00.08:810][586]LogPlayLevel: Creating play world package: /Game/FirstPersonBP/Maps/UEDPIE_0_FirstPersonExampleMap
[2019.03.28-12.00.08:864][586]LogPlayLevel: PIE: StaticDuplicateObject took: (0.053063s)
[2019.03.28-12.00.08:865][586]LogAIModule: Creating AISystem for world FirstPersonExampleMap
[2019.03.28-12.00.08:865][586]LogPlayLevel: PIE: World Init took: (0.001627s)
[2019.03.28-12.00.08:865][586]LogPlayLevel: PIE: Created PIE world by copying editor world from /Game/FirstPersonBP/Maps/FirstPersonExampleMap.FirstPersonExampleMap to /Game/FirstPersonBP/Maps/UEDPIE_0_FirstPersonExampleMap.FirstPersonExampleMap (0.054993s)
[2019.03.28-12.00.09:014][586]LogInit: XAudio2 using 'Haut-parleurs (Sound Blaster Recon3Di)' : 2 channels at 48 kHz using 32 bits per sample (channel mask 0x3)
[2019.03.28-12.00.09:030][586]LogInit: FAudioDevice initialized.
[2019.03.28-12.00.09:070][586]LogLoad: Game class is 'FirstPersonGameMode_C'
[2019.03.28-12.00.09:072][586]LogWorld: Bringing World /Game/FirstPersonBP/Maps/UEDPIE_0_FirstPersonExampleMap.FirstPersonExampleMap up for play (max tick rate 60) at 2019.03.28-13.00.09
[2019.03.28-12.00.09:073][586]LogWorld: Bringing up level for play took: 0.001531
[2019.03.28-12.00.09:088][586]LogContentBrowser: Native class hierarchy updated for 'MovieSceneCapture' in 0.0003 seconds. Added 10 classes and 0 folders.
[2019.03.28-12.00.09:089][586]PIE: Play in editor start time for /Game/FirstPersonBP/Maps/UEDPIE_0_FirstPersonExampleMap 1,087
[2019.03.28-12.00.09:089][586]LogBlueprintUserMessages: Late PlayInEditor Detection: Level '/Game/FirstPersonBP/Maps/FirstPersonExampleMap.FirstPersonExampleMap:PersistentLevel' has LevelScriptBlueprint '/Game/FirstPersonBP/Maps/FirstPersonExampleMap.FirstPersonExampleMap:PersistentLevel.FirstPersonExampleMap' with GeneratedClass '/Game/FirstPersonBP/Maps/FirstPersonExampleMap.FirstPersonExampleMap_C' with ClassGeneratedBy '/Game/FirstPersonBP/Maps/FirstPersonExampleMap.FirstPersonExampleMap:PersistentLevel.FirstPersonExampleMap'
[2019.03.28-12.00.14:952][933]LogBlueprintUserMessages: Early EndPlayMap Detection: Level '/Game/FirstPersonBP/Maps/FirstPersonExampleMap.FirstPersonExampleMap:PersistentLevel' has LevelScriptBlueprint '/Game/FirstPersonBP/Maps/FirstPersonExampleMap.FirstPersonExampleMap:PersistentLevel.FirstPersonExampleMap' with GeneratedClass '/Game/FirstPersonBP/Maps/FirstPersonExampleMap.FirstPersonExampleMap_C' with ClassGeneratedBy '/Game/FirstPersonBP/Maps/FirstPersonExampleMap.FirstPersonExampleMap:PersistentLevel.FirstPersonExampleMap'
[2019.03.28-12.00.14:952][933]LogSlate: Updating window title bar state: overlay mode, drag disabled, window buttons hidden, title bar hidden
[2019.03.28-12.00.14:986][933]LogPlayLevel: Display: Shutting down PIE online subsystems
[2019.03.28-12.00.14:986][933]LogBlueprintUserMessages: Late EndPlayMap Detection: Level '/Game/FirstPersonBP/Maps/FirstPersonExampleMap.FirstPersonExampleMap:PersistentLevel' has LevelScriptBlueprint '/Game/FirstPersonBP/Maps/FirstPersonExampleMap.FirstPersonExampleMap:PersistentLevel.FirstPersonExampleMap' with GeneratedClass '/Game/FirstPersonBP/Maps/FirstPersonExampleMap.FirstPersonExampleMap_C' with ClassGeneratedBy '/Game/FirstPersonBP/Maps/FirstPersonExampleMap.FirstPersonExampleMap:PersistentLevel.FirstPersonExampleMap'
[2019.03.28-12.00.15:014][933]LogSlate: Updating window title bar state: overlay mode, drag disabled, window buttons hidden, title bar hidden
[2019.03.28-12.00.15:180][935]LogPlayLevel: Display: Destroying online subsystem :Context_6
[2019.03.28-12.00.24:375][483]LogSlate: FSceneViewport::OnFocusLost() reason 0
[2019.03.28-12.00.28:097][541]LogSlate: Window 'Delete Assets' being destroyed
[2019.03.28-12.00.36:165][971]LogSlate: Took 0.005278 seconds to synchronously load lazily loaded font '../../../Engine/Content/Slate/Fonts/DroidSansFallback.ttf' (3848K)
[2019.03.28-12.00.55:128][ 99]LogSlate: FSceneViewport::OnFocusLost() reason 0
[2019.03.28-12.01.00:330][409]LogSlate: FSceneViewport::OnFocusLost() reason 2
[2019.03.28-12.01.04:125][636]LogSlate: FSceneViewport::OnFocusLost() reason 2
[2019.03.28-12.01.07:437][832]LogSlate: FSceneViewport::OnFocusLost() reason 2
[2019.03.28-12.01.08:974][923]LogSlate: FSceneViewport::OnFocusLost() reason 2
[2019.03.28-12.01.12:107][110]LogSlate: FSceneViewport::OnFocusLost() reason 2
[2019.03.28-12.01.16:948][400]LogTemp: Repeating last play command: Selected Viewport
[2019.03.28-12.01.16:960][400]LogBlueprintUserMessages: Early PlayInEditor Detection: Level '/Game/FirstPersonBP/Maps/FirstPersonExampleMap.FirstPersonExampleMap:PersistentLevel' has LevelScriptBlueprint '/Game/FirstPersonBP/Maps/FirstPersonExampleMap.FirstPersonExampleMap:PersistentLevel.FirstPersonExampleMap' with GeneratedClass '/Game/FirstPersonBP/Maps/FirstPersonExampleMap.FirstPersonExampleMap_C' with ClassGeneratedBy '/Game/FirstPersonBP/Maps/FirstPersonExampleMap.FirstPersonExampleMap:PersistentLevel.FirstPersonExampleMap'
[2019.03.28-12.01.16:961][400]LogPlayLevel: PlayLevel: No blueprints needed recompiling
[2019.03.28-12.01.16:961][400]PIE: New page: PIE session: FirstPersonExampleMap (28 mars 2019 14:01:16)
[2019.03.28-12.01.16:961][400]LogPlayLevel: Creating play world package: /Game/FirstPersonBP/Maps/UEDPIE_0_FirstPersonExampleMap
[2019.03.28-12.01.16:985][400]LogPlayLevel: PIE: StaticDuplicateObject took: (0.024643s)
[2019.03.28-12.01.16:986][400]LogAIModule: Creating AISystem for world FirstPersonExampleMap
[2019.03.28-12.01.16:986][400]LogPlayLevel: PIE: World Init took: (0.000839s)
[2019.03.28-12.01.16:986][400]LogPlayLevel: PIE: Created PIE world by copying editor world from /Game/FirstPersonBP/Maps/FirstPersonExampleMap.FirstPersonExampleMap to /Game/FirstPersonBP/Maps/UEDPIE_0_FirstPersonExampleMap.FirstPersonExampleMap (0.025648s)
[2019.03.28-12.01.17:031][400]LogInit: XAudio2 using 'Haut-parleurs (Sound Blaster Recon3Di)' : 2 channels at 48 kHz using 32 bits per sample (channel mask 0x3)
[2019.03.28-12.01.17:048][400]LogInit: FAudioDevice initialized.
[2019.03.28-12.01.17:077][400]LogLoad: Game class is 'FirstPersonGameMode_C'
[2019.03.28-12.01.17:079][400]LogWorld: Bringing World /Game/FirstPersonBP/Maps/UEDPIE_0_FirstPersonExampleMap.FirstPersonExampleMap up for play (max tick rate 60) at 2019.03.28-13.01.17
[2019.03.28-12.01.17:079][400]LogWorld: Bringing up level for play took: 0.001537
[2019.03.28-12.01.17:091][400]PIE: Play in editor start time for /Game/FirstPersonBP/Maps/UEDPIE_0_FirstPersonExampleMap 1,088
[2019.03.28-12.01.17:091][400]LogBlueprintUserMessages: Late PlayInEditor Detection: Level '/Game/FirstPersonBP/Maps/FirstPersonExampleMap.FirstPersonExampleMap:PersistentLevel' has LevelScriptBlueprint '/Game/FirstPersonBP/Maps/FirstPersonExampleMap.FirstPersonExampleMap:PersistentLevel.FirstPersonExampleMap' with GeneratedClass '/Game/FirstPersonBP/Maps/FirstPersonExampleMap.FirstPersonExampleMap_C' with ClassGeneratedBy '/Game/FirstPersonBP/Maps/FirstPersonExampleMap.FirstPersonExampleMap:PersistentLevel.FirstPersonExampleMap'
[2019.03.28-12.01.30:448][199]LogWindowsTextInputMethodSystem: Display: IME system now deactivated.
[2019.03.28-12.01.36:632][570]LogBlueprintUserMessages: Early EndPlayMap Detection: Level '/Game/FirstPersonBP/Maps/FirstPersonExampleMap.FirstPersonExampleMap:PersistentLevel' has LevelScriptBlueprint '/Game/FirstPersonBP/Maps/FirstPersonExampleMap.FirstPersonExampleMap:PersistentLevel.FirstPersonExampleMap' with GeneratedClass '/Game/FirstPersonBP/Maps/FirstPersonExampleMap.FirstPersonExampleMap_C' with ClassGeneratedBy '/Game/FirstPersonBP/Maps/FirstPersonExampleMap.FirstPersonExampleMap:PersistentLevel.FirstPersonExampleMap'
[2019.03.28-12.01.36:632][570]LogSlate: Updating window title bar state: overlay mode, drag disabled, window buttons hidden, title bar hidden
[2019.03.28-12.01.36:667][570]LogPlayLevel: Display: Shutting down PIE online subsystems
[2019.03.28-12.01.36:668][570]LogBlueprintUserMessages: Late EndPlayMap Detection: Level '/Game/FirstPersonBP/Maps/FirstPersonExampleMap.FirstPersonExampleMap:PersistentLevel' has LevelScriptBlueprint '/Game/FirstPersonBP/Maps/FirstPersonExampleMap.FirstPersonExampleMap:PersistentLevel.FirstPersonExampleMap' with GeneratedClass '/Game/FirstPersonBP/Maps/FirstPersonExampleMap.FirstPersonExampleMap_C' with ClassGeneratedBy '/Game/FirstPersonBP/Maps/FirstPersonExampleMap.FirstPersonExampleMap:PersistentLevel.FirstPersonExampleMap'
[2019.03.28-12.01.36:693][570]LogSlate: Updating window title bar state: overlay mode, drag disabled, window buttons hidden, title bar hidden
[2019.03.28-12.01.36:766][572]LogPlayLevel: Display: Destroying online subsystem :Context_8
[2019.03.28-12.01.37:889][638]LogSlate: FSceneViewport::OnFocusLost() reason 0
[2019.03.28-12.02.22:104][231]BlueprintLog: New page: Compile FirstPersonCharacter
[2019.03.28-12.02.30:647][699]LogSelectionDetails: Warning: NavigateToFunctionSource:  Unable to find symbols for 'ACharacter::Jump' [Élément introuvable.]
[2019.03.28-12.02.34:458][927]LogSelectionDetails: Warning: NavigateToFunctionSource:  Unable to find symbols for 'ACharacter::Jump' [Élément introuvable.]
[2019.03.28-12.02.42:023][363]LogSavePackage: Moving '../../../../../ProjetNeo/VVirtual/VVIRTUAL/Saved/FirstPersonCharacterAF86F45641373CCE7110DA85A941B279.tmp' to '../../../../../ProjetNeo/VVirtual/VVIRTUAL/Content/FirstPersonBP/Blueprints/FirstPersonCharacter.uasset'
[2019.03.28-12.02.43:198][432]LogSlate: FSceneViewport::OnFocusLost() reason 0
[2019.03.28-12.02.44:447][507]LogSlate: FSceneViewport::OnFocusLost() reason 0
[2019.03.28-12.02.44:513][511]LogTemp: Repeating last play command: Selected Viewport
[2019.03.28-12.02.44:537][511]LogBlueprintUserMessages: Early PlayInEditor Detection: Level '/Game/FirstPersonBP/Maps/FirstPersonExampleMap.FirstPersonExampleMap:PersistentLevel' has LevelScriptBlueprint '/Game/FirstPersonBP/Maps/FirstPersonExampleMap.FirstPersonExampleMap:PersistentLevel.FirstPersonExampleMap' with GeneratedClass '/Game/FirstPersonBP/Maps/FirstPersonExampleMap.FirstPersonExampleMap_C' with ClassGeneratedBy '/Game/FirstPersonBP/Maps/FirstPersonExampleMap.FirstPersonExampleMap:PersistentLevel.FirstPersonExampleMap'
[2019.03.28-12.02.44:537][511]LogPlayLevel: PlayLevel: No blueprints needed recompiling
[2019.03.28-12.02.44:538][511]PIE: New page: PIE session: FirstPersonExampleMap (28 mars 2019 14:02:44)
[2019.03.28-12.02.44:538][511]LogPlayLevel: Creating play world package: /Game/FirstPersonBP/Maps/UEDPIE_0_FirstPersonExampleMap
[2019.03.28-12.02.44:562][511]LogPlayLevel: PIE: StaticDuplicateObject took: (0.023854s)
[2019.03.28-12.02.44:562][511]LogAIModule: Creating AISystem for world FirstPersonExampleMap
[2019.03.28-12.02.44:562][511]LogPlayLevel: PIE: World Init took: (0.000711s)
[2019.03.28-12.02.44:562][511]LogPlayLevel: PIE: Created PIE world by copying editor world from /Game/FirstPersonBP/Maps/FirstPersonExampleMap.FirstPersonExampleMap to /Game/FirstPersonBP/Maps/UEDPIE_0_FirstPersonExampleMap.FirstPersonExampleMap (0.024723s)
[2019.03.28-12.02.44:595][511]LogInit: XAudio2 using 'Haut-parleurs (Sound Blaster Recon3Di)' : 2 channels at 48 kHz using 32 bits per sample (channel mask 0x3)
[2019.03.28-12.02.44:611][511]LogInit: FAudioDevice initialized.
[2019.03.28-12.02.44:641][511]LogLoad: Game class is 'FirstPersonGameMode_C'
[2019.03.28-12.02.44:644][511]LogWorld: Bringing World /Game/FirstPersonBP/Maps/UEDPIE_0_FirstPersonExampleMap.FirstPersonExampleMap up for play (max tick rate 60) at 2019.03.28-13.02.44
[2019.03.28-12.02.44:644][511]LogWorld: Bringing up level for play took: 0.001708
[2019.03.28-12.02.44:656][511]PIE: Play in editor start time for /Game/FirstPersonBP/Maps/UEDPIE_0_FirstPersonExampleMap 0,649
[2019.03.28-12.02.44:656][511]LogBlueprintUserMessages: Late PlayInEditor Detection: Level '/Game/FirstPersonBP/Maps/FirstPersonExampleMap.FirstPersonExampleMap:PersistentLevel' has LevelScriptBlueprint '/Game/FirstPersonBP/Maps/FirstPersonExampleMap.FirstPersonExampleMap:PersistentLevel.FirstPersonExampleMap' with GeneratedClass '/Game/FirstPersonBP/Maps/FirstPersonExampleMap.FirstPersonExampleMap_C' with ClassGeneratedBy '/Game/FirstPersonBP/Maps/FirstPersonExampleMap.FirstPersonExampleMap:PersistentLevel.FirstPersonExampleMap'
[2019.03.28-12.02.58:006][310]LogBlueprintUserMessages: Early EndPlayMap Detection: Level '/Game/FirstPersonBP/Maps/FirstPersonExampleMap.FirstPersonExampleMap:PersistentLevel' has LevelScriptBlueprint '/Game/FirstPersonBP/Maps/FirstPersonExampleMap.FirstPersonExampleMap:PersistentLevel.FirstPersonExampleMap' with GeneratedClass '/Game/FirstPersonBP/Maps/FirstPersonExampleMap.FirstPersonExampleMap_C' with ClassGeneratedBy '/Game/FirstPersonBP/Maps/FirstPersonExampleMap.FirstPersonExampleMap:PersistentLevel.FirstPersonExampleMap'
[2019.03.28-12.02.58:006][310]LogSlate: Updating window title bar state: overlay mode, drag disabled, window buttons hidden, title bar hidden
[2019.03.28-12.02.58:045][310]LogPlayLevel: Display: Shutting down PIE online subsystems
[2019.03.28-12.02.58:046][310]LogBlueprintUserMessages: Late EndPlayMap Detection: Level '/Game/FirstPersonBP/Maps/FirstPersonExampleMap.FirstPersonExampleMap:PersistentLevel' has LevelScriptBlueprint '/Game/FirstPersonBP/Maps/FirstPersonExampleMap.FirstPersonExampleMap:PersistentLevel.FirstPersonExampleMap' with GeneratedClass '/Game/FirstPersonBP/Maps/FirstPersonExampleMap.FirstPersonExampleMap_C' with ClassGeneratedBy '/Game/FirstPersonBP/Maps/FirstPersonExampleMap.FirstPersonExampleMap:PersistentLevel.FirstPersonExampleMap'
[2019.03.28-12.02.58:078][310]LogSlate: Updating window title bar state: overlay mode, drag disabled, window buttons hidden, title bar hidden
[2019.03.28-12.02.58:249][311]LogPlayLevel: Display: Destroying online subsystem :Context_9
[2019.03.28-12.02.59:881][403]LogSlate: FSceneViewport::OnFocusLost() reason 0
[2019.03.28-12.03.00:253][408]LogSavePackage: Moving '../../../../../ProjetNeo/VVirtual/VVIRTUAL/Saved/FirstPersonExampleMapC99F2FB54D6AB8A802F513BE63E83D73.tmp' to '../../../../../ProjetNeo/VVirtual/VVIRTUAL/Content/FirstPersonBP/Maps/FirstPersonExampleMap.umap'
[2019.03.28-12.03.02:130][408]LogSavePackage: Moving '../../../../../ProjetNeo/VVirtual/VVIRTUAL/Saved/FirstPersonExampleMap_BuiltDataA2BED3E14FA053C2D5F539BB956A3AB4.tmp' to '../../../../../ProjetNeo/VVirtual/VVIRTUAL/Content/FirstPersonBP/Maps/FirstPersonExampleMap_BuiltData.uasset'
[2019.03.28-12.03.03:029][456]LogSlate: FSceneViewport::OnFocusLost() reason 0
[2019.03.28-12.03.03:213][461]LogSlate: Window 'FirstPersonCharacter' being destroyed
[2019.03.28-12.03.03:297][461]LogSlate: Window 'VVIRTUAL - Unreal Editor' being destroyed
[2019.03.28-12.03.03:574][462]Cmd: QUIT_EDITOR
[2019.03.28-12.03.03:654][462]LogExit: Preparing to exit.
[2019.03.28-12.03.04:543][462]LogExit: Editor shut down
[2019.03.28-12.03.04:544][462]LogExit: Transaction tracking system shut down
[2019.03.28-12.03.05:203][462]LogExit: Object subsystem successfully closed.
[2019.03.28-12.03.05:216][462]LogShaderCompilers: Display: Shaders left to compile 0
[2019.03.28-12.03.05:220][462]LogD3D11RHI: Shutdown
[2019.03.28-12.03.05:220][462]LogD3D11RHI: CleanupD3DDevice
[2019.03.28-12.03.05:225][462]LogD3D11RHI: ~FD3D11DynamicRHI
[2019.03.28-12.03.05:236][462]LogModuleManager: Shutting down and abandoning module MovieSceneCapture (616)
[2019.03.28-12.03.05:236][462]LogModuleManager: Shutting down and abandoning module Voice (614)
[2019.03.28-12.03.05:236][462]LogModuleManager: Shutting down and abandoning module BlueprintGraph (612)
[2019.03.28-12.03.05:236][462]LogModuleManager: Shutting down and abandoning module HierarchicalLODOutliner (610)
[2019.03.28-12.03.05:236][462]LogModuleManager: Shutting down and abandoning module SceneOutliner (608)
[2019.03.28-12.03.05:236][462]LogModuleManager: Shutting down and abandoning module AddContentDialog (606)
[2019.03.28-12.03.05:236][462]LogModuleManager: Shutting down and abandoning module WidgetCarousel (605)
[2019.03.28-12.03.05:236][462]LogModuleManager: Shutting down and abandoning module EditorWidgets (602)
[2019.03.28-12.03.05:236][462]LogModuleManager: Shutting down and abandoning module CollectionManager (600)
[2019.03.28-12.03.05:236][462]LogModuleManager: Shutting down and abandoning module StatsViewer (598)
[2019.03.28-12.03.05:236][462]LogModuleManager: Shutting down and abandoning module FoliageEdit (596)
[2019.03.28-12.03.05:236][462]LogModuleManager: Shutting down and abandoning module LandscapeEditor (594)
[2019.03.28-12.03.05:237][462]LogModuleManager: Shutting down and abandoning module MeshPaintMode (592)
[2019.03.28-12.03.05:237][462]LogModuleManager: Shutting down and abandoning module SceneDepthPickerMode (590)
[2019.03.28-12.03.05:237][462]LogModuleManager: Shutting down and abandoning module ActorPickerMode (588)
[2019.03.28-12.03.05:237][462]LogModuleManager: Shutting down and abandoning module GeometryMode (586)
[2019.03.28-12.03.05:237][462]LogModuleManager: Shutting down and abandoning module TextureAlignMode (584)
[2019.03.28-12.03.05:237][462]LogModuleManager: Shutting down and abandoning module BspMode (582)
[2019.03.28-12.03.05:237][462]LogModuleManager: Shutting down and abandoning module PIEPreviewDeviceProfileSelector (580)
[2019.03.28-12.03.05:237][462]LogModuleManager: Shutting down and abandoning module SequenceRecorderSections (578)
[2019.03.28-12.03.05:237][462]LogModuleManager: Shutting down and abandoning module AutomationWorker (576)
[2019.03.28-12.03.05:237][462]LogModuleManager: Shutting down and abandoning module AudioCaptureEditor (574)
[2019.03.28-12.03.05:237][462]LogModuleManager: Shutting down and abandoning module SequenceRecorder (573)
[2019.03.28-12.03.05:237][462]LogModuleManager: Shutting down and abandoning module MatineeToLevelSequence (570)
[2019.03.28-12.03.05:237][462]LogModuleManager: Shutting down and abandoning module LevelSequenceEditor (568)
[2019.03.28-12.03.05:237][462]LogModuleManager: Shutting down and abandoning module PlacementMode (567)
[2019.03.28-12.03.05:237][462]LogModuleManager: Shutting down and abandoning module MaterialEditor (566)
[2019.03.28-12.03.05:237][462]LogModuleManager: Shutting down and abandoning module WmfMediaFactory (562)
[2019.03.28-12.03.05:237][462]LogModuleManager: Shutting down and abandoning module WmfMediaEditor (560)
[2019.03.28-12.03.05:237][462]LogModuleManager: Shutting down and abandoning module MediaPlayerEditor (558)
[2019.03.28-12.03.05:237][462]LogModuleManager: Shutting down and abandoning module OpenExrWrapper (556)
[2019.03.28-12.03.05:237][462]LogModuleManager: Shutting down and abandoning module ImgMediaFactory (554)
[2019.03.28-12.03.05:237][462]LogModuleManager: Shutting down and abandoning module ImgMediaEditor (552)
[2019.03.28-12.03.05:237][462]LogModuleManager: Shutting down and abandoning module AvfMediaFactory (550)
[2019.03.28-12.03.05:237][462]LogModuleManager: Shutting down and abandoning module AvfMediaEditor (548)
[2019.03.28-12.03.05:237][462]LogModuleManager: Shutting down and abandoning module AndroidMediaFactory (546)
[2019.03.28-12.03.05:237][462]LogModuleManager: Shutting down and abandoning module AndroidMediaEditor (544)
[2019.03.28-12.03.05:237][462]LogModuleManager: Shutting down and abandoning module MagicLeapCameraPreviewFactory (542)
[2019.03.28-12.03.05:237][462]LogModuleManager: Shutting down and abandoning module MagicLeapMediaFactory (540)
[2019.03.28-12.03.05:237][462]LogModuleManager: Shutting down and abandoning module MagicLeapMediaEditor (538)
[2019.03.28-12.03.05:237][462]LogModuleManager: Shutting down and abandoning module CharacterAI (536)
[2019.03.28-12.03.05:237][462]LogModuleManager: Shutting down and abandoning module SmartSnapping (534)
[2019.03.28-12.03.05:237][462]LogModuleManager: Shutting down and abandoning module SessionServices (532)
[2019.03.28-12.03.05:237][462]LogModuleManager: Shutting down and abandoning module ViewportSnapping (530)
[2019.03.28-12.03.05:237][462]LogModuleManager: Shutting down and abandoning module ViewportInteraction (528)
[2019.03.28-12.03.05:237][462]LogModuleManager: Shutting down and abandoning module ClothPainter (526)
[2019.03.28-12.03.05:237][462]LogModuleManager: Shutting down and abandoning module SkeletalMeshEditor (525)
[2019.03.28-12.03.05:237][462]LogModuleManager: Shutting down and abandoning module LogVisualizer (522)
[2019.03.28-12.03.05:238][462]LogModuleManager: Shutting down and abandoning module IntroTutorials (520)
[2019.03.28-12.03.05:238][462]LogModuleManager: Shutting down and abandoning module GameProjectGeneration (519)
[2019.03.28-12.03.05:238][462]LogModuleManager: Shutting down and abandoning module LuminPlatformEditor (516)
[2019.03.28-12.03.05:238][462]LogModuleManager: Shutting down and abandoning module IOSPlatformEditor (514)
[2019.03.28-12.03.05:238][462]LogModuleManager: Shutting down and abandoning module HTML5PlatformEditor (512)
[2019.03.28-12.03.05:238][462]LogModuleManager: Shutting down and abandoning module AndroidPlatformEditor (510)
[2019.03.28-12.03.05:238][462]LogModuleManager: Shutting down and abandoning module AndroidDeviceDetection (509)
[2019.03.28-12.03.05:610][462]LogModuleManager: Shutting down and abandoning module WindowsPlatformEditor (506)
[2019.03.28-12.03.05:610][462]LogModuleManager: Shutting down and abandoning module LuminRuntimeSettings (504)
[2019.03.28-12.03.05:610][462]LogModuleManager: Shutting down and abandoning module IOSRuntimeSettings (502)
[2019.03.28-12.03.05:610][462]LogModuleManager: Shutting down and abandoning module AndroidRuntimeSettings (500)
[2019.03.28-12.03.05:610][462]LogModuleManager: Shutting down and abandoning module InputBindingEditor (498)
[2019.03.28-12.03.05:610][462]LogModuleManager: Shutting down and abandoning module MergeActors (496)
[2019.03.28-12.03.05:610][462]LogModuleManager: Shutting down and abandoning module LocalizationDashboard (494)
[2019.03.28-12.03.05:610][462]LogModuleManager: Shutting down and abandoning module LocalizationService (493)
[2019.03.28-12.03.05:610][462]LogModuleManager: Shutting down and abandoning module HardwareTargeting (490)
[2019.03.28-12.03.05:610][462]LogModuleManager: Shutting down and abandoning module DeviceProfileEditor (488)
[2019.03.28-12.03.05:610][462]LogModuleManager: Shutting down and abandoning module UndoHistory (486)
[2019.03.28-12.03.05:610][462]LogModuleManager: Shutting down and abandoning module XmlParser (484)
[2019.03.28-12.03.05:610][462]LogModuleManager: Shutting down and abandoning module Blutility (482)
[2019.03.28-12.03.05:610][462]LogModuleManager: Shutting down and abandoning module ProjectSettingsViewer (480)
[2019.03.28-12.03.05:610][462]LogModuleManager: Shutting down and abandoning module ProjectTargetPlatformEditor (479)
[2019.03.28-12.03.05:611][462]LogModuleManager: Shutting down and abandoning module EditorSettingsViewer (476)
[2019.03.28-12.03.05:611][462]LogModuleManager: Shutting down and abandoning module SettingsEditor (474)
[2019.03.28-12.03.05:611][462]LogModuleManager: Shutting down and abandoning module ProjectLauncher (472)
[2019.03.28-12.03.05:611][462]LogModuleManager: Shutting down and abandoning module SessionFrontend (470)
[2019.03.28-12.03.05:611][462]LogModuleManager: Shutting down and abandoning module ProfilerClient (468)
[2019.03.28-12.03.05:611][462]LogModuleManager: Shutting down and abandoning module DeviceManager (466)
[2019.03.28-12.03.05:611][462]LogModuleManager: Shutting down and abandoning module TargetDeviceServices (465)
[2019.03.28-12.03.05:661][462]LogModuleManager: Shutting down and abandoning module AutomationController (462)
[2019.03.28-12.03.05:661][462]LogModuleManager: Shutting down and abandoning module AutomationWindow (460)
[2019.03.28-12.03.05:661][462]LogModuleManager: Shutting down and abandoning module Layers (458)
[2019.03.28-12.03.05:661][462]LogModuleManager: Shutting down and abandoning module ComponentVisualizers (456)
[2019.03.28-12.03.05:661][462]LogModuleManager: Shutting down and abandoning module DetailCustomizations (454)
[2019.03.28-12.03.05:661][462]LogModuleManager: Shutting down and abandoning module PackagesDialog (452)
[2019.03.28-12.03.05:661][462]LogModuleManager: Shutting down and abandoning module Persona (450)
[2019.03.28-12.03.05:661][462]LogModuleManager: Shutting down and abandoning module AdvancedPreviewScene (449)
[2019.03.28-12.03.05:661][462]LogModuleManager: Shutting down and abandoning module AnimGraph (447)
[2019.03.28-12.03.05:661][462]LogModuleManager: Shutting down and abandoning module Kismet (444)
[2019.03.28-12.03.05:666][462]LogModuleManager: Shutting down and abandoning module GraphEditor (442)
[2019.03.28-12.03.05:666][462]LogModuleManager: Shutting down and abandoning module ClassViewer (440)
[2019.03.28-12.03.05:666][462]LogModuleManager: Shutting down and abandoning module Toolbox (438)
[2019.03.28-12.03.05:666][462]LogModuleManager: Shutting down and abandoning module ModuleUI (436)
[2019.03.28-12.03.05:666][462]LogModuleManager: Shutting down and abandoning module MovieSceneTools (434)
[2019.03.28-12.03.05:666][462]LogModuleManager: Shutting down and abandoning module OutputLog (432)
[2019.03.28-12.03.05:667][462]LogModuleManager: Shutting down and abandoning module GammaUI (430)
[2019.03.28-12.03.05:667][462]LogModuleManager: Shutting down and abandoning module Documentation (428)
[2019.03.28-12.03.05:667][462]LogModuleManager: Shutting down and abandoning module MovieSceneTracks (426)
[2019.03.28-12.03.05:667][462]LogModuleManager: Shutting down and abandoning module MovieScene (424)
[2019.03.28-12.03.05:667][462]LogModuleManager: Shutting down and abandoning module StreamingPauseRendering (422)
[2019.03.28-12.03.05:667][462]LogModuleManager: Shutting down and abandoning module LauncherPlatform (420)
[2019.03.28-12.03.05:667][462]LogModuleManager: Shutting down and abandoning module AnalyticsET (418)
[2019.03.28-12.03.05:667][462]LogModuleManager: Shutting down and abandoning module PortalServices (416)
[2019.03.28-12.03.05:667][462]LogModuleManager: Shutting down and abandoning module PortalRpc (414)
[2019.03.28-12.03.05:667][462]LogModuleManager: Shutting down and abandoning module MessagingRpc (412)
[2019.03.28-12.03.05:667][462]LogModuleManager: Shutting down and abandoning module AIModule (410)
[2019.03.28-12.03.05:667][462]LogModuleManager: Shutting down and abandoning module GameplayDebugger (409)
[2019.03.28-12.03.05:667][462]LogModuleManager: Shutting down and abandoning module AITestSuite (407)
[2019.03.28-12.03.05:667][462]LogModuleManager: Shutting down and abandoning module NavigationSystem (405)
[2019.03.28-12.03.05:667][462]LogModuleManager: Shutting down and abandoning module DesktopPlatform (402)
[2019.03.28-12.03.05:667][462]LogModuleManager: Shutting down and abandoning module ProfilerService (400)
[2019.03.28-12.03.05:869][462]LogModuleManager: Shutting down and abandoning module TaskGraph (398)
[2019.03.28-12.03.05:869][462]LogModuleManager: Shutting down and abandoning module SteamVRController (396)
[2019.03.28-12.03.05:869][462]LogModuleManager: Shutting down and abandoning module ProceduralMeshComponentEditor (394)
[2019.03.28-12.03.05:869][462]LogModuleManager: Shutting down and abandoning module ProceduralMeshComponent (392)
[2019.03.28-12.03.05:869][462]LogModuleManager: Shutting down and abandoning module OculusInput (390)
[2019.03.28-12.03.05:869][462]LogModuleManager: Shutting down and abandoning module MobilePatchingUtils (388)
[2019.03.28-12.03.05:869][462]LogModuleManager: Shutting down and abandoning module EditableMesh (386)
[2019.03.28-12.03.05:869][462]LogModuleManager: Shutting down and abandoning module CustomMeshComponent (384)
[2019.03.28-12.03.05:869][462]LogModuleManager: Shutting down and abandoning module CableComponent (382)
[2019.03.28-12.03.05:869][462]LogModuleManager: Shutting down and abandoning module AudioCapture (380)
[2019.03.28-12.03.05:869][462]LogModuleManager: Shutting down and abandoning module ArchVisCharacter (378)
[2019.03.28-12.03.05:869][462]LogModuleManager: Shutting down and abandoning module AndroidPermission (376)
[2019.03.28-12.03.05:869][462]LogModuleManager: Shutting down and abandoning module NUTUnrealEngine4 (374)
[2019.03.28-12.03.05:869][462]LogModuleManager: Shutting down and abandoning module NetcodeUnitTest (372)
[2019.03.28-12.03.05:870][462]LogModuleManager: Shutting down and abandoning module MediaCompositingEditor (370)
[2019.03.28-12.03.05:870][462]LogModuleManager: Shutting down and abandoning module MediaCompositing (368)
[2019.03.28-12.03.05:870][462]LogModuleManager: Shutting down and abandoning module LinearTimecode (366)
[2019.03.28-12.03.05:870][462]LogModuleManager: Shutting down and abandoning module ImgMedia (364)
[2019.03.28-12.03.05:873][462]LogModuleManager: Shutting down and abandoning module HTML5Networking (362)
[2019.03.28-12.03.05:873][462]LogModuleManager: Shutting down and abandoning module GeometryCacheTracks (360)
[2019.03.28-12.03.05:873][462]LogModuleManager: Shutting down and abandoning module GeometryCacheSequencer (358)
[2019.03.28-12.03.05:873][462]LogModuleManager: Shutting down and abandoning module BackChannel (356)
[2019.03.28-12.03.05:873][462]LogModuleManager: Shutting down and abandoning module AppleVision (354)
[2019.03.28-12.03.05:873][462]LogModuleManager: Shutting down and abandoning module AppleImageUtils (352)
[2019.03.28-12.03.05:873][462]LogModuleManager: Shutting down and abandoning module AlembicImporter (350)
[2019.03.28-12.03.05:873][462]LogModuleManager: Shutting down and abandoning module AlembicLibrary (349)
[2019.03.28-12.03.05:873][462]LogModuleManager: Shutting down and abandoning module GeometryCache (348)
[2019.03.28-12.03.05:873][462]LogModuleManager: Shutting down and abandoning module GeometryCacheEd (347)
[2019.03.28-12.03.05:873][462]LogModuleManager: Shutting down and abandoning module DatasmithContentEditor (342)
[2019.03.28-12.03.05:873][462]LogModuleManager: Shutting down and abandoning module DatasmithContent (340)
[2019.03.28-12.03.05:873][462]LogModuleManager: Shutting down and abandoning module SpeedTreeImporter (338)
[2019.03.28-12.03.05:873][462]LogModuleManager: Shutting down and abandoning module PluginBrowser (336)
[2019.03.28-12.03.05:873][462]LogModuleManager: Shutting down and abandoning module MobileLauncherProfileWizard (334)
[2019.03.28-12.03.05:873][462]LogModuleManager: Shutting down and abandoning module PolygonModeling (332)
[2019.03.28-12.03.05:873][462]LogModuleManager: Shutting down and abandoning module MeshEditor (330)
[2019.03.28-12.03.05:874][462]LogModuleManager: Shutting down and abandoning module CryptoKeysOpenSSL (328)
[2019.03.28-12.03.05:874][462]LogModuleManager: Shutting down and abandoning module CryptoKeys (326)
[2019.03.28-12.03.05:874][462]LogModuleManager: Shutting down and abandoning module VisualStudioSourceCodeAccess (324)
[2019.03.28-12.03.05:874][462]LogModuleManager: Shutting down and abandoning module VisualStudioCodeSourceCodeAccess (322)
[2019.03.28-12.03.05:874][462]LogModuleManager: Shutting down and abandoning module UObjectPlugin (320)
[2019.03.28-12.03.05:874][462]LogModuleManager: Shutting down and abandoning module SubversionSourceControl (318)
[2019.03.28-12.03.05:874][462]LogModuleManager: Shutting down and abandoning module PerforceSourceControl (316)
[2019.03.28-12.03.05:874][462]LogModuleManager: Shutting down and abandoning module GitSourceControl (314)
[2019.03.28-12.03.05:874][462]LogModuleManager: Shutting down and abandoning module SourceControl (313)
[2019.03.28-12.03.05:874][462]LogModuleManager: Shutting down and abandoning module CLionSourceCodeAccess (310)
[2019.03.28-12.03.05:874][462]LogModuleManager: Shutting down and abandoning module LightPropagationVolumeEditor (308)
[2019.03.28-12.03.05:874][462]LogModuleManager: Shutting down and abandoning module PaperTiledImporter (306)
[2019.03.28-12.03.05:874][462]LogModuleManager: Shutting down and abandoning module PaperSpriteSheetImporter (304)
[2019.03.28-12.03.05:874][462]LogModuleManager: Shutting down and abandoning module Paper2DEditor (302)
[2019.03.28-12.03.05:874][462]LogModuleManager: Shutting down and abandoning module MeshPaint (301)
[2019.03.28-12.03.05:874][462]LogModuleManager: Shutting down and abandoning module RuntimePhysXCooking (298)
[2019.03.28-12.03.05:874][462]LogModuleManager: Shutting down and abandoning module PhysXVehiclesEditor (296)
[2019.03.28-12.03.05:874][462]LogModuleManager: Shutting down and abandoning module PhysXVehicles (294)
[2019.03.28-12.03.05:874][462]LogModuleManager: Shutting down and abandoning module OculusEditor (292)
[2019.03.28-12.03.05:874][462]LogModuleManager: Shutting down and abandoning module LocationServicesBPLibrary (290)
[2019.03.28-12.03.05:874][462]LogModuleManager: Shutting down and abandoning module ImmediatePhysicsEditor (288)
[2019.03.28-12.03.05:874][462]LogModuleManager: Shutting down and abandoning module ImmediatePhysics (286)
[2019.03.28-12.03.05:874][462]LogModuleManager: Shutting down and abandoning module ActorSequence (284)
[2019.03.28-12.03.05:874][462]LogModuleManager: Shutting down and abandoning module UdpMessaging (282)
[2019.03.28-12.03.05:974][462]LogModuleManager: Shutting down and abandoning module TcpMessaging (280)
[2019.03.28-12.03.06:074][462]LogModuleManager: Shutting down and abandoning module MagicLeapAudio (278)
[2019.03.28-12.03.06:074][462]LogModuleManager: Shutting down and abandoning module GameplayTagsEditor (276)
[2019.03.28-12.03.06:074][462]LogModuleManager: Shutting down and abandoning module FacialAnimationEditor (274)
[2019.03.28-12.03.06:074][462]LogModuleManager: Shutting down and abandoning module FacialAnimation (272)
[2019.03.28-12.03.06:074][462]LogModuleManager: Shutting down and abandoning module DataValidation (270)
[2019.03.28-12.03.06:074][462]LogModuleManager: Shutting down and abandoning module AssetManagerEditor (268)
[2019.03.28-12.03.06:074][462]LogModuleManager: Shutting down and abandoning module LevelEditor (267)
[2019.03.28-12.03.06:075][462]LogModuleManager: Shutting down and abandoning module PixelInspectorModule (266)
[2019.03.28-12.03.06:075][462]LogModuleManager: Shutting down and abandoning module CommonMenuExtensions (264)
[2019.03.28-12.03.06:075][462]LogModuleManager: Shutting down and abandoning module MainFrame (262)
[2019.03.28-12.03.06:075][462]LogModuleManager: Shutting down and abandoning module HotReload (261)
[2019.03.28-12.03.06:075][462]LogModuleManager: Shutting down and abandoning module ContentBrowser (257)
[2019.03.28-12.03.06:076][462]LogModuleManager: Shutting down and abandoning module TreeMap (255)
[2019.03.28-12.03.06:076][462]LogModuleManager: Shutting down and abandoning module LightPropagationVolumeRuntime (252)
[2019.03.28-12.03.06:076][462]LogModuleManager: Shutting down and abandoning module AISupportModule (250)
[2019.03.28-12.03.06:076][462]LogModuleManager: Shutting down and abandoning module Paper2D (248)
[2019.03.28-12.03.06:076][462]LogModuleManager: Shutting down and abandoning module WindowsMoviePlayer (246)
[2019.03.28-12.03.06:076][462]LogModuleManager: Shutting down and abandoning module WmfMedia (244)
[2019.03.28-12.03.06:077][462]LogModuleManager: Shutting down and abandoning module Media (243)
[2019.03.28-12.03.06:082][462]LogModuleManager: Shutting down and abandoning module PacketHandler (240)
[2019.03.28-12.03.06:082][462]LogModuleManager: Shutting down and abandoning module ClothingSystemEditor (238)
[2019.03.28-12.03.06:082][462]LogModuleManager: Shutting down and abandoning module ClothingSystemRuntime (236)
[2019.03.28-12.03.06:082][462]LogModuleManager: Shutting down and abandoning module MediaAssets (234)
[2019.03.28-12.03.06:082][462]LogModuleManager: Shutting down and abandoning module Overlay (232)
[2019.03.28-12.03.06:082][462]LogModuleManager: Shutting down and abandoning module OverlayEditor (231)
[2019.03.28-12.03.06:082][462]LogModuleManager: Shutting down and abandoning module VREditor (228)
[2019.03.28-12.03.06:082][462]LogModuleManager: Shutting down and abandoning module StringTableEditor (226)
[2019.03.28-12.03.06:082][462]LogModuleManager: Shutting down and abandoning module GameplayTasksEditor (224)
[2019.03.28-12.03.06:082][462]LogModuleManager: Shutting down and abandoning module BehaviorTreeEditor (222)
[2019.03.28-12.03.06:082][462]LogModuleManager: Shutting down and abandoning module FunctionalTesting (220)
[2019.03.28-12.03.06:082][462]LogModuleManager: Shutting down and abandoning module CollisionAnalyzer (218)
[2019.03.28-12.03.06:082][462]LogModuleManager: Shutting down and abandoning module WorkspaceMenuStructure (217)
[2019.03.28-12.03.06:082][462]LogModuleManager: Shutting down and abandoning module UMG (214)
[2019.03.28-12.03.06:082][462]LogModuleManager: Shutting down and abandoning module UMGEditor (213)
[2019.03.28-12.03.06:082][462]LogModuleManager: Shutting down and abandoning module Sequencer (212)
[2019.03.28-12.03.06:083][462]LogModuleManager: Shutting down and abandoning module MessageLog (209)
[2019.03.28-12.03.06:083][462]LogModuleManager: Shutting down and abandoning module SlateReflector (204)
[2019.03.28-12.03.06:083][462]LogModuleManager: Shutting down and abandoning module Slate (202)
[2019.03.28-12.03.06:083][462]LogModuleManager: Shutting down and abandoning module EditorStyle (200)
[2019.03.28-12.03.06:084][462]LogModuleManager: Shutting down and abandoning module MRMesh (198)
[2019.03.28-12.03.06:084][462]LogModuleManager: Shutting down and abandoning module SourceCodeAccess (196)
[2019.03.28-12.03.06:084][462]LogModuleManager: Shutting down and abandoning module HeadMountedDisplay (194)
[2019.03.28-12.03.06:084][462]LogModuleManager: Shutting down and abandoning module XAudio2 (192)
[2019.03.28-12.03.06:084][462]LogModuleManager: Shutting down and abandoning module Networking (190)
[2019.03.28-12.03.06:084][462]LogModuleManager: Shutting down and abandoning module Core (188)
[2019.03.28-12.03.06:084][462]LogModuleManager: Shutting down and abandoning module LevelSequence (186)
[2019.03.28-12.03.06:084][462]LogModuleManager: Shutting down and abandoning module KismetCompiler (184)
[2019.03.28-12.03.06:084][462]LogModuleManager: Shutting down and abandoning module MeshUtilities (182)
[2019.03.28-12.03.06:084][462]LogModuleManager: Shutting down and abandoning module MeshMergeUtilities (181)
[2019.03.28-12.03.06:084][462]LogModuleManager: Shutting down and abandoning module MeshReductionInterface (180)
[2019.03.28-12.03.06:084][462]LogModuleManager: Shutting down and abandoning module SimplygonSwarm (179)
[2019.03.28-12.03.06:084][462]LogModuleManager: Shutting down and abandoning module ProxyLODMeshReduction (177)
[2019.03.28-12.03.06:084][462]LogModuleManager: Shutting down and abandoning module SimplygonMeshReduction (175)
[2019.03.28-12.03.06:084][462]LogModuleManager: Shutting down and abandoning module QuadricMeshReduction (173)
[2019.03.28-12.03.06:084][462]LogModuleManager: Shutting down and abandoning module MaterialBaking (169)
[2019.03.28-12.03.06:084][462]LogModuleManager: Shutting down and abandoning module DirectoryWatcher (165)
[2019.03.28-12.03.06:085][462]LogModuleManager: Shutting down and abandoning module DerivedDataCache (162)
[2019.03.28-12.03.06:093][462]LogDerivedDataCache: Shutdown
[2019.03.28-12.03.06:093][462]LogModuleManager: Shutting down and abandoning module XGEController (160)
[2019.03.28-12.03.06:093][462]LogXGEController: Cleaning working directory: C:/Users/Davo/AppData/Local/Temp/UnrealXGEWorkingDir/
[2019.03.28-12.03.06:094][462]LogModuleManager: Shutting down and abandoning module TargetPlatform (158)
[2019.03.28-12.03.06:094][462]LogModuleManager: Shutting down and abandoning module VulkanShaderFormat (157)
[2019.03.28-12.03.06:094][462]LogModuleManager: Shutting down and abandoning module ShaderFormatVectorVM (155)
[2019.03.28-12.03.06:094][462]LogModuleManager: Shutting down and abandoning module ShaderFormatOpenGL (153)
[2019.03.28-12.03.06:094][462]LogModuleManager: Shutting down and abandoning module ShaderFormatD3D (151)
[2019.03.28-12.03.06:094][462]LogModuleManager: Shutting down and abandoning module MetalShaderFormat (149)
[2019.03.28-12.03.06:094][462]LogModuleManager: Shutting down and abandoning module TextureFormatUncompressed (147)
[2019.03.28-12.03.06:094][462]LogModuleManager: Shutting down and abandoning module TextureFormatPVR (145)
[2019.03.28-12.03.06:094][462]LogModuleManager: Shutting down and abandoning module TextureFormatDXT (143)
[2019.03.28-12.03.06:094][462]LogModuleManager: Shutting down and abandoning module TextureFormatIntelISPCTexComp (141)
[2019.03.28-12.03.06:094][462]LogModuleManager: Shutting down and abandoning module TextureFormatASTC (139)
[2019.03.28-12.03.06:094][462]LogModuleManager: Shutting down and abandoning module ImageWrapper (138)
[2019.03.28-12.03.06:094][462]LogModuleManager: Shutting down and abandoning module TextureFormatAndroid (135)
[2019.03.28-12.03.06:094][462]LogModuleManager: Shutting down and abandoning module AudioFormatOpus (133)
[2019.03.28-12.03.06:094][462]LogModuleManager: Shutting down and abandoning module AudioFormatOgg (131)
[2019.03.28-12.03.06:094][462]LogModuleManager: Shutting down and abandoning module AudioFormatADPCM (129)
[2019.03.28-12.03.06:094][462]LogModuleManager: Shutting down and abandoning module LuminTargetPlatform (127)
[2019.03.28-12.03.06:094][462]LogModuleManager: Shutting down and abandoning module LinuxTargetPlatform (125)
[2019.03.28-12.03.06:094][462]LogModuleManager: Shutting down and abandoning module LinuxServerTargetPlatform (123)
[2019.03.28-12.03.06:094][462]LogModuleManager: Shutting down and abandoning module LinuxNoEditorTargetPlatform (121)
[2019.03.28-12.03.06:094][462]LogModuleManager: Shutting down and abandoning module LinuxClientTargetPlatform (119)
[2019.03.28-12.03.06:094][462]LogModuleManager: Shutting down and abandoning module TVOSTargetPlatform (117)
[2019.03.28-12.03.06:095][462]LogModuleManager: Shutting down and abandoning module Messaging (115)
[2019.03.28-12.03.06:095][462]LogModuleManager: Shutting down and abandoning module IOSTargetPlatform (113)
[2019.03.28-12.03.06:096][462]LogModuleManager: Shutting down and abandoning module HTML5TargetPlatform (111)
[2019.03.28-12.03.06:096][462]LogModuleManager: Shutting down and abandoning module AndroidTargetPlatform (109)
[2019.03.28-12.03.06:101][462]LogModuleManager: Shutting down and abandoning module WindowsTargetPlatform (107)
[2019.03.28-12.03.06:101][462]LogModuleManager: Shutting down and abandoning module WindowsServerTargetPlatform (105)
[2019.03.28-12.03.06:101][462]LogModuleManager: Shutting down and abandoning module WindowsNoEditorTargetPlatform (103)
[2019.03.28-12.03.06:101][462]LogModuleManager: Shutting down and abandoning module WindowsClientTargetPlatform (101)
[2019.03.28-12.03.06:101][462]LogModuleManager: Shutting down and abandoning module MacTargetPlatform (99)
[2019.03.28-12.03.06:101][462]LogModuleManager: Shutting down and abandoning module MacServerTargetPlatform (97)
[2019.03.28-12.03.06:101][462]LogModuleManager: Shutting down and abandoning module MacNoEditorTargetPlatform (95)
[2019.03.28-12.03.06:101][462]LogModuleManager: Shutting down and abandoning module MacClientTargetPlatform (93)
[2019.03.28-12.03.06:101][462]LogModuleManager: Shutting down and abandoning module AllDesktopTargetPlatform (91)
[2019.03.28-12.03.06:101][462]LogModuleManager: Shutting down and abandoning module InputCore (88)
[2019.03.28-12.03.06:101][462]LogModuleManager: Shutting down and abandoning module Settings (86)
[2019.03.28-12.03.06:101][462]LogModuleManager: Shutting down and abandoning module PhysXCooking (84)
[2019.03.28-12.03.06:101][462]LogModuleManager: Shutting down and abandoning module SteamVR (82)
[2019.03.28-12.03.06:101][462]LogModuleManager: Shutting down and abandoning module OculusHMD (80)
[2019.03.28-12.03.06:101][462]LogModuleManager: Shutting down and abandoning module ExampleDeviceProfileSelector (78)
[2019.03.28-12.03.06:101][462]LogModuleManager: Shutting down and abandoning module LauncherChunkInstaller (76)
[2019.03.28-12.03.06:101][462]LogModuleManager: Shutting down and abandoning module OnlineBlueprintSupport (74)
[2019.03.28-12.03.06:101][462]LogModuleManager: Shutting down and abandoning module OnlineSubsystem (70)
[2019.03.28-12.03.06:102][462]LogModuleManager: Shutting down and abandoning module XMPP (65)
[2019.03.28-12.03.06:102][462]LogModuleManager: Shutting down and abandoning module WebSockets (64)
[2019.03.28-12.03.06:110][462]LogModuleManager: Shutting down and abandoning module HTTP (61)
[2019.03.28-12.03.06:110][462]LogHttp: Display: Http module shutting down, but needs to wait on 1 outstanding Http requests:
[2019.03.28-12.03.06:110][462]LogHttp: Display: 	verb=[POST] url=[https://datarouter.ol.epicgames.com/datarouter/api/v1/public/data?SessionID=%7B63DFEE8D-43CF-23B4-352A-C09746965618%7D&AppID=UEEditor.Rocket.Release&AppVersion=4.20.3-4369336%2B%2B%2BUE4%2BRelease-4.20&UserID=fa085f4341de5d6170229996f45a854d%7C5edd635fc95b46809bdb8aec8acf509d%7Cc86cc5ac-2eb8-4fc7-8941-08952f4f3921&AppEnvironment=datacollector-binary&UploadType=eteventstream] status=Processing
[2019.03.28-12.03.06:133][462]LogModuleManager: Shutting down and abandoning module SSL (60)
[2019.03.28-12.03.06:133][462]LogModuleManager: Shutting down and abandoning module MagicLeapEmulator (56)
[2019.03.28-12.03.06:133][462]LogModuleManager: Shutting down and abandoning module MagicLeapPrivileges (54)
[2019.03.28-12.03.06:133][462]LogModuleManager: Shutting down and abandoning module MagicLeapIdentity (52)
[2019.03.28-12.03.06:133][462]LogModuleManager: Shutting down and abandoning module MagicLeapHelperVulkan (50)
[2019.03.28-12.03.06:133][462]LogModuleManager: Shutting down and abandoning module MagicLeapHelperOpenGL (48)
[2019.03.28-12.03.06:133][462]LogModuleManager: Shutting down and abandoning module MagicLeapSecureStorage (46)
[2019.03.28-12.03.06:133][462]LogModuleManager: Shutting down and abandoning module MagicLeapGestures (44)
[2019.03.28-12.03.06:133][462]LogModuleManager: Shutting down and abandoning module MagicLeapEyeTracker (42)
[2019.03.28-12.03.06:133][462]LogModuleManager: Shutting down and abandoning module MagicLeapController (40)
[2019.03.28-12.03.06:134][462]LogSlate: Slate User Destroyed.  User Index 0, Is Virtual User: 0
[2019.03.28-12.03.06:134][462]LogModuleManager: Shutting down and abandoning module MagicLeap (38)
[2019.03.28-12.03.06:134][462]LogModuleManager: Shutting down and abandoning module AnimationModifiers (36)
[2019.03.28-12.03.06:134][462]LogModuleManager: Shutting down and abandoning module PropertyEditor (35)
[2019.03.28-12.03.06:134][462]LogModuleManager: Shutting down and abandoning module AudioEditor (32)
[2019.03.28-12.03.06:134][462]LogModuleManager: Shutting down and abandoning module TextureCompressor (30)
[2019.03.28-12.03.06:134][462]LogModuleManager: Shutting down and abandoning module ShaderCore (28)
[2019.03.28-12.03.06:134][462]LogModuleManager: Shutting down and abandoning module Landscape (26)
[2019.03.28-12.03.06:134][462]LogModuleManager: Shutting down and abandoning module SlateRHIRenderer (24)
[2019.03.28-12.03.06:135][462]LogModuleManager: Shutting down and abandoning module OpenGLDrv (22)
[2019.03.28-12.03.06:135][462]LogModuleManager: Shutting down and abandoning module D3D11RHI (20)
[2019.03.28-12.03.06:135][462]LogModuleManager: Shutting down and abandoning module AnimGraphRuntime (18)
[2019.03.28-12.03.06:135][462]LogModuleManager: Shutting down and abandoning module Renderer (16)
[2019.03.28-12.03.06:135][462]LogModuleManager: Shutting down and abandoning module Engine (14)
[2019.03.28-12.03.06:135][462]LogModuleManager: Shutting down and abandoning module CoreUObject (12)
[2019.03.28-12.03.06:135][462]LogModuleManager: Shutting down and abandoning module NetworkFile (10)
[2019.03.28-12.03.06:135][462]LogModuleManager: Shutting down and abandoning module CookedIterativeFile (8)
[2019.03.28-12.03.06:135][462]LogModuleManager: Shutting down and abandoning module StreamingFile (6)
[2019.03.28-12.03.06:135][462]LogModuleManager: Shutting down and abandoning module SandboxFile (4)
[2019.03.28-12.03.06:135][462]LogModuleManager: Shutting down and abandoning module PakFile (2)
[2019.03.28-12.03.06:141][462]LogExit: Exiting.
[2019.03.28-12.03.06:160][462]Log file closed, 03/28/19 13:03:06
