Log file open, 04/05/19 02:36:27
LogWindows: Failed to load 'aqProf.dll' (GetLastError=126)
LogWindows: File 'aqProf.dll' does not exist
LogWindows: Failed to load 'VSPerf140.dll' (GetLastError=126)
LogWindows: File 'VSPerf140.dll' does not exist
LogWindows: Failed to load 'VtuneApi.dll' (GetLastError=126)
LogWindows: File 'VtuneApi.dll' does not exist
LogWindows: Failed to load 'VtuneApi32e.dll' (GetLastError=126)
LogWindows: File 'VtuneApi32e.dll' does not exist
LogInit: Display: Running engine for game: VVIRTUAL
LogPlatformFile: Not using cached read wrapper
LogTaskGraph: Started task graph with 5 named threads and 23 total threads with 3 sets of task threads.
LogStats: Stats thread started at 0.280573
LogD3D11RHI: Loaded GFSDK_Aftermath_Lib.x64.dll
LogICUInternationalization: Display: ICU TimeZone Detection - Raw Offset: +1:00, Platform Override: ''
LogPluginManager: Mounting plugin Paper2D
LogPluginManager: Mounting plugin AISupport
LogPluginManager: Mounting plugin LightPropagationVolume
LogPluginManager: Mounting plugin CLionSourceCodeAccess
LogPluginManager: Mounting plugin CodeLiteSourceCodeAccess
LogPluginManager: Mounting plugin GitSourceControl
LogPluginManager: Mounting plugin KDevelopSourceCodeAccess
LogPluginManager: Mounting plugin NullSourceCodeAccess
LogPluginManager: Mounting plugin PerforceSourceControl
LogPluginManager: Mounting plugin SubversionSourceControl
LogPluginManager: Mounting plugin UObjectPlugin
LogPluginManager: Mounting plugin VisualStudioCodeSourceCodeAccess
LogPluginManager: Mounting plugin VisualStudioSourceCodeAccess
LogPluginManager: Mounting plugin XCodeSourceCodeAccess
LogPluginManager: Mounting plugin AssetManagerEditor
LogPluginManager: Mounting plugin CryptoKeys
LogPluginManager: Mounting plugin DataValidation
LogPluginManager: Mounting plugin FacialAnimation
LogPluginManager: Mounting plugin GameplayTagsEditor
LogPluginManager: Mounting plugin MacGraphicsSwitching
LogPluginManager: Mounting plugin MeshEditor
LogPluginManager: Mounting plugin MobileLauncherProfileWizard
LogPluginManager: Mounting plugin PluginBrowser
LogPluginManager: Mounting plugin SpeedTreeImporter
LogPluginManager: Mounting plugin DatasmithContent
LogPluginManager: Mounting plugin AlembicImporter
LogPluginManager: Mounting plugin AppleImageUtils
LogPluginManager: Mounting plugin AppleVision
LogPluginManager: Mounting plugin BackChannel
LogPluginManager: Mounting plugin CharacterAI
LogPluginManager: Mounting plugin GeometryCache
LogPluginManager: Mounting plugin HTML5Networking
LogPluginManager: Mounting plugin ProxyLODPlugin
LogPluginManager: Mounting plugin MagicLeap
LogPluginManager: Mounting plugin MagicLeapEmulator
LogPluginManager: Mounting plugin MagicLeapMedia
LogPluginManager: Mounting plugin AndroidMedia
LogPluginManager: Mounting plugin AvfMedia
LogPluginManager: Mounting plugin ImgMedia
LogPluginManager: Mounting plugin LinearTimecode
LogPluginManager: Mounting plugin MediaCompositing
LogPluginManager: Mounting plugin MediaPlayerEditor
LogPluginManager: Mounting plugin WmfMedia
LogPluginManager: Mounting plugin TcpMessaging
LogPluginManager: Mounting plugin UdpMessaging
LogPluginManager: Mounting plugin ActorSequence
LogPluginManager: Mounting plugin LevelSequenceEditor
LogPluginManager: Mounting plugin MatineeToLevelSequence
LogPluginManager: Mounting plugin NetcodeUnitTest
LogPluginManager: Mounting plugin NUTUnrealEngine4
LogPluginManager: Mounting plugin OnlineSubsystemGooglePlay
LogPluginManager: Mounting plugin OnlineSubsystemIOS
LogPluginManager: Mounting plugin OnlineSubsystem
LogPluginManager: Mounting plugin OnlineSubsystemNull
LogPluginManager: Mounting plugin OnlineSubsystemUtils
LogPluginManager: Mounting plugin LauncherChunkInstaller
LogPluginManager: Mounting plugin AndroidDeviceProfileSelector
LogPluginManager: Mounting plugin AndroidMoviePlayer
LogPluginManager: Mounting plugin AndroidPermission
LogPluginManager: Mounting plugin AppleMoviePlayer
LogPluginManager: Mounting plugin ArchVisCharacter
LogPluginManager: Mounting plugin AudioCapture
LogPluginManager: Mounting plugin CableComponent
LogPluginManager: Mounting plugin CustomMeshComponent
LogPluginManager: Mounting plugin EditableMesh
LogPluginManager: Mounting plugin ExampleDeviceProfileSelector
LogPluginManager: Mounting plugin GoogleCloudMessaging
LogPluginManager: Mounting plugin ImmediatePhysics
LogPluginManager: Mounting plugin IOSDeviceProfileSelector
LogPluginManager: Mounting plugin LinuxDeviceProfileSelector
LogPluginManager: Mounting plugin LocationServicesBPLibrary
LogPluginManager: Mounting plugin MobilePatchingUtils
LogPluginManager: Mounting plugin OculusVR
LogPluginManager: Plugin shader directory ../../../Engine/Plugins/Runtime/Oculus/OculusVR/Shaders found
LogPluginManager: Mapping shader source directory ../../../Engine/Plugins/Runtime/Oculus/OculusVR/Shaders to virtual directory /Plugin/OculusVR
LogPluginManager: Mounting plugin PhysXVehicles
LogPluginManager: Mounting plugin ProceduralMeshComponent
LogPluginManager: Mounting plugin RuntimePhysXCooking
LogPluginManager: Mounting plugin SteamVR
LogPluginManager: Mounting plugin WindowsMoviePlayer
LogStreaming: Display: Took  0.225s to configure plugins.
LogInit: Using libcurl 7.55.1-DEV
LogInit:  - built for x86_64-pc-win32
LogInit:  - supports SSL with OpenSSL/1.0.2h
LogInit:  - supports HTTP deflate (compression) using libz 1.2.8
LogInit:  - other features:
LogInit:      CURL_VERSION_SSL
LogInit:      CURL_VERSION_LIBZ
LogInit:      CURL_VERSION_IPV6
LogInit:      CURL_VERSION_ASYNCHDNS
LogInit:      CURL_VERSION_LARGEFILE
LogInit:      CURL_VERSION_IDN
LogInit:  CurlRequestOptions (configurable via config and command line):
LogInit:  - bVerifyPeer = false  - Libcurl will NOT verify peer certificate
LogInit:  - bUseHttpProxy = false  - Libcurl will NOT use HTTP proxy
LogInit:  - bDontReuseConnections = false  - Libcurl will reuse connections
LogInit:  - CertBundlePath = nullptr  - Libcurl will use whatever was configured at build time.
LogInit:  - MaxHostConnections = 16  - Libcurl will limit the number of connections to a host
LogInit:  - LocalHostAddr = Default
LogInit:  - BufferSize = 65536
LogInit: WinSock: version 1.1 (2.2), MaxSocks=32767, MaxUdp=65467
LogInit: Build: ++UE4+Release-4.20-CL-4369336
LogInit: Engine Version: 4.20.3-4369336+++UE4+Release-4.20
LogInit: Compatible Engine Version: 4.20.0-4212847+++UE4+Release-4.20
LogInit: Net CL: 4212847
LogInit: OS: Windows 7 (Service Pack 1), CPU: Intel(R) Core(TM) i7-4710HQ CPU @ 2.50GHz, GPU: Intel(R) HD Graphics 4600
LogInit: Compiled (64-bit): Sep 17 2018 12:26:19
LogInit: Compiled with Visual C++: 19.13.26129.00
LogInit: Build Configuration: Development
LogInit: Branch Name: ++UE4+Release-4.20
LogInit: Command Line:  
LogInit: Base Directory: D:/Program Files (x86)/ue/UE_4.20/Engine/Binaries/Win64/
LogInit: Installed Engine Build: 1
LogDevObjectVersion: Number of dev versions registered: 20
LogDevObjectVersion:   Dev-Blueprints (B0D832E4-1F89-4F0D-ACCF-7EB736FD4AA2): 10
LogDevObjectVersion:   Dev-Build (E1C64328-A22C-4D53-A36C-8E866417BD8C): 0
LogDevObjectVersion:   Dev-Core (375EC13C-06E4-48FB-B500-84F0262A717E): 2
LogDevObjectVersion:   Dev-Editor (E4B068ED-F494-42E9-A231-DA0B2E46BB41): 24
LogDevObjectVersion:   Dev-Framework (CFFC743F-43B0-4480-9391-14DF171D2073): 34
LogDevObjectVersion:   Dev-Mobile (B02B49B5-BB20-44E9-A304-32B752E40360): 2
LogDevObjectVersion:   Dev-Networking (A4E4105C-59A1-49B5-A7C5-40C4547EDFEE): 0
LogDevObjectVersion:   Dev-Online (39C831C9-5AE6-47DC-9A44-9C173E1C8E7C): 0
LogDevObjectVersion:   Dev-Physics (78F01B33-EBEA-4F98-B9B4-84EACCB95AA2): 0
LogDevObjectVersion:   Dev-Platform (6631380F-2D4D-43E0-8009-CF276956A95A): 0
LogDevObjectVersion:   Dev-Rendering (12F88B9F-8875-4AFC-A67C-D90C383ABD29): 26
LogDevObjectVersion:   Dev-Sequencer (7B5AE74C-D270-4C10-A958-57980B212A5A): 9
LogDevObjectVersion:   Dev-VR (D7296918-1DD6-4BDD-9DE2-64A83CC13884): 2
LogDevObjectVersion:   Dev-LoadTimes (C2A15278-BFE7-4AFE-6C17-90FF531DF755): 1
LogDevObjectVersion:   Private-Geometry (6EACA3D4-40EC-4CC1-B786-8BED09428FC5): 3
LogDevObjectVersion:   Dev-AnimPhys (29E575DD-E0A3-4627-9D10-D276232CDCEA): 17
LogDevObjectVersion:   Dev-ReflectionCapture (6B266CEC-1EC7-4B8F-A30B-E4D90942FC07): 1
LogDevObjectVersion:   Dev-Automation (0DF73D61-A23F-47EA-B727-89E90C41499A): 1
LogDevObjectVersion:   FortniteMain (601D1886-AC64-4F84-AA16-D3DE0DEAC7D6): 12
LogDevObjectVersion:   Dev-Enterprise (9DFFBCD6-494F-0158-E221-12823C92A888): 1
LogStreaming: Display: Took  0.001s to delete old logs.
LogInit: Presizing for max 8388607 objects, including 0 objects not considered by GC, pre-allocating 0 bytes for permanent pool.
LogInit: Object subsystem initialized
[2019.04.05-00.36.28:445][  0]LogInit: Selected Device Profile: [Windows]
[2019.04.05-00.36.28:445][  0]LogInit: Applying CVar settings loaded from the selected device profile: [Windows]
[2019.04.05-00.36.28:458][  0]LogHAL: Display: Platform has ~ 16 GB [17059704832 / 17179869184 / 16], which maps to Larger [LargestMinGB=32, LargerMinGB=12, DefaultMinGB=8, SmallerMinGB=6, SmallestMinGB=0)
[2019.04.05-00.36.28:458][  0]LogInit: Setting Device Profile CVar: [[r.Vulkan.UseRealUBs:1]]
[2019.04.05-00.36.28:458][  0]LogInit: Going up to parent DeviceProfile []
[2019.04.05-00.36.28:458][  0]LogInit: Computer: DAVO-PC
[2019.04.05-00.36.28:458][  0]LogInit: User: Davo
[2019.04.05-00.36.28:458][  0]LogInit: CPU Page size=4096, Cores=4
[2019.04.05-00.36.28:458][  0]LogInit: High frequency timer resolution =2.440156 MHz
[2019.04.05-00.36.28:459][  0]LogMemory: Memory total: Physical=15.9GB (16GB approx)
[2019.04.05-00.36.28:459][  0]LogMemory: Platform Memory Stats for Windows
[2019.04.05-00.36.28:459][  0]LogMemory: Process Physical Memory: 107.03 MB used, 107.03 MB peak
[2019.04.05-00.36.28:459][  0]LogMemory: Process Virtual Memory: 96.15 MB used, 96.15 MB peak
[2019.04.05-00.36.28:459][  0]LogMemory: Physical Memory: 7407.26 MB used,  8862.14 MB free, 16269.40 MB total
[2019.04.05-00.36.28:459][  0]LogMemory: Virtual Memory: 502.99 MB used,  8862.14 MB free, 8388608.00 MB total
[2019.04.05-00.36.28:506][  0]LogInit: Using OS detected language (fr-FR).
[2019.04.05-00.36.28:506][  0]LogInit: Using OS detected locale (fr-FR).
[2019.04.05-00.36.28:508][  0]LogTextLocalizationManager: No specific localization for 'fr-FR' exists, so the 'fr' localization will be used.
[2019.04.05-00.36.28:510][  0]LogStreaming: Display: Took  0.004s to InitEngineTextLocalization.
[2019.04.05-00.36.28:511][  0]LogWindows: Failed to load 'shcore.dll' (GetLastError=126)
[2019.04.05-00.36.28:511][  0]LogWindows: File 'shcore.dll' does not exist
[2019.04.05-00.36.28:511][  0]LogInit: Setting process to DPI aware
[2019.04.05-00.36.28:551][  0]LogSlate: New Slate User Created.  User Index 0, Is Virtual User: 0
[2019.04.05-00.36.28:551][  0]LogSlate: Slate User Registered.  User Index 0, Is Virtual User: 0
[2019.04.05-00.36.28:856][  0]LogHMD: Failed to initialize OpenVR with code 110
[2019.04.05-00.36.28:856][  0]LogD3D11RHI: D3D11 adapters:
[2019.04.05-00.36.29:036][  0]LogD3D11RHI:    0. 'NVIDIA GeForce GTX 970M' (Feature Level 11_0)
[2019.04.05-00.36.29:036][  0]LogD3D11RHI:       2983/0/7878 MB DedicatedVideo/DedicatedSystem/SharedSystem, Outputs:1, VendorId:0x10de
[2019.04.05-00.36.29:092][  0]LogD3D11RHI:    1. 'NVIDIA GeForce GTX 970M' (Feature Level 11_0)
[2019.04.05-00.36.29:092][  0]LogD3D11RHI:       2983/0/7878 MB DedicatedVideo/DedicatedSystem/SharedSystem, Outputs:0, VendorId:0x10de
[2019.04.05-00.36.29:092][  0]LogD3D11RHI: Chosen D3D11 Adapter: 0
[2019.04.05-00.36.29:105][  0]LogD3D11RHI: Creating new Direct3DDevice
[2019.04.05-00.36.29:105][  0]LogD3D11RHI:     GPU DeviceId: 0x13d8 (for the marketing name, search the web for "GPU Device Id")
[2019.04.05-00.36.29:105][  0]LogWindows: EnumDisplayDevices:
[2019.04.05-00.36.29:105][  0]LogWindows:    0. 'Intel(R) HD Graphics 4600' (P:1 D:1)
[2019.04.05-00.36.29:106][  0]LogWindows:    1. 'Intel(R) HD Graphics 4600' (P:0 D:0)
[2019.04.05-00.36.29:106][  0]LogWindows:    2. 'Intel(R) HD Graphics 4600' (P:0 D:0)
[2019.04.05-00.36.29:107][  0]LogWindows:    3. 'NVIDIA GeForce GTX 970M' (P:0 D:0)
[2019.04.05-00.36.29:107][  0]LogWindows:    4. 'RDPDD Chained DD' (P:0 D:0)
[2019.04.05-00.36.29:107][  0]LogWindows:    5. 'RDP Encoder Mirror Driver' (P:0 D:0)
[2019.04.05-00.36.29:108][  0]LogWindows:    6. 'RDP Reflector Display Driver' (P:0 D:0)
[2019.04.05-00.36.29:108][  0]LogWindows: DebugString: PrimaryIsNotTheChoosenAdapter PrimaryIsNotTheChoosenAdapter PrimaryIsNotTheChoosenAdapter GetVideoDriverDetailsInvalid PrimaryIsNotTheChoosenAdapter GetVideoDriverDetailsInvalid PrimaryIsNotTheChoosenAdapter GetVideoDriverDetailsInvalid PrimaryIsNotTheChoosenAdapter 
[2019.04.05-00.36.29:108][  0]LogD3D11RHI:     Adapter Name: NVIDIA GeForce GTX 970M
[2019.04.05-00.36.29:108][  0]LogD3D11RHI:   Driver Version: 416.94 (internal:25.21.14.1694, unified:416.94)
[2019.04.05-00.36.29:108][  0]LogD3D11RHI:      Driver Date: 11-12-2018
[2019.04.05-00.36.29:108][  0]LogRHI: Texture pool is 2088 MB (70% of 2983 MB)
[2019.04.05-00.36.29:168][  0]LogD3D11RHI: Async texture creation enabled
[2019.04.05-00.36.29:196][  0]LogD3D11RHI: GPU Timing Frequency: 1000.000000 (Debug: 2 2)
[2019.04.05-00.36.29:197][  0]LogShaderCompilers: Guid format shader working directory is 3 characters bigger than the processId version (../../../../../ProjetNeo/VVirtual/VVIRTUAL/Intermediate/Shaders/WorkingDirectory/2640/).
[2019.04.05-00.36.29:198][  0]LogShaderCompilers: Cleaned the shader compiler working directory 'C:/Users/Davo/AppData/Local/Temp/UnrealShaderWorkingDir/4ED3F5554A459C77922FEF936EAD9A12/'.
[2019.04.05-00.36.29:925][  0]LogTemp: Display: Loaded TP AllDesktopTargetPlatform
[2019.04.05-00.36.29:939][  0]LogTemp: Display: Loaded TP MacClientTargetPlatform
[2019.04.05-00.36.29:958][  0]LogTemp: Display: Loaded TP MacNoEditorTargetPlatform
[2019.04.05-00.36.29:973][  0]LogTemp: Display: Loaded TP MacServerTargetPlatform
[2019.04.05-00.36.29:988][  0]LogTemp: Display: Loaded TP MacTargetPlatform
[2019.04.05-00.36.30:009][  0]LogTemp: Display: Loaded TP WindowsClientTargetPlatform
[2019.04.05-00.36.30:025][  0]LogTemp: Display: Loaded TP WindowsNoEditorTargetPlatform
[2019.04.05-00.36.30:041][  0]LogTemp: Display: Loaded TP WindowsServerTargetPlatform
[2019.04.05-00.36.30:050][  0]LogTemp: Display: Loaded TP WindowsTargetPlatform
[2019.04.05-00.36.30:146][  0]LogTemp: Display: Loaded TP AndroidTargetPlatform
[2019.04.05-00.36.30:146][  0]LogTemp: Display: Loaded TP AndroidTargetPlatform
[2019.04.05-00.36.30:146][  0]LogTemp: Display: Loaded TP AndroidTargetPlatform
[2019.04.05-00.36.30:146][  0]LogTemp: Display: Loaded TP AndroidTargetPlatform
[2019.04.05-00.36.30:146][  0]LogTemp: Display: Loaded TP AndroidTargetPlatform
[2019.04.05-00.36.30:146][  0]LogTemp: Display: Loaded TP AndroidTargetPlatform
[2019.04.05-00.36.30:146][  0]LogTemp: Display: Loaded TP AndroidTargetPlatform
[2019.04.05-00.36.30:146][  0]LogTemp: Display: Loaded TP AndroidTargetPlatform
[2019.04.05-00.36.30:146][  0]LogTemp: Display: Loaded TP AndroidTargetPlatform
[2019.04.05-00.36.30:147][  0]LogTemp: Display: Loaded TP AndroidTargetPlatform
[2019.04.05-00.36.30:147][  0]LogTemp: Display: Loaded TP AndroidTargetPlatform
[2019.04.05-00.36.30:147][  0]LogTemp: Display: Loaded TP AndroidTargetPlatform
[2019.04.05-00.36.30:147][  0]LogTemp: Display: Loaded TP AndroidTargetPlatform
[2019.04.05-00.36.30:147][  0]LogTemp: Display: Loaded TP AndroidTargetPlatform
[2019.04.05-00.36.30:147][  0]LogTemp: Display: Loaded TP AndroidTargetPlatform
[2019.04.05-00.36.30:147][  0]LogTemp: Display: Loaded TP AndroidTargetPlatform
[2019.04.05-00.36.30:147][  0]LogTemp: Display: Loaded TP AndroidTargetPlatform
[2019.04.05-00.36.30:147][  0]LogTemp: Display: Loaded TP AndroidTargetPlatform
[2019.04.05-00.36.30:148][  0]LogTemp: Display: Loaded TP HTML5TargetPlatform
[2019.04.05-00.36.30:214][  0]LogTemp: Display: Loaded TP IOSTargetPlatform
[2019.04.05-00.36.30:214][  0]LogTemp: Display: Loaded TP IOSTargetPlatform
[2019.04.05-00.36.30:242][  0]LogTemp: Display: Loaded TP TVOSTargetPlatform
[2019.04.05-00.36.30:242][  0]LogTemp: Display: Loaded TP TVOSTargetPlatform
[2019.04.05-00.36.30:262][  0]LogTemp: Display: Loaded TP LinuxClientTargetPlatform
[2019.04.05-00.36.30:278][  0]LogTemp: Display: Loaded TP LinuxNoEditorTargetPlatform
[2019.04.05-00.36.30:293][  0]LogTemp: Display: Loaded TP LinuxServerTargetPlatform
[2019.04.05-00.36.30:311][  0]LogTemp: Display: Loaded TP LinuxTargetPlatform
[2019.04.05-00.36.30:321][  0]LogTemp: Display: Loaded TP LuminTargetPlatform
[2019.04.05-00.36.30:321][  0]LogTargetPlatformManager: Display: Building Assets For Windows
[2019.04.05-00.36.30:377][  0]LogXGEController: Cleaning working directory: C:/Users/Davo/AppData/Local/Temp/UnrealXGEWorkingDir/
[2019.04.05-00.36.30:378][  0]LogXGEController: Cannot use XGE Controller as Incredibuild is not installed on this machine.
[2019.04.05-00.36.30:378][  0]LogShaderCompilers: Cannot use XGE Shader Compiler as Incredibuild is not installed on this machine.
[2019.04.05-00.36.30:378][  0]LogShaderCompilers: Display: Using Local Shader Compiler.
[2019.04.05-00.36.31:229][  0]LogDerivedDataCache: Display: Max Cache Size: 512 MB
[2019.04.05-00.36.31:395][  0]LogDerivedDataCache: Loaded boot cache 0.17s 71MB C:/Users/Davo/AppData/Local/UnrealEngine/4.20/DerivedDataCache/Boot.ddc.
[2019.04.05-00.36.31:396][  0]LogDerivedDataCache: Display: Loaded Boot cache: C:/Users/Davo/AppData/Local/UnrealEngine/4.20/DerivedDataCache/Boot.ddc
[2019.04.05-00.36.31:396][  0]LogDerivedDataCache: FDerivedDataBackendGraph:  Pak pak cache file ../../../../../ProjetNeo/VVirtual/VVIRTUAL/DerivedDataCache/DDC.ddp not found, will not use a pak cache.
[2019.04.05-00.36.31:396][  0]LogDerivedDataCache: Unable to find inner node Pak for hierarchical cache Hierarchy.
[2019.04.05-00.36.31:396][  0]LogDerivedDataCache: FDerivedDataBackendGraph:  CompressedPak pak cache file ../../../../../ProjetNeo/VVirtual/VVIRTUAL/DerivedDataCache/Compressed.ddp not found, will not use a pak cache.
[2019.04.05-00.36.31:396][  0]LogDerivedDataCache: Unable to find inner node CompressedPak for hierarchical cache Hierarchy.
[2019.04.05-00.36.31:420][  0]LogDerivedDataCache: Display: Pak cache opened for reading ../../../Engine/DerivedDataCache/Compressed.ddp.
[2019.04.05-00.36.31:434][  0]LogDerivedDataCache: Using Local data cache path C:/Users/Davo/AppData/Local/UnrealEngine/Common/DerivedDataCache: Writable
[2019.04.05-00.36.31:434][  0]LogDerivedDataCache: Shared data cache path not found in *engine.ini, will not use an Shared cache.
[2019.04.05-00.36.31:434][  0]LogDerivedDataCache: Unable to find inner node Shared for hierarchical cache Hierarchy.
[2019.04.05-00.36.31:463][  0]LogMaterial: Verifying Global Shaders for PCD3D_SM5
[2019.04.05-00.36.31:464][  0]LogSlate: Using FreeType 2.6.0
[2019.04.05-00.36.31:465][  0]LogSlate: SlateFontServices - WITH_FREETYPE: 1, WITH_HARFBUZZ: 1
[2019.04.05-00.36.31:579][  0]LogAssetRegistry: FAssetRegistry took 0.0250 seconds to start up
[2019.04.05-00.36.32:032][  0]LogInit: Selected Device Profile: [Windows]
[2019.04.05-00.36.32:345][  0]LogSimplygon: Simplygon DLL not present - disabling.
[2019.04.05-00.36.32:348][  0]LogMeshReduction: Using SimplygonSwarm for distributed automatic mesh merging
[2019.04.05-00.36.32:348][  0]LogMeshReduction: Using ProxyLODMeshReduction for automatic mesh merging
[2019.04.05-00.36.32:348][  0]LogMeshReduction: Using QuadricMeshReduction for automatic static mesh reduction
[2019.04.05-00.36.32:348][  0]LogMeshReduction: No automatic skeletal mesh reduction module available
[2019.04.05-00.36.32:370][  0]LogNetVersion: VVIRTUAL 1.0.0, NetCL: 4212847, EngineNetVer: 5, GameNetVer: 0 (Checksum: 1343756483)
[2019.04.05-00.36.33:242][  0]LogPackageLocalizationCache: Processed 11 localized package path(s) for 2 prioritized culture(s) in 0.172457 seconds
[2019.04.05-00.36.33:250][  0]LogUObjectArray: 38425 objects as part of root set at end of initial load.
[2019.04.05-00.36.33:250][  0]LogUObjectAllocator: 6690864 out of 0 bytes used by permanent object pool.
[2019.04.05-00.36.33:250][  0]LogUObjectArray: CloseDisregardForGC: 0/0 objects in disregard for GC pool
[2019.04.05-00.36.34:492][  0]LogTcpMessaging: Initializing TcpMessaging bridge
[2019.04.05-00.36.34:504][  0]LogUdpMessaging: Initializing bridge on interface 0.0.0.0:0 to multicast group 230.0.0.1:6666.
[2019.04.05-00.36.34:696][  0]SourceControl: Source control is disabled
[2019.04.05-00.36.34:696][  0]SourceControl: Source control is disabled
[2019.04.05-00.36.34:699][  0]SourceControl: Source control is disabled
[2019.04.05-00.36.34:701][  0]SourceControl: Source control is disabled
[2019.04.05-00.36.34:883][  0]LogAndroidPermission: UAndroidPermissionCallbackProxy::GetInstance
[2019.04.05-00.36.34:955][  0]LogOcInput: OculusInput pre-init called
[2019.04.05-00.36.35:023][  0]LogEngine: Initializing Engine...
[2019.04.05-00.36.35:025][  0]LogHMD: Failed to initialize OpenVR with code 110
[2019.04.05-00.36.35:027][  0]LogStats: UGameplayTagsManager::ConstructGameplayTagTree: ImportINI prefixes -  0.000 s
[2019.04.05-00.36.35:027][  0]LogStats: UGameplayTagsManager::ConstructGameplayTagTree: Construct from data asset -  0.000 s
[2019.04.05-00.36.35:027][  0]LogStats: UGameplayTagsManager::ConstructGameplayTagTree: ImportINI -  0.000 s
[2019.04.05-00.36.35:027][  0]LogStats: UGameplayTagsManager::ConstructGameplayTagTree: GameplayTagTreeChangedEvent.Broadcast -  0.000 s
[2019.04.05-00.36.35:330][  0]LogInit: Initializing FReadOnlyCVARCache
[2019.04.05-00.36.35:344][  0]LogAIModule: Creating AISystem for world Untitled
[2019.04.05-00.36.35:393][  0]LogInit: XAudio2 using 'Haut-parleurs (Sound Blaster Recon3Di)' : 2 channels at 48 kHz using 32 bits per sample (channel mask 0x3)
[2019.04.05-00.36.35:411][  0]LogInit: FAudioDevice initialized.
[2019.04.05-00.36.35:412][  0]LogNetVersion: Set ProjectVersion to 1.0.0.0. Version Checksum will be recalculated on next use.
[2019.04.05-00.36.35:517][  0]LogDerivedDataCache: Saved boot cache 0.11s 71MB C:/Users/Davo/AppData/Local/UnrealEngine/4.20/DerivedDataCache/Boot.ddc.
[2019.04.05-00.36.35:522][  0]LogInit: Texture streaming: Enabled
[2019.04.05-00.36.35:539][  0]LogEngineSessionManager: EngineSessionManager initialized
[2019.04.05-00.36.35:556][  0]LogInit: Transaction tracking system initialized
[2019.04.05-00.36.35:582][  0]BlueprintLog: New page: Editor Load
[2019.04.05-00.36.35:654][  0]LocalizationService: Localization service is disabled
[2019.04.05-00.36.36:090][  0]LogCook: Display: Max memory allowance for cook 16384mb min free memory 0mb
[2019.04.05-00.36.36:090][  0]LogCook: Display: Mobile HDR setting 1
[2019.04.05-00.36.36:090][  0]LogGameplayTags: Display: UGameplayTagsManager::DoneAddingNativeTags. DelegateIsBound: 0
[2019.04.05-00.36.36:090][  0]LogStats: UGameplayTagsManager::ConstructGameplayTagTree: ImportINI prefixes -  0.000 s
[2019.04.05-00.36.36:091][  0]LogStats: UGameplayTagsManager::ConstructGameplayTagTree: Construct from data asset -  0.000 s
[2019.04.05-00.36.36:091][  0]LogStats: UGameplayTagsManager::ConstructGameplayTagTree: ImportINI -  0.000 s
[2019.04.05-00.36.36:091][  0]LogStats: UGameplayTagsManager::ConstructGameplayTagTree: GameplayTagTreeChangedEvent.Broadcast -  0.000 s
[2019.04.05-00.36.36:228][  0]LogFileCache: Scanning file cache for directory 'D:/Program Files (x86)/ProjetNeo/VVirtual/VVIRTUAL/Content/' took 0.02s
[2019.04.05-00.36.36:228][  0]SourceControl: Source control is disabled
[2019.04.05-00.36.36:228][  0]Cmd: MAP LOAD FILE="../../../../../ProjetNeo/VVirtual/VVIRTUAL/Content/FirstPersonBP/Maps/FirstPersonExampleMap.umap" TEMPLATE=0 SHOWPROGRESS=1 FEATURELEVEL=3
[2019.04.05-00.36.36:228][  0]LogEditorServer: Warning: Can't find file '../../../../../ProjetNeo/VVirtual/VVIRTUAL/Content/FirstPersonBP/Maps/FirstPersonExampleMap.umap'
[2019.04.05-00.36.36:228][  0]Cmd: MAP CHECKDEP NOCLEARLOG
[2019.04.05-00.36.36:298][  0]MapCheck: Map check complete: 0 Error(s), 0 Warning(s), took 70,084ms to complete.
[2019.04.05-00.36.36:298][  0]LogFileHelpers: Loading map 'FirstPersonExampleMap' took 0.071
[2019.04.05-00.36.36:510][  0]LogSlate: Updating window title bar state: overlay mode, drag disabled, window buttons hidden, title bar hidden
[2019.04.05-00.36.36:519][  0]LogSlate: Updating window title bar state: overlay mode, drag disabled, window buttons hidden, title bar hidden
[2019.04.05-00.36.36:528][  0]LogSlate: Updating window title bar state: overlay mode, drag disabled, window buttons hidden, title bar hidden
[2019.04.05-00.36.36:540][  0]LogSlate: Updating window title bar state: overlay mode, drag disabled, window buttons hidden, title bar hidden
[2019.04.05-00.36.36:547][  0]LogCollectionManager: Loaded 0 collections in 0.001585 seconds
[2019.04.05-00.36.36:590][  0]LogFileCache: Scanning file cache for directory 'D:/Program Files (x86)/ProjetNeo/VVirtual/VVIRTUAL/Saved/Collections/' took 0.01s
[2019.04.05-00.36.36:590][  0]LogFileCache: Scanning file cache for directory 'D:/Program Files (x86)/ProjetNeo/VVirtual/VVIRTUAL/Content/Developers/Davo/Collections/' took 0.01s
[2019.04.05-00.36.36:590][  0]LogFileCache: Scanning file cache for directory 'D:/Program Files (x86)/ProjetNeo/VVirtual/VVIRTUAL/Content/Collections/' took 0.01s
[2019.04.05-00.36.36:590][  0]LogCollectionManager: Rebuilt the GUID cache for 0 collections in 0.000000 seconds
[2019.04.05-00.36.36:600][  0]LogContentBrowser: Native class hierarchy populated in 0.0100 seconds. Added 2572 classes and 603 folders.
[2019.04.05-00.36.36:608][  0]LogContentBrowser: Native class hierarchy updated for 'WidgetCarousel' in 0.0003 seconds. Added 0 classes and 0 folders.
[2019.04.05-00.36.36:699][  0]LogContentBrowser: Native class hierarchy updated for 'AddContentDialog' in 0.0003 seconds. Added 0 classes and 0 folders.
[2019.04.05-00.36.36:703][  0]LogContentBrowser: Native class hierarchy updated for 'SceneOutliner' in 0.0003 seconds. Added 1 classes and 2 folders.
[2019.04.05-00.36.36:887][  0]LogSlate: Took 0.000579 seconds to synchronously load lazily loaded font '../../../Engine/Content/Slate/Fonts/Roboto-Regular.ttf' (155K)
[2019.04.05-00.36.36:891][  0]LogSlate: Took 0.000457 seconds to synchronously load lazily loaded font '../../../Engine/Content/Slate/Fonts/Roboto-Bold.ttf' (160K)
[2019.04.05-00.36.36:902][  0]LogSlate: Took 0.000469 seconds to synchronously load lazily loaded font '../../../Engine/Content/Editor/Slate/Fonts/FontAwesome.ttf' (139K)
[2019.04.05-00.36.37:012][  0]LogRenderer: Reallocating scene render targets to support 744x468 Format 10 NumSamples 1 (Frame:1).
[2019.04.05-00.36.37:255][  0]LogContentBrowser: Native class hierarchy updated for 'HierarchicalLODOutliner' in 0.0003 seconds. Added 0 classes and 0 folders.
[2019.04.05-00.36.37:255][  0]LogLoad: (Engine Initialization) Total time: 11.43 seconds
[2019.04.05-00.36.37:255][  0]LogLoad: (Engine Initialization) Total Blueprint compile time: 0.00 seconds
[2019.04.05-00.36.37:299][  0]LogContentStreaming: Texture pool size now 1000 MB
[2019.04.05-00.36.37:311][  0]LogSlate: Took 0.000458 seconds to synchronously load lazily loaded font '../../../Engine/Content/Slate/Fonts/Roboto-Light.ttf' (167K)
[2019.04.05-00.36.37:447][  2]LogAssetRegistry: Asset discovery search completed in 5.8880 seconds
[2019.04.05-00.36.37:449][  2]LogCollectionManager: Rebuilt the object cache for 0 collections in 0.000000 seconds (found 0 objects)
[2019.04.05-00.36.37:449][  2]LogCollectionManager: Fixed up redirectors for 0 collections in 0.000050 seconds (updated 0 objects)
[2019.04.05-00.37.53:245][545]LogSlate: FSceneViewport::OnFocusLost() reason 0
[2019.04.05-00.37.54:309][608]LogSlate: Took 0.000242 seconds to synchronously load lazily loaded font '../../../Engine/Content/Slate/Fonts/Roboto-Light.ttf' (167K)
[2019.04.05-00.37.55:071][608]LogAIModule: Creating AISystem for world Map_1
[2019.04.05-00.37.55:150][608]LogAssetEditorManager: Opening Asset editor for World /Game/MAPS/Map_1.Map_1
[2019.04.05-00.37.55:175][608]Cmd: MAP LOAD FILE="../../../../../ProjetNeo/VVirtual/VVIRTUAL/Content/MAPS/Map_1.umap" TEMPLATE=0 SHOWPROGRESS=1 FEATURELEVEL=3
[2019.04.05-00.37.55:175][608]LightingResults: New page: Lighting Build
[2019.04.05-00.37.55:177][608]LogContentBrowser: Native class hierarchy updated for 'StatsViewer' in 0.0003 seconds. Added 5 classes and 0 folders.
[2019.04.05-00.37.55:177][608]LoadErrors: New page: Loading map: Map_1.umap
[2019.04.05-00.37.55:178][608]MapCheck: New page: Map Check
[2019.04.05-00.37.55:178][608]LightingResults: New page: Lighting Build
[2019.04.05-00.37.55:262][608]LogEditorServer: Finished looking for orphan Actors (0.000 secs)
[2019.04.05-00.37.55:319][608]Cmd: MAP CHECKDEP NOCLEARLOG
[2019.04.05-00.37.55:401][608]MapCheck: Map check complete: 0 Error(s), 0 Warning(s), took 81,74ms to complete.
[2019.04.05-00.37.55:402][608]LogFileHelpers: Loading map 'Map_1' took 0.228
[2019.04.05-00.38.02:759][ 31]LogEditorViewport: Clicking on Actor (LMB): BP_GoodSky_C (BP_GoodSky)
[2019.04.05-00.38.02:813][ 31]LogSlate: Took 0.005144 seconds to synchronously load lazily loaded font '../../../Engine/Content/Slate/Fonts/DroidSansFallback.ttf' (3848K)
[2019.04.05-00.38.08:022][340]LogSlate: FSceneViewport::OnFocusLost() reason 0
[2019.04.05-00.38.09:155][408]LogEditorViewport: Clicking on Actor (LMB): BP_GoodSky_C (BP_GoodSky)
[2019.04.05-00.38.10:258][472]LogSlate: FSceneViewport::OnFocusLost() reason 0
[2019.04.05-00.38.11:300][533]MapCheck: New page: Map Check
[2019.04.05-00.38.11:345][533]Cmd: MAP REBUILD ALLVISIBLE
[2019.04.05-00.38.11:345][533]LogEditorServer: Rebuildmap Clear paths rebuilt
[2019.04.05-00.38.11:426][533]LightingResults: New page: Lighting Build - 5 avr. 2019 04:38:11
[2019.04.05-00.38.11:544][533]LogSwarmInterface: [OpenConnection] Registering TCP channel ...
[2019.04.05-00.38.11:695][533]LogSwarmInterface: [OpenConnection] Connecting to agent ...
[2019.04.05-00.38.11:720][533]LogSwarmInterface: [TryOpenConnection] Testing the Agent
[2019.04.05-00.38.12:741][533]LogSwarmInterface: [TryOpenConnection] Opening Connection to Agent
[2019.04.05-00.38.12:741][533]LogSwarmInterface: [TryOpenConnection] Local Process ID is 2640
[2019.04.05-00.38.15:700][533]LightingResults: Warning: No importance volume found and the scene is so large that the automatically synthesized volume will not yield good results.  Please add a tightly bounding lightmass importance volume to optimize your scene's quality and lighting build times.
[2019.04.05-00.38.15:700][533]LogStaticLightingSystem: Running Lightmass w/ ImmediateImport mode ENABLED
[2019.04.05-00.38.15:700][533]LogStaticLightingSystem: Running Lightmass w/ ImmediateProcess mode ENABLED
[2019.04.05-00.38.15:700][533]LogStaticLightingSystem: Running Lightmass w/ Sorting mode ENABLED
[2019.04.05-00.38.15:700][533]LogStaticLightingSystem: Running Lightmass w/ Mapping paddings ENABLED
[2019.04.05-00.38.15:700][533]LogStaticLightingSystem: Running Lightmass w/ Mapping debug paddings DISABLED
[2019.04.05-00.38.16:049][533]LogEditorBuildUtils: Build time 0:04
[2019.04.05-00.38.16:061][533]LogMaterial: Display: Missing cached shader map for material FLightmassMaterialRenderer M_Water_Ocean, compiling. 
[2019.04.05-00.38.16:077][533]LogMaterial: Display: Missing cached shader map for material FLightmassMaterialRenderer M_Water_Ocean, compiling. 
[2019.04.05-00.38.16:091][533]LogShaderCompilers: Display: Shaders left to compile 2
[2019.04.05-00.38.17:112][534]LogShaderCompilers: Display: Shaders left to compile 2
[2019.04.05-00.38.49:690][963]Job is a success!
[2019.04.05-00.38.50:338][964]LogVolumetricLightmapImport: Imported Volumetric Lightmap in 0.140s
[2019.04.05-00.38.50:338][964]LogVolumetricLightmapImport:      Indirection Texture 32x32x32 = 0.1Mb
[2019.04.05-00.38.50:338][964]LogVolumetricLightmapImport:      BrickData 1280x15x5 = 3.8Mb
[2019.04.05-00.38.50:338][964]LogVolumetricLightmapImport:      Bricks at Level
[2019.04.05-00.38.50:338][964]LogVolumetricLightmapImport:          0: 1.1% covering 100.0% of volume
[2019.04.05-00.38.50:338][964]LogVolumetricLightmapImport:          1: 6.7% covering 9.6% of volume
[2019.04.05-00.38.50:338][964]LogVolumetricLightmapImport:          2: 92.2% covering 2.1% of volume
[2019.04.05-00.38.54:203][964]LogTexture: Display: Building textures: SkyOcclusion0_1 (AutoDXT, 2048X1024)
[2019.04.05-00.38.54:203][964]LogTexture: Display: Building textures: HQ_Lightmap0_1 (AutoDXT, 2048X2048)
[2019.04.05-00.38.54:203][964]LogTexture: Display: Building textures: LQ_Lightmap_0_1 (DXT1, 2048X2048)
[2019.04.05-00.38.54:203][964]LogTexture: Display: Building textures: SkyOcclusion0_2 (AutoDXT, 2048X1024)
[2019.04.05-00.38.54:203][964]LogTexture: Display: Building textures: HQ_Lightmap0_2 (AutoDXT, 2048X2048)
[2019.04.05-00.38.54:203][964]LogTexture: Display: Building textures: LQ_Lightmap_0_2 (DXT1, 2048X2048)
[2019.04.05-00.38.54:203][964]LogTexture: Display: Building textures: SkyOcclusion0_3 (AutoDXT, 128X64)
[2019.04.05-00.38.54:203][964]LogTexture: Display: Building textures: HQ_Lightmap0_3 (AutoDXT, 128X128)
[2019.04.05-00.38.54:203][964]LogTexture: Display: Building textures: LQ_Lightmap_0_3 (DXT1, 128X128)
[2019.04.05-00.38.54:363][964]Lightmass on DAVO-PC: 35.6 sec total, 148 ms importing, 4 ms setup, 9.14 sec photons, 26.3 sec processing, 0 ms extra exporting [7/7 mappings]. Threads: 3:04 min total, 36.0 sec processing.
[2019.04.05-00.38.54:421][964]LogStaticLightingSystem: Illumination: 42.5 sec (3.13 sec encoding lightmaps, 0 ms encoding shadowmaps)
[2019.04.05-00.38.54:421][964]LogStaticLightingSystem: Lightmap texture memory:  21.4 MB (0.0 MB streaming, 21.3 MB non-streaming), 6 textures
[2019.04.05-00.38.54:421][964]LogStaticLightingSystem: Shadowmap texture memory: 0.0 MB (0.0 MB streaming, 0.0 MB non-streaming), 0 textures
[2019.04.05-00.38.54:599][964]DumpUnbuiltLightIteractions
[2019.04.05-00.38.54:599][964]Lights with unbuilt interactions: 0
[2019.04.05-00.38.54:599][964]
[2019.04.05-00.38.54:600][964]Primitives with unbuilt interactions: 0
[2019.04.05-00.38.54:766][965]Cmd: MAP CHECK NOTIFYRESULTS
[2019.04.05-00.38.54:766][965]MapCheck: New page: Map_1 - 5 avr. 2019 04:38:54
[2019.04.05-00.38.54:767][965]MapCheck: Warning: BP_GoodSky_2 Large actor receives a pre-shadow and will cause an extreme performance hit unless bCastDynamicShadow is set to false. 
[2019.04.05-00.38.54:856][965]MapCheck: Map check complete: 0 Error(s), 1 Warning(s), took 89,363ms to complete.
[2019.04.05-00.39.11:028][116]LogSlate: FSceneViewport::OnFocusLost() reason 0
[2019.04.05-00.39.13:328][254]LogSlate: Window 'Message Log' being destroyed
[2019.04.05-00.39.13:330][254]LogSlate: Window 'Message Log' being destroyed
[2019.04.05-00.39.14:412][319]LogEditorViewport: Clicking Background
[2019.04.05-00.39.21:037][714]LogSlate: FSceneViewport::OnFocusLost() reason 0
[2019.04.05-00.39.31:404][331]Cmd: DELETE
[2019.04.05-00.39.31:404][331]Cmd: ACTOR DELETE
[2019.04.05-00.39.31:406][331]LogEditorActor: Deleted Actor: SphereReflectionCapture
[2019.04.05-00.39.31:429][331]LogEditorActor: Deleted 1 Actors (0.025 secs)
[2019.04.05-00.39.32:423][391]LogSlate: FSceneViewport::OnFocusLost() reason 0
[2019.04.05-00.39.45:745][187]LogSlate: FSceneViewport::OnFocusLost() reason 0
[2019.04.05-00.39.53:827][671]LogSlate: FSceneViewport::OnFocusLost() reason 0
[2019.04.05-00.40.03:397][236]LogSlate: FSceneViewport::OnFocusLost() reason 2
[2019.04.05-00.40.05:319][349]LogSlate: FSceneViewport::OnFocusLost() reason 2
[2019.04.05-00.40.08:719][549]LogSlate: FSceneViewport::OnFocusLost() reason 0
[2019.04.05-00.40.09:591][600]MapCheck: New page: Map Check
[2019.04.05-00.40.09:615][600]Cmd: MAP REBUILD ALLVISIBLE
[2019.04.05-00.40.09:616][600]LogEditorServer: Rebuildmap Clear paths rebuilt
[2019.04.05-00.40.09:845][600]LightingResults: New page: Lighting Build - 5 avr. 2019 04:40:09
[2019.04.05-00.40.09:861][600]LogSwarmInterface: [OpenConnection] Registering TCP channel ...
[2019.04.05-00.40.09:864][600]LogSwarmInterface: [OpenConnection] Connecting to agent ...
[2019.04.05-00.40.09:864][600]LogSwarmInterface: [TryOpenConnection] Testing the Agent
[2019.04.05-00.40.09:865][600]LogSwarmInterface: [TryOpenConnection] Opening Connection to Agent
[2019.04.05-00.40.09:866][600]LogSwarmInterface: [TryOpenConnection] Local Process ID is 2640
[2019.04.05-00.40.14:540][600]LightingResults: Warning: No importance volume found and the scene is so large that the automatically synthesized volume will not yield good results.  Please add a tightly bounding lightmass importance volume to optimize your scene's quality and lighting build times.
[2019.04.05-00.40.14:541][600]LogStaticLightingSystem: Running Lightmass w/ ImmediateImport mode ENABLED
[2019.04.05-00.40.14:541][600]LogStaticLightingSystem: Running Lightmass w/ ImmediateProcess mode ENABLED
[2019.04.05-00.40.14:541][600]LogStaticLightingSystem: Running Lightmass w/ Sorting mode ENABLED
[2019.04.05-00.40.14:541][600]LogStaticLightingSystem: Running Lightmass w/ Mapping paddings ENABLED
[2019.04.05-00.40.14:541][600]LogStaticLightingSystem: Running Lightmass w/ Mapping debug paddings DISABLED
[2019.04.05-00.40.14:829][600]LogEditorBuildUtils: Build time 0:05
[2019.04.05-00.40.45:935][275]Job is a success!
[2019.04.05-00.40.46:157][277]LogVolumetricLightmapImport: Imported Volumetric Lightmap in 0.131s
[2019.04.05-00.40.46:157][277]LogVolumetricLightmapImport:      Indirection Texture 32x32x32 = 0.1Mb
[2019.04.05-00.40.46:157][277]LogVolumetricLightmapImport:      BrickData 1280x15x5 = 3.8Mb
[2019.04.05-00.40.46:157][277]LogVolumetricLightmapImport:      Bricks at Level
[2019.04.05-00.40.46:157][277]LogVolumetricLightmapImport:          0: 1.1% covering 100.0% of volume
[2019.04.05-00.40.46:157][277]LogVolumetricLightmapImport:          1: 6.7% covering 9.6% of volume
[2019.04.05-00.40.46:157][277]LogVolumetricLightmapImport:          2: 92.2% covering 2.1% of volume
[2019.04.05-00.40.49:908][277]LogTexture: Display: Building textures: SkyOcclusion1_1 (AutoDXT, 2048X1024)
[2019.04.05-00.40.49:908][277]LogTexture: Display: Building textures: HQ_Lightmap1_1 (AutoDXT, 2048X2048)
[2019.04.05-00.40.49:908][277]LogTexture: Display: Building textures: LQ_Lightmap_1_1 (DXT1, 2048X2048)
[2019.04.05-00.40.49:908][277]LogTexture: Display: Building textures: SkyOcclusion1_2 (AutoDXT, 2048X1024)
[2019.04.05-00.40.49:908][277]LogTexture: Display: Building textures: HQ_Lightmap1_2 (AutoDXT, 2048X2048)
[2019.04.05-00.40.49:908][277]LogTexture: Display: Building textures: LQ_Lightmap_1_2 (DXT1, 2048X2048)
[2019.04.05-00.40.49:908][277]LogTexture: Display: Building textures: SkyOcclusion1_3 (AutoDXT, 128X64)
[2019.04.05-00.40.49:908][277]LogTexture: Display: Building textures: HQ_Lightmap1_3 (AutoDXT, 128X128)
[2019.04.05-00.40.49:908][277]LogTexture: Display: Building textures: LQ_Lightmap_1_3 (DXT1, 128X128)
[2019.04.05-00.40.50:047][277]Lightmass on DAVO-PC: 34.2 sec total, 152 ms importing, 5 ms setup, 8.99 sec photons, 25.0 sec processing, 0 ms extra exporting [7/7 mappings]. Threads: 2:55 min total, 35.0 sec processing.
[2019.04.05-00.40.50:109][277]LogStaticLightingSystem: Illumination: 40.2 sec (3.17 sec encoding lightmaps, 0 ms encoding shadowmaps)
[2019.04.05-00.40.50:109][277]LogStaticLightingSystem: Lightmap texture memory:  21.4 MB (0.0 MB streaming, 21.3 MB non-streaming), 6 textures
[2019.04.05-00.40.50:109][277]LogStaticLightingSystem: Shadowmap texture memory: 0.0 MB (0.0 MB streaming, 0.0 MB non-streaming), 0 textures
[2019.04.05-00.40.59:443][277]DumpUnbuiltLightIteractions
[2019.04.05-00.40.59:444][277]Lights with unbuilt interactions: 0
[2019.04.05-00.40.59:444][277]
[2019.04.05-00.40.59:444][277]Primitives with unbuilt interactions: 0
[2019.04.05-00.40.59:685][278]Cmd: MAP CHECK NOTIFYRESULTS
[2019.04.05-00.40.59:685][278]MapCheck: New page: Map_1 - 5 avr. 2019 04:40:59
[2019.04.05-00.40.59:685][278]MapCheck: Warning: BP_GoodSky_2 Large actor receives a pre-shadow and will cause an extreme performance hit unless bCastDynamicShadow is set to false. 
[2019.04.05-00.40.59:777][278]MapCheck: Map check complete: 0 Error(s), 1 Warning(s), took 92,234ms to complete.
[2019.04.05-00.41.20:684][388]LogSlate: Window 'Message Log' being destroyed
[2019.04.05-00.41.20:686][388]LogSlate: Window 'Message Log' being destroyed
[2019.04.05-00.41.22:479][494]LogEditorActor: Deleted Actor: BoxReflectionCapture
[2019.04.05-00.41.22:502][494]LogEditorActor: Deleted 1 Actors (0.025 secs)
[2019.04.05-00.41.36:763][343]LogSlate: FSceneViewport::OnFocusLost() reason 0
[2019.04.05-00.41.41:597][633]LogSlate: FSceneViewport::OnFocusLost() reason 0
[2019.04.05-00.41.52:917][312]LogEditorViewport: Clicking on Actor (LMB): BP_GoodSky_C (BP_GoodSky)
[2019.04.05-00.41.54:167][384]LogSlate: FSceneViewport::OnFocusLost() reason 2
[2019.04.05-00.41.54:865][426]MapCheck: New page: Map Check
[2019.04.05-00.41.54:880][426]LogSlate: FSceneViewport::OnFocusLost() reason 2
[2019.04.05-00.41.54:890][426]Cmd: MAP REBUILD ALLVISIBLE
[2019.04.05-00.41.54:890][426]LogEditorServer: Rebuildmap Clear paths rebuilt
[2019.04.05-00.41.55:123][426]LightingResults: New page: Lighting Build - 5 avr. 2019 04:41:55
[2019.04.05-00.41.55:134][426]LogSwarmInterface: [OpenConnection] Registering TCP channel ...
[2019.04.05-00.41.55:136][426]LogSwarmInterface: [OpenConnection] Connecting to agent ...
[2019.04.05-00.41.55:136][426]LogSwarmInterface: [TryOpenConnection] Testing the Agent
[2019.04.05-00.41.55:137][426]LogSwarmInterface: [TryOpenConnection] Opening Connection to Agent
[2019.04.05-00.41.55:137][426]LogSwarmInterface: [TryOpenConnection] Local Process ID is 2640
[2019.04.05-00.41.59:747][426]LogStaticLightingSystem: Running Lightmass w/ ImmediateImport mode ENABLED
[2019.04.05-00.41.59:747][426]LogStaticLightingSystem: Running Lightmass w/ ImmediateProcess mode ENABLED
[2019.04.05-00.41.59:747][426]LogStaticLightingSystem: Running Lightmass w/ Sorting mode ENABLED
[2019.04.05-00.41.59:747][426]LogStaticLightingSystem: Running Lightmass w/ Mapping paddings ENABLED
[2019.04.05-00.41.59:747][426]LogStaticLightingSystem: Running Lightmass w/ Mapping debug paddings DISABLED
[2019.04.05-00.42.00:041][426]LogEditorBuildUtils: Build time 0:05
[2019.04.05-00.42.59:121][ 44]Job is a success!
[2019.04.05-00.43.00:990][ 45]LogVolumetricLightmapImport: Imported Volumetric Lightmap in 1.348s
[2019.04.05-00.43.00:990][ 45]LogVolumetricLightmapImport:      Indirection Texture 256x256x256 = 64.0Mb
[2019.04.05-00.43.00:990][ 45]LogVolumetricLightmapImport:      BrickData 1280x160x5 = 40.0Mb
[2019.04.05-00.43.00:990][ 45]LogVolumetricLightmapImport:      Bricks at Level
[2019.04.05-00.43.00:990][ 45]LogVolumetricLightmapImport:          0: 51.2% covering 100.0% of volume
[2019.04.05-00.43.00:990][ 45]LogVolumetricLightmapImport:          1: 48.8% covering 1.5% of volume
[2019.04.05-00.43.00:990][ 45]LogVolumetricLightmapImport:          2: 0.0% covering 0.0% of volume
[2019.04.05-00.43.04:873][ 45]LogTexture: Display: Building textures: SkyOcclusion0_1 (AutoDXT, 2048X1024)
[2019.04.05-00.43.04:873][ 45]LogTexture: Display: Building textures: HQ_Lightmap0_1 (AutoDXT, 2048X2048)
[2019.04.05-00.43.04:873][ 45]LogTexture: Display: Building textures: LQ_Lightmap_0_1 (DXT1, 2048X2048)
[2019.04.05-00.43.04:874][ 45]LogTexture: Display: Building textures: SkyOcclusion0_2 (AutoDXT, 2048X1024)
[2019.04.05-00.43.04:874][ 45]LogTexture: Display: Building textures: HQ_Lightmap0_2 (AutoDXT, 2048X2048)
[2019.04.05-00.43.04:874][ 45]LogTexture: Display: Building textures: LQ_Lightmap_0_2 (DXT1, 2048X2048)
[2019.04.05-00.43.04:874][ 45]LogTexture: Display: Building textures: SkyOcclusion0_3 (AutoDXT, 128X64)
[2019.04.05-00.43.04:874][ 45]LogTexture: Display: Building textures: HQ_Lightmap0_3 (AutoDXT, 128X128)
[2019.04.05-00.43.04:874][ 45]LogTexture: Display: Building textures: LQ_Lightmap_0_3 (DXT1, 128X128)
[2019.04.05-00.43.05:088][ 45]Lightmass on DAVO-PC: 1:04 min total, 140 ms importing, 5 ms setup, 8.33 sec photons, 55.5 sec processing, 0 ms extra exporting [7/7 mappings]. Threads: 6:28 min total, 1:03 min processing.
[2019.04.05-00.43.05:335][ 45]LogStaticLightingSystem: Illumination: 1:09 min (3.11 sec encoding lightmaps, 0 ms encoding shadowmaps)
[2019.04.05-00.43.05:335][ 45]LogStaticLightingSystem: Lightmap texture memory:  21.4 MB (0.0 MB streaming, 21.3 MB non-streaming), 6 textures
[2019.04.05-00.43.05:336][ 45]LogStaticLightingSystem: Shadowmap texture memory: 0.0 MB (0.0 MB streaming, 0.0 MB non-streaming), 0 textures
[2019.04.05-00.43.05:653][ 45]DumpUnbuiltLightIteractions
[2019.04.05-00.43.05:653][ 45]Lights with unbuilt interactions: 0
[2019.04.05-00.43.05:653][ 45]
[2019.04.05-00.43.05:653][ 45]Primitives with unbuilt interactions: 0
[2019.04.05-00.43.05:839][ 46]Cmd: MAP CHECK NOTIFYRESULTS
[2019.04.05-00.43.05:839][ 46]MapCheck: New page: Map_1 - 5 avr. 2019 04:43:05
[2019.04.05-00.43.05:840][ 46]MapCheck: Warning: BP_GoodSky_2 Large actor receives a pre-shadow and will cause an extreme performance hit unless bCastDynamicShadow is set to false. 
[2019.04.05-00.43.05:930][ 46]MapCheck: Map check complete: 0 Error(s), 1 Warning(s), took 90,543ms to complete.
[2019.04.05-00.43.25:286][238]LogEditorViewport: Clicking on Actor (LMB): BP_GoodSky_C (BP_GoodSky)
[2019.04.05-00.43.28:677][434]LogSlate: FSceneViewport::OnFocusLost() reason 0
[2019.04.05-00.43.28:777][440]LogTemp: Repeating last play command: New Editor Window (PIE)
[2019.04.05-00.43.28:801][440]LogPlayLevel: PlayLevel: No blueprints needed recompiling
[2019.04.05-00.43.28:813][440]PIE: New page: PIE session: Map_1 (5 avr. 2019 04:43:28)
[2019.04.05-00.43.28:813][440]LogPlayLevel: Creating play world package: /Game/MAPS/UEDPIE_0_Map_1
[2019.04.05-00.43.28:817][440]LogPlayLevel: PIE: StaticDuplicateObject took: (0.004014s)
[2019.04.05-00.43.28:818][440]LogAIModule: Creating AISystem for world Map_1
[2019.04.05-00.43.28:818][440]LogPlayLevel: PIE: World Init took: (0.001021s)
[2019.04.05-00.43.28:818][440]LogPlayLevel: PIE: Created PIE world by copying editor world from /Game/MAPS/Map_1.Map_1 to /Game/MAPS/UEDPIE_0_Map_1.Map_1 (0.005257s)
[2019.04.05-00.43.28:846][440]LogInit: XAudio2 using 'Haut-parleurs (Sound Blaster Recon3Di)' : 2 channels at 48 kHz using 32 bits per sample (channel mask 0x3)
[2019.04.05-00.43.28:863][440]LogInit: FAudioDevice initialized.
[2019.04.05-00.43.28:871][440]LogSlate: Updating window title bar state: overlay mode, drag disabled, window buttons hidden, title bar hidden
[2019.04.05-00.43.28:981][440]LogLinker: Warning: Can't find file '/Game/FirstPersonBP/Blueprints/FirstPersonGameMode'
[2019.04.05-00.43.28:981][440]LogLinker: Warning: Can't find file '/Game/FirstPersonBP/Blueprints/FirstPersonGameMode'
[2019.04.05-00.43.28:981][440]LogUObjectGlobals: Warning: Failed to find object 'Class /Game/FirstPersonBP/Blueprints/FirstPersonGameMode.FirstPersonGameMode_C'
[2019.04.05-00.43.28:981][440]LogLoad: Game class is 'GameModeBase'
[2019.04.05-00.43.28:983][440]LogWorld: Bringing World /Game/MAPS/UEDPIE_0_Map_1.Map_1 up for play (max tick rate 60) at 2019.04.05-02.43.28
[2019.04.05-00.43.28:984][440]LogWorld: Bringing up level for play took: 0.000900
[2019.04.05-00.43.29:053][440]LogContentBrowser: Native class hierarchy updated for 'MovieSceneCapture' in 0.0003 seconds. Added 10 classes and 0 folders.
[2019.04.05-00.43.29:059][440]PIE: Play in editor start time for /Game/MAPS/UEDPIE_0_Map_1 -0,109
[2019.04.05-00.43.29:203][440]LogRenderer: Reallocating scene render targets to support 1024x576 Format 10 NumSamples 1 (Frame:1).
[2019.04.05-00.43.41:736][182]LogSlate: Updating window title bar state: overlay mode, drag disabled, window buttons hidden, title bar hidden
[2019.04.05-00.43.41:754][182]LogSlate: Window 'VVIRTUAL Game Preview Standalone (64-bit/PCD3D_SM5)' being destroyed
[2019.04.05-00.43.41:784][182]LogPlayLevel: Display: Shutting down PIE online subsystems
[2019.04.05-00.43.41:970][184]LogPlayLevel: Display: Destroying online subsystem :Context_2
[2019.04.05-00.43.46:690][466]LogSlate: FSceneViewport::OnFocusLost() reason 0
[2019.04.05-00.43.53:558][872]LogNavigationPoint: PostEditMove Clear paths rebuilt
[2019.04.05-00.43.54:434][924]LogNavigationPoint: PostEditMove Clear paths rebuilt
[2019.04.05-00.43.56:843][ 68]LogNavigationPoint: PostEditMove Clear paths rebuilt
[2019.04.05-00.43.59:008][197]LogNavigationPoint: PostEditMove Clear paths rebuilt
[2019.04.05-00.44.00:255][271]LogNavigationPoint: PostEditMove Clear paths rebuilt
[2019.04.05-00.44.00:909][309]LogSlate: FSceneViewport::OnFocusLost() reason 0
[2019.04.05-00.44.00:975][313]LogTemp: Repeating last play command: New Editor Window (PIE)
[2019.04.05-00.44.00:993][313]LogPlayLevel: PlayLevel: No blueprints needed recompiling
[2019.04.05-00.44.00:993][313]PIE: New page: PIE session: Map_1 (5 avr. 2019 04:44:00)
[2019.04.05-00.44.00:993][313]LogPlayLevel: Creating play world package: /Game/MAPS/UEDPIE_0_Map_1
[2019.04.05-00.44.00:997][313]LogPlayLevel: PIE: StaticDuplicateObject took: (0.003784s)
[2019.04.05-00.44.00:997][313]LogAIModule: Creating AISystem for world Map_1
[2019.04.05-00.44.00:998][313]LogPlayLevel: PIE: World Init took: (0.000696s)
[2019.04.05-00.44.00:998][313]LogPlayLevel: PIE: Created PIE world by copying editor world from /Game/MAPS/Map_1.Map_1 to /Game/MAPS/UEDPIE_0_Map_1.Map_1 (0.004609s)
[2019.04.05-00.44.01:026][313]LogInit: XAudio2 using 'Haut-parleurs (Sound Blaster Recon3Di)' : 2 channels at 48 kHz using 32 bits per sample (channel mask 0x3)
[2019.04.05-00.44.01:041][313]LogInit: FAudioDevice initialized.
[2019.04.05-00.44.01:049][313]LogSlate: Updating window title bar state: overlay mode, drag disabled, window buttons hidden, title bar hidden
[2019.04.05-00.44.01:146][313]LogLoad: Game class is 'GameModeBase'
[2019.04.05-00.44.01:147][313]LogWorld: Bringing World /Game/MAPS/UEDPIE_0_Map_1.Map_1 up for play (max tick rate 60) at 2019.04.05-02.44.01
[2019.04.05-00.44.01:148][313]LogWorld: Bringing up level for play took: 0.000820
[2019.04.05-00.44.01:162][313]PIE: Play in editor start time for /Game/MAPS/UEDPIE_0_Map_1 -0,007
[2019.04.05-00.44.10:209][851]LogSlate: Updating window title bar state: overlay mode, drag disabled, window buttons hidden, title bar hidden
[2019.04.05-00.44.10:228][851]LogSlate: Window 'VVIRTUAL Game Preview Standalone (64-bit/PCD3D_SM5)' being destroyed
[2019.04.05-00.44.10:261][851]LogPlayLevel: Display: Shutting down PIE online subsystems
[2019.04.05-00.44.10:473][853]LogPlayLevel: Display: Destroying online subsystem :Context_4
[2019.04.05-00.44.11:382][907]LogEditorViewport: Clicking on Actor (LMB): PlayerStart (PlayerStart)
[2019.04.05-00.44.12:822][992]LogNavigationPoint: PostEditMove Clear paths rebuilt
[2019.04.05-00.44.17:280][259]LogSlate: FSceneViewport::OnFocusLost() reason 0
[2019.04.05-00.44.31:594][113]LogSlate: FSceneViewport::OnFocusLost() reason 2
[2019.04.05-00.44.33:114][204]LogSlate: Prevented a slow task dialog from being summoned while a context menu was open
[2019.04.05-00.44.33:115][204]EditorErrors: Error: Failed to load class /Game/FirstPersonBP/Blueprints/FirstPersonGameMode.FirstPersonGameMode_C
[2019.04.05-00.44.33:115][204]LogUObjectGlobals: Warning: Failed to find object 'Class None.None'
[2019.04.05-00.44.34:281][274]LogSlate: FSceneViewport::OnFocusLost() reason 0
[2019.04.05-00.44.37:313][455]LogSlate: Prevented a slow task dialog from being summoned while a context menu was open
[2019.04.05-00.44.37:313][455]EditorErrors: Error: Failed to load class /Game/FirstPersonBP/Blueprints/FirstPersonGameMode.FirstPersonGameMode_C
[2019.04.05-00.44.37:314][455]LogUObjectGlobals: Warning: Failed to find object 'Class None.None'
[2019.04.05-00.44.38:926][551]LogSlate: Prevented a slow task dialog from being summoned while a context menu was open
[2019.04.05-00.44.38:926][551]EditorErrors: Error: Failed to load class /Game/FirstPersonBP/Blueprints/FirstPersonGameMode.FirstPersonGameMode_C
[2019.04.05-00.44.38:926][551]LogUObjectGlobals: Warning: Failed to find object 'Class None.None'
[2019.04.05-00.44.43:525][705]LogSlate: Only BGRA pngs, bmps or icos are supported in by External Image Picker
[2019.04.05-00.44.43:628][706]LogTemp: Executing iPhonePackager certificates Engine -bundlename com.YourCompany.VVIRTUAL
[2019.04.05-00.44.43:628][706]LogTemp: CWD: D:\Program Files (x86)\ue\UE_4.20\Engine\Binaries\DotNET\IOS
[2019.04.05-00.44.43:628][706]LogTemp: Initial Dir: D:\Program Files (x86)\ue\UE_4.20
[2019.04.05-00.44.43:628][706]LogTemp: Env CWD: D:\Program Files (x86)\ue\UE_4.20\Engine\Binaries\DotNET\IOS
[2019.04.05-00.44.43:628][706]LogTemp: BranchPath = DAVO-PC/D/Program Files (x86)/ue/UE_4.20/Engine/Binaries --- GameBranchPath = DAVO-PC/D/Program Files (x86)/ue/UE_4.20/Engine/Binaries
[2019.04.05-00.44.43:628][706]LogTemp: IPP ERROR: Could not find provision directory 'C:\Users\Davo\AppData\Local/Apple Computer/MobileDevice/Provisioning Profiles/'.
[2019.04.05-00.44.57:168][504]LogSlate: Prevented a slow task dialog from being summoned while a context menu was open
[2019.04.05-00.44.58:122][559]LogSlate: Prevented a slow task dialog from being summoned while a context menu was open
[2019.04.05-00.44.58:123][559]EditorErrors: Error: Failed to load class /Game/FirstPersonBP/Blueprints/FirstPersonGameMode.FirstPersonGameMode_C
[2019.04.05-00.44.58:123][559]LogUObjectGlobals: Warning: Failed to find object 'Class None.None'
[2019.04.05-00.45.00:577][702]LogSlate: Prevented a slow task dialog from being summoned while a context menu was open
[2019.04.05-00.45.00:577][702]EditorErrors: Error: Failed to load class /Game/FirstPersonBP/Blueprints/FirstPersonGameMode.FirstPersonGameMode_C
[2019.04.05-00.45.00:577][702]LogUObjectGlobals: Warning: Failed to find object 'Class None.None'
[2019.04.05-00.45.01:795][773]LogSlate: Prevented a slow task dialog from being summoned while a context menu was open
[2019.04.05-00.45.01:795][773]LogLinker: Warning: Can't find file '/Game/FirstPersonBP/Blueprints/FirstPersonGameMode_Ludo'
[2019.04.05-00.45.01:795][773]LogLinker: Warning: Can't find file '/Game/FirstPersonBP/Blueprints/FirstPersonGameMode_Ludo'
[2019.04.05-00.45.01:795][773]LogUObjectGlobals: Warning: Failed to find object 'Class /Game/FirstPersonBP/Blueprints/FirstPersonGameMode_Ludo.FirstPersonGameMode_Ludo_C'
[2019.04.05-00.45.01:795][773]EditorErrors: Error: Failed to load class /Game/FirstPersonBP/Blueprints/FirstPersonGameMode_Ludo.FirstPersonGameMode_Ludo_C
[2019.04.05-00.45.01:795][773]LogUObjectGlobals: Warning: Failed to find object 'Class None.None'
[2019.04.05-00.45.14:252][492]LogSlate: Prevented a slow task dialog from being summoned while a context menu was open
[2019.04.05-00.45.14:252][492]EditorErrors: Error: Failed to load class /Game/FirstPersonBP/Blueprints/FirstPersonGameMode.FirstPersonGameMode_C
[2019.04.05-00.45.14:252][492]LogUObjectGlobals: Warning: Failed to find object 'Class None.None'
[2019.04.05-00.45.16:924][648]LogSlate: Window 'Project Settings' being destroyed
[2019.04.05-00.45.16:927][648]LogSlate: Window 'Project Settings' being destroyed
[2019.04.05-00.45.24:997][129]LogLinker: Warning: Can't find file '/Game/FirstPersonBP/Blueprints/FirstPersonCharacterv2'
[2019.04.05-00.45.24:998][129]LogLinker: Warning: Can't find file for asset '/Game/FirstPersonBP/Blueprints/FirstPersonCharacterv2' while loading ../../../../../ProjetNeo/VVirtual/VVIRTUAL/Content/BLUEPRINTS/FirstPersonBP/Blueprints/FirstPersonGameMode.uasset.
[2019.04.05-00.45.24:998][129]LoadErrors: Error: /Game/BLUEPRINTS/FirstPersonBP/Blueprints/FirstPersonGameMode : Can't find file for asset. /Game/FirstPersonBP/Blueprints/FirstPersonCharacterv2
[2019.04.05-00.45.24:998][129]LogLinker: Warning: Can't find file '/Game/FirstPersonBP/Blueprints/FirstPersonHUD'
[2019.04.05-00.45.24:998][129]LogLinker: Warning: Can't find file for asset '/Game/FirstPersonBP/Blueprints/FirstPersonHUD' while loading ../../../../../ProjetNeo/VVirtual/VVIRTUAL/Content/BLUEPRINTS/FirstPersonBP/Blueprints/FirstPersonGameMode.uasset.
[2019.04.05-00.45.24:998][129]LoadErrors: Error: /Game/BLUEPRINTS/FirstPersonBP/Blueprints/FirstPersonGameMode : Can't find file for asset. /Game/FirstPersonBP/Blueprints/FirstPersonHUD
[2019.04.05-00.45.24:999][129]LogLinker: Warning: Can't find file '/Game/FirstPersonBP/Blueprints/FirstPersonCharacterv2'
[2019.04.05-00.45.24:999][129]LogLinker: Warning: Can't find file for asset '/Game/FirstPersonBP/Blueprints/FirstPersonCharacterv2' while loading ../../../../../ProjetNeo/VVirtual/VVIRTUAL/Content/BLUEPRINTS/FirstPersonBP/Blueprints/FirstPersonGameMode.uasset.
[2019.04.05-00.45.24:999][129]LogLinker: Warning: Can't find file '/Game/FirstPersonBP/Blueprints/FirstPersonHUD'
[2019.04.05-00.45.24:999][129]LogLinker: Warning: Can't find file for asset '/Game/FirstPersonBP/Blueprints/FirstPersonHUD' while loading ../../../../../ProjetNeo/VVirtual/VVIRTUAL/Content/BLUEPRINTS/FirstPersonBP/Blueprints/FirstPersonGameMode.uasset.
[2019.04.05-00.45.25:000][129]LogLinker: Warning: Can't find file '/Game/FirstPersonBP/Blueprints/FirstPersonCharacterv2'
[2019.04.05-00.45.25:000][129]LogLinker: Warning: Can't find file for asset '/Game/FirstPersonBP/Blueprints/FirstPersonCharacterv2' while loading NULL.
[2019.04.05-00.45.25:000][129]LogLinker: Warning: Can't find file '/Game/FirstPersonBP/Blueprints/FirstPersonHUD'
[2019.04.05-00.45.25:000][129]LogLinker: Warning: Can't find file for asset '/Game/FirstPersonBP/Blueprints/FirstPersonHUD' while loading NULL.
[2019.04.05-00.45.25:000][129]LogLinker: Warning: Can't find file '/Game/FirstPersonBP/Blueprints/FirstPersonCharacterv2'
[2019.04.05-00.45.25:000][129]LogLinker: Warning: Can't find file for asset '/Game/FirstPersonBP/Blueprints/FirstPersonCharacterv2' while loading NULL.
[2019.04.05-00.45.25:000][129]LogLinker: Warning: Can't find file '/Game/FirstPersonBP/Blueprints/FirstPersonHUD'
[2019.04.05-00.45.25:000][129]LogLinker: Warning: Can't find file for asset '/Game/FirstPersonBP/Blueprints/FirstPersonHUD' while loading NULL.
[2019.04.05-00.45.25:001][129]LogLinker: Warning: Can't find file '/Game/FirstPersonBP/Blueprints/FirstPersonHUD'
[2019.04.05-00.45.25:001][129]LoadErrors: Failed to load /Game/FirstPersonBP/Blueprints/FirstPersonHUD.FirstPersonHUD_C Referenced by Default__FirstPersonGameMode_C
[2019.04.05-00.45.25:001][129]LogLinker: Warning: Can't find file for asset '/Game/FirstPersonBP/Blueprints/FirstPersonHUD' while loading NULL.
[2019.04.05-00.45.25:001][129]LogLinker: Warning: Can't find file '/Game/FirstPersonBP/Blueprints/FirstPersonCharacterv2'
[2019.04.05-00.45.25:001][129]LoadErrors: Failed to load /Game/FirstPersonBP/Blueprints/FirstPersonCharacterv2.FirstPersonCharacterv2_C Referenced by Default__FirstPersonGameMode_C
[2019.04.05-00.45.25:001][129]LogLinker: Warning: Can't find file for asset '/Game/FirstPersonBP/Blueprints/FirstPersonCharacterv2' while loading NULL.
[2019.04.05-00.45.27:952][305]LogTemp: Repeating last play command: New Editor Window (PIE)
[2019.04.05-00.45.27:969][305]LogPlayLevel: PlayLevel: No blueprints needed recompiling
[2019.04.05-00.45.27:970][305]PIE: New page: PIE session: Map_1 (5 avr. 2019 04:45:27)
[2019.04.05-00.45.27:970][305]LogPlayLevel: Creating play world package: /Game/MAPS/UEDPIE_0_Map_1
[2019.04.05-00.45.27:973][305]LogPlayLevel: PIE: StaticDuplicateObject took: (0.003719s)
[2019.04.05-00.45.27:974][305]LogAIModule: Creating AISystem for world Map_1
[2019.04.05-00.45.27:974][305]LogPlayLevel: PIE: World Init took: (0.000714s)
[2019.04.05-00.45.27:974][305]LogPlayLevel: PIE: Created PIE world by copying editor world from /Game/MAPS/Map_1.Map_1 to /Game/MAPS/UEDPIE_0_Map_1.Map_1 (0.004575s)
[2019.04.05-00.45.28:002][305]LogInit: XAudio2 using 'Haut-parleurs (Sound Blaster Recon3Di)' : 2 channels at 48 kHz using 32 bits per sample (channel mask 0x3)
[2019.04.05-00.45.28:018][305]LogInit: FAudioDevice initialized.
[2019.04.05-00.45.28:026][305]LogSlate: Updating window title bar state: overlay mode, drag disabled, window buttons hidden, title bar hidden
[2019.04.05-00.45.28:121][305]LogLoad: Game class is 'FirstPersonGameMode_C'
[2019.04.05-00.45.28:122][305]LogWorld: Bringing World /Game/MAPS/UEDPIE_0_Map_1.Map_1 up for play (max tick rate 60) at 2019.04.05-02.45.28
[2019.04.05-00.45.28:123][305]LogWorld: Bringing up level for play took: 0.000857
[2019.04.05-00.45.28:134][305]LogSpawn: Warning: SpawnActor failed because no class was specified
[2019.04.05-00.45.28:138][305]PIE: Play in editor start time for /Game/MAPS/UEDPIE_0_Map_1 0,964
[2019.04.05-00.45.32:638][571]LogSlate: Updating window title bar state: overlay mode, drag disabled, window buttons hidden, title bar hidden
[2019.04.05-00.45.32:658][571]LogSlate: Window 'VVIRTUAL Game Preview Standalone (64-bit/PCD3D_SM5)' being destroyed
[2019.04.05-00.45.32:690][571]LogPlayLevel: Display: Shutting down PIE online subsystems
[2019.04.05-00.45.32:874][572]LogPlayLevel: Display: Destroying online subsystem :Context_5
[2019.04.05-00.45.33:508][609]LogEditorViewport: Clicking on Actor (LMB): PlayerStart (PlayerStart)
[2019.04.05-00.45.34:455][665]LogNavigationPoint: PostEditMove Clear paths rebuilt
[2019.04.05-00.45.35:016][698]LogSlate: FSceneViewport::OnFocusLost() reason 0
[2019.04.05-00.45.35:082][702]LogTemp: Repeating last play command: New Editor Window (PIE)
[2019.04.05-00.45.35:099][702]LogPlayLevel: PlayLevel: No blueprints needed recompiling
[2019.04.05-00.45.35:099][702]PIE: New page: PIE session: Map_1 (5 avr. 2019 04:45:35)
[2019.04.05-00.45.35:099][702]LogPlayLevel: Creating play world package: /Game/MAPS/UEDPIE_0_Map_1
[2019.04.05-00.45.35:103][702]LogPlayLevel: PIE: StaticDuplicateObject took: (0.003709s)
[2019.04.05-00.45.35:103][702]LogAIModule: Creating AISystem for world Map_1
[2019.04.05-00.45.35:104][702]LogPlayLevel: PIE: World Init took: (0.000770s)
[2019.04.05-00.45.35:104][702]LogPlayLevel: PIE: Created PIE world by copying editor world from /Game/MAPS/Map_1.Map_1 to /Game/MAPS/UEDPIE_0_Map_1.Map_1 (0.004622s)
[2019.04.05-00.45.35:133][702]LogInit: XAudio2 using 'Haut-parleurs (Sound Blaster Recon3Di)' : 2 channels at 48 kHz using 32 bits per sample (channel mask 0x3)
[2019.04.05-00.45.35:148][702]LogInit: FAudioDevice initialized.
[2019.04.05-00.45.35:157][702]LogSlate: Updating window title bar state: overlay mode, drag disabled, window buttons hidden, title bar hidden
[2019.04.05-00.45.35:254][702]LogLoad: Game class is 'FirstPersonGameMode_C'
[2019.04.05-00.45.35:255][702]LogWorld: Bringing World /Game/MAPS/UEDPIE_0_Map_1.Map_1 up for play (max tick rate 60) at 2019.04.05-02.45.35
[2019.04.05-00.45.35:255][702]LogWorld: Bringing up level for play took: 0.000885
[2019.04.05-00.45.35:266][702]LogSpawn: Warning: SpawnActor failed because no class was specified
[2019.04.05-00.45.35:270][702]PIE: Play in editor start time for /Game/MAPS/UEDPIE_0_Map_1 0,097
[2019.04.05-00.45.37:063][806]LogSlate: Updating window title bar state: overlay mode, drag disabled, window buttons hidden, title bar hidden
[2019.04.05-00.45.37:080][806]LogSlate: Window 'VVIRTUAL Game Preview Standalone (64-bit/PCD3D_SM5)' being destroyed
[2019.04.05-00.45.37:107][806]LogPlayLevel: Display: Shutting down PIE online subsystems
[2019.04.05-00.45.37:303][807]LogPlayLevel: Display: Destroying online subsystem :Context_6
[2019.04.05-00.45.41:257][ 37]LogSlate: FSceneViewport::OnFocusLost() reason 2
[2019.04.05-00.45.49:337][521]Cmd: SELECT NONE
[2019.04.05-00.45.55:283][877]LogEditorViewport: Clicking Background
[2019.04.05-00.45.55:750][905]LogEditorViewport: Clicking Background
[2019.04.05-00.45.56:084][925]LogEditorViewport: Clicking on Actor (LMB): StaticMeshActor (Cube)
[2019.04.05-00.46.01:489][247]LogEditorViewport: Clicking on Actor (LMB): PlayerStart (PlayerStart)
[2019.04.05-00.46.03:094][342]LogSlate: FSceneViewport::OnFocusLost() reason 2
[2019.04.05-00.46.14:159][  4]LogNavigationPoint: PostEditMove Clear paths rebuilt
[2019.04.05-00.46.14:665][ 34]LogSlate: FSceneViewport::OnFocusLost() reason 0
[2019.04.05-00.46.14:748][ 39]LogTemp: Repeating last play command: New Editor Window (PIE)
[2019.04.05-00.46.14:766][ 39]LogPlayLevel: PlayLevel: No blueprints needed recompiling
[2019.04.05-00.46.14:767][ 39]PIE: New page: PIE session: Map_1 (5 avr. 2019 04:46:14)
[2019.04.05-00.46.14:767][ 39]LogPlayLevel: Creating play world package: /Game/MAPS/UEDPIE_0_Map_1
[2019.04.05-00.46.14:772][ 39]LogPlayLevel: PIE: StaticDuplicateObject took: (0.005616s)
[2019.04.05-00.46.14:773][ 39]LogAIModule: Creating AISystem for world Map_1
[2019.04.05-00.46.14:774][ 39]LogPlayLevel: PIE: World Init took: (0.000978s)
[2019.04.05-00.46.14:774][ 39]LogPlayLevel: PIE: Created PIE world by copying editor world from /Game/MAPS/Map_1.Map_1 to /Game/MAPS/UEDPIE_0_Map_1.Map_1 (0.006791s)
[2019.04.05-00.46.14:802][ 39]LogInit: XAudio2 using 'Haut-parleurs (Sound Blaster Recon3Di)' : 2 channels at 48 kHz using 32 bits per sample (channel mask 0x3)
[2019.04.05-00.46.14:817][ 39]LogInit: FAudioDevice initialized.
[2019.04.05-00.46.14:825][ 39]LogSlate: Updating window title bar state: overlay mode, drag disabled, window buttons hidden, title bar hidden
[2019.04.05-00.46.14:920][ 39]LogLoad: Game class is 'FirstPersonGameMode_C'
[2019.04.05-00.46.14:921][ 39]LogWorld: Bringing World /Game/MAPS/UEDPIE_0_Map_1.Map_1 up for play (max tick rate 60) at 2019.04.05-02.46.14
[2019.04.05-00.46.14:921][ 39]LogWorld: Bringing up level for play took: 0.000940
[2019.04.05-00.46.14:932][ 39]LogSpawn: Warning: SpawnActor failed because no class was specified
[2019.04.05-00.46.14:936][ 39]PIE: Play in editor start time for /Game/MAPS/UEDPIE_0_Map_1 -0,239
[2019.04.05-00.46.19:484][307]LogSlate: Updating window title bar state: overlay mode, drag disabled, window buttons hidden, title bar hidden
[2019.04.05-00.46.19:501][307]LogSlate: Window 'VVIRTUAL Game Preview Standalone (64-bit/PCD3D_SM5)' being destroyed
[2019.04.05-00.46.19:541][307]LogPlayLevel: Display: Shutting down PIE online subsystems
[2019.04.05-00.46.19:593][309]LogPlayLevel: Display: Destroying online subsystem :Context_7
[2019.04.05-00.46.21:104][399]LogSlate: FSceneViewport::OnFocusLost() reason 2
[2019.04.05-00.46.23:311][531]LogSlate: FSceneViewport::OnFocusLost() reason 2
[2019.04.05-00.46.25:464][657]LogPlayLevel: PlayLevel: No blueprints needed recompiling
[2019.04.05-00.46.25:464][657]PIE: New page: PIE session: Map_1 (5 avr. 2019 04:46:25)
[2019.04.05-00.46.25:464][657]LogPlayLevel: Creating play world package: /Game/MAPS/UEDPIE_0_Map_1
[2019.04.05-00.46.25:468][657]LogPlayLevel: PIE: StaticDuplicateObject took: (0.003690s)
[2019.04.05-00.46.25:468][657]LogAIModule: Creating AISystem for world Map_1
[2019.04.05-00.46.25:468][657]LogPlayLevel: PIE: World Init took: (0.000671s)
[2019.04.05-00.46.25:468][657]LogPlayLevel: PIE: Created PIE world by copying editor world from /Game/MAPS/Map_1.Map_1 to /Game/MAPS/UEDPIE_0_Map_1.Map_1 (0.004489s)
[2019.04.05-00.46.25:495][657]LogInit: XAudio2 using 'Haut-parleurs (Sound Blaster Recon3Di)' : 2 channels at 48 kHz using 32 bits per sample (channel mask 0x3)
[2019.04.05-00.46.25:511][657]LogInit: FAudioDevice initialized.
[2019.04.05-00.46.25:511][657]LogSlate: FSceneViewport::OnFocusLost() reason 2
[2019.04.05-00.46.25:543][657]LogLoad: Game class is 'FirstPersonGameMode_C'
[2019.04.05-00.46.25:545][657]LogWorld: Bringing World /Game/MAPS/UEDPIE_0_Map_1.Map_1 up for play (max tick rate 60) at 2019.04.05-02.46.25
[2019.04.05-00.46.25:545][657]LogWorld: Bringing up level for play took: 0.000833
[2019.04.05-00.46.25:556][657]LogSpawn: Warning: SpawnActor failed because no class was specified
[2019.04.05-00.46.25:557][657]PIE: Play in editor start time for /Game/MAPS/UEDPIE_0_Map_1 0,382
[2019.04.05-00.46.28:657][841]LogSlate: Updating window title bar state: overlay mode, drag disabled, window buttons hidden, title bar hidden
[2019.04.05-00.46.28:686][841]LogPlayLevel: Display: Shutting down PIE online subsystems
[2019.04.05-00.46.28:707][841]LogSlate: Updating window title bar state: overlay mode, drag disabled, window buttons hidden, title bar hidden
[2019.04.05-00.46.28:756][844]LogPlayLevel: Display: Destroying online subsystem :Context_8
[2019.04.05-00.46.31:379][992]LogTemp: Repeating last play command: Selected Viewport
[2019.04.05-00.46.31:397][992]LogPlayLevel: PlayLevel: No blueprints needed recompiling
[2019.04.05-00.46.31:397][992]PIE: New page: PIE session: Map_1 (5 avr. 2019 04:46:31)
[2019.04.05-00.46.31:397][992]LogPlayLevel: Creating play world package: /Game/MAPS/UEDPIE_0_Map_1
[2019.04.05-00.46.31:402][992]LogPlayLevel: PIE: StaticDuplicateObject took: (0.004442s)
[2019.04.05-00.46.31:403][992]LogAIModule: Creating AISystem for world Map_1
[2019.04.05-00.46.31:403][992]LogPlayLevel: PIE: World Init took: (0.001056s)
[2019.04.05-00.46.31:403][992]LogPlayLevel: PIE: Created PIE world by copying editor world from /Game/MAPS/Map_1.Map_1 to /Game/MAPS/UEDPIE_0_Map_1.Map_1 (0.005673s)
[2019.04.05-00.46.31:429][992]LogInit: XAudio2 using 'Haut-parleurs (Sound Blaster Recon3Di)' : 2 channels at 48 kHz using 32 bits per sample (channel mask 0x3)
[2019.04.05-00.46.31:444][992]LogInit: FAudioDevice initialized.
[2019.04.05-00.46.31:475][992]LogLoad: Game class is 'FirstPersonGameMode_C'
[2019.04.05-00.46.31:477][992]LogWorld: Bringing World /Game/MAPS/UEDPIE_0_Map_1.Map_1 up for play (max tick rate 60) at 2019.04.05-02.46.31
[2019.04.05-00.46.31:477][992]LogWorld: Bringing up level for play took: 0.000796
[2019.04.05-00.46.31:488][992]LogSpawn: Warning: SpawnActor failed because no class was specified
[2019.04.05-00.46.31:489][992]PIE: Play in editor start time for /Game/MAPS/UEDPIE_0_Map_1 0,313
[2019.04.05-00.46.37:108][328]LogSlate: Updating window title bar state: overlay mode, drag disabled, window buttons hidden, title bar hidden
[2019.04.05-00.46.37:137][328]LogPlayLevel: Display: Shutting down PIE online subsystems
[2019.04.05-00.46.37:159][328]LogSlate: Updating window title bar state: overlay mode, drag disabled, window buttons hidden, title bar hidden
[2019.04.05-00.46.37:213][331]LogPlayLevel: Display: Destroying online subsystem :Context_9
[2019.04.05-00.46.38:510][404]LogSlate: FSceneViewport::OnFocusLost() reason 2
[2019.04.05-00.46.38:517][404]LogSlate: Prevented a slow task dialog from being summoned while a context menu was open
[2019.04.05-00.46.44:183][738]LogSlate: Prevented a slow task dialog from being summoned while a context menu was open
[2019.04.05-00.46.44:183][738]LogLinker: Warning: Can't find file '/Game/FirstPersonBP/Blueprints/FirstPersonCharacterv2'
[2019.04.05-00.46.44:183][738]LogLinker: Warning: Can't find file '/Game/FirstPersonBP/Blueprints/FirstPersonCharacterv2'
[2019.04.05-00.46.44:184][738]LogUObjectGlobals: Warning: Failed to find object 'Class /Game/FirstPersonBP/Blueprints/FirstPersonCharacterv2.FirstPersonCharacterv2_C'
[2019.04.05-00.46.44:184][738]EditorErrors: Error: Failed to load class /Game/FirstPersonBP/Blueprints/FirstPersonCharacterv2.FirstPersonCharacterv2_C
[2019.04.05-00.46.44:184][738]LogUObjectGlobals: Warning: Failed to find object 'Class None.None'
[2019.04.05-00.46.46:493][874]LogSlate: FSceneViewport::OnFocusLost() reason 0
[2019.04.05-00.46.46:514][875]LogLinker: Warning: Can't find file '/Game/FirstPersonBP/Blueprints/MaterialChangerPlateform'
[2019.04.05-00.46.46:514][875]LogLinker: Warning: Can't find file for asset '/Game/FirstPersonBP/Blueprints/MaterialChangerPlateform' while loading ../../../../../ProjetNeo/VVirtual/VVIRTUAL/Content/BLUEPRINTS/FirstPersonBP/Blueprints/FirstPersonCharacterv2.uasset.
[2019.04.05-00.46.46:514][875]LoadErrors: Error: /Game/BLUEPRINTS/FirstPersonBP/Blueprints/FirstPersonCharacterv2 : Can't find file for asset. /Game/FirstPersonBP/Blueprints/MaterialChangerPlateform
[2019.04.05-00.46.46:518][875]LogLinker: Warning: Can't find file '/Game/FirstPersonBP/Blueprints/MaterialChangerPlateform'
[2019.04.05-00.46.46:518][875]LogLinker: Warning: Can't find file for asset '/Game/FirstPersonBP/Blueprints/MaterialChangerPlateform' while loading ../../../../../ProjetNeo/VVirtual/VVIRTUAL/Content/BLUEPRINTS/FirstPersonBP/Blueprints/FirstPersonCharacterv2.uasset.
[2019.04.05-00.46.46:518][875]LogLinker: Warning: Can't find file '/Game/FirstPersonBP/Blueprints/MaterialChangerPlateform'
[2019.04.05-00.46.46:519][875]LogLinker: Warning: Can't find file for asset '/Game/FirstPersonBP/Blueprints/MaterialChangerPlateform' while loading ../../../../../ProjetNeo/VVirtual/VVIRTUAL/Content/BLUEPRINTS/FirstPersonBP/Blueprints/FirstPersonCharacterv2.uasset.
[2019.04.05-00.46.46:519][875]LogLinker: Warning: Can't find file '/Game/FirstPersonBP/Blueprints/SprintENUM'
[2019.04.05-00.46.46:519][875]LogLinker: Warning: Can't find file for asset '/Game/FirstPersonBP/Blueprints/SprintENUM' while loading ../../../../../ProjetNeo/VVirtual/VVIRTUAL/Content/BLUEPRINTS/FirstPersonBP/Blueprints/FirstPersonCharacterv2.uasset.
[2019.04.05-00.46.46:519][875]LoadErrors: Error: /Game/BLUEPRINTS/FirstPersonBP/Blueprints/FirstPersonCharacterv2 : Can't find file for asset. /Game/FirstPersonBP/Blueprints/SprintENUM
[2019.04.05-00.46.46:520][875]LogLinker: Warning: Can't find file '/Game/FirstPersonBP/Blueprints/SprintENUM'
[2019.04.05-00.46.46:520][875]LogLinker: Warning: Can't find file for asset '/Game/FirstPersonBP/Blueprints/SprintENUM' while loading ../../../../../ProjetNeo/VVirtual/VVIRTUAL/Content/BLUEPRINTS/FirstPersonBP/Blueprints/FirstPersonCharacterv2.uasset.
[2019.04.05-00.46.46:523][875]LogLinker: Warning: Can't find file '/Game/FirstPersonBP/Blueprints/SprintENUM'
[2019.04.05-00.46.46:524][875]LoadErrors: Failed to load /Game/FirstPersonBP/Blueprints/SprintENUM.SprintENUM Referenced by WalkRunOrSprintChoice
[2019.04.05-00.46.46:524][875]LogLinker: Warning: Can't find file for asset '/Game/FirstPersonBP/Blueprints/SprintENUM' while loading NULL.
[2019.04.05-00.46.46:524][875]LogLinker: Warning: Can't find file '/Game/FirstPersonBP/Blueprints/MaterialChangerPlateform'
[2019.04.05-00.46.46:524][875]LogLinker: Warning: Can't find file for asset '/Game/FirstPersonBP/Blueprints/MaterialChangerPlateform' while loading NULL.
[2019.04.05-00.46.46:525][875]LogLinker: Warning: Can't find file '/Game/FirstPersonBP/Blueprints/MaterialChangerPlateform'
[2019.04.05-00.46.46:525][875]LogLinker: Warning: Can't find file for asset '/Game/FirstPersonBP/Blueprints/MaterialChangerPlateform' while loading NULL.
[2019.04.05-00.46.46:525][875]LogLinker: Warning: Can't find file '/Game/FirstPersonBP/Blueprints/MaterialChangerPlateform'
[2019.04.05-00.46.46:525][875]LogLinker: Warning: Can't find file for asset '/Game/FirstPersonBP/Blueprints/MaterialChangerPlateform' while loading NULL.
[2019.04.05-00.46.46:525][875]LogLinker: Warning: Can't find file '/Game/FirstPersonBP/Blueprints/MaterialChangerPlateform'
[2019.04.05-00.46.46:526][875]LogLinker: Warning: Can't find file for asset '/Game/FirstPersonBP/Blueprints/MaterialChangerPlateform' while loading NULL.
[2019.04.05-00.46.46:526][875]LogLinker: Warning: Can't find file '/Game/FirstPersonBP/Blueprints/SprintENUM'
[2019.04.05-00.46.46:526][875]LogLinker: Warning: Can't find file for asset '/Game/FirstPersonBP/Blueprints/SprintENUM' while loading NULL.
[2019.04.05-00.46.46:526][875]LogLinker: Warning: Can't find file '/Game/FirstPersonBP/Blueprints/SprintENUM'
[2019.04.05-00.46.46:526][875]LogLinker: Warning: Can't find file for asset '/Game/FirstPersonBP/Blueprints/SprintENUM' while loading NULL.
[2019.04.05-00.46.46:526][875]LogClass: Warning: Failed to find enum 'SprintENUM' when converting property 'WalkRunOrSprintChoice' during property loading - setting to 0
[2019.04.05-00.46.46:527][875]LogLinker: Warning: Can't find file '/Game/FirstPersonBP/Blueprints/SprintENUM'
[2019.04.05-00.46.46:528][875]LoadErrors: Failed to load /Game/FirstPersonBP/Blueprints/SprintENUM.SprintENUM Referenced by FirstPersonCharacterv2
[2019.04.05-00.46.46:528][875]LogLinker: Warning: Can't find file for asset '/Game/FirstPersonBP/Blueprints/SprintENUM' while loading NULL.
[2019.04.05-00.46.46:539][875]LogLinker: Warning: Can't find file '/Game/FirstPersonBP/Blueprints/MaterialChangerPlateform'
[2019.04.05-00.46.46:539][875]LoadErrors: Failed to load /Game/FirstPersonBP/Blueprints/MaterialChangerPlateform.MaterialChangerPlateform_C Referenced by K2Node_DynamicCast_0
[2019.04.05-00.46.46:540][875]LogLinker: Warning: Can't find file for asset '/Game/FirstPersonBP/Blueprints/MaterialChangerPlateform' while loading NULL.
[2019.04.05-00.46.46:540][875]LogLinker: Warning: Can't find file '/Game/FirstPersonBP/Blueprints/MaterialChangerPlateform'
[2019.04.05-00.46.46:540][875]LogLinker: Warning: Can't find file for asset '/Game/FirstPersonBP/Blueprints/MaterialChangerPlateform' while loading NULL.
[2019.04.05-00.46.46:541][875]LogLinker: Warning: Can't find file '/Game/FirstPersonBP/Blueprints/MaterialChangerPlateform'
[2019.04.05-00.46.46:541][875]LoadErrors: Failed to load /Game/FirstPersonBP/Blueprints/MaterialChangerPlateform.MaterialChangerPlateform_C Referenced by K2Node_VariableGet_15
[2019.04.05-00.46.46:541][875]LogLinker: Warning: Can't find file for asset '/Game/FirstPersonBP/Blueprints/MaterialChangerPlateform' while loading NULL.
[2019.04.05-00.46.46:541][875]LogLinker: Warning: Can't find file '/Game/FirstPersonBP/Blueprints/MaterialChangerPlateform'
[2019.04.05-00.46.46:541][875]LogLinker: Warning: Can't find file for asset '/Game/FirstPersonBP/Blueprints/MaterialChangerPlateform' while loading NULL.
[2019.04.05-00.46.46:542][875]LogLinker: Warning: Can't find file '/Game/FirstPersonBP/Blueprints/SprintENUM'
[2019.04.05-00.46.46:542][875]LoadErrors: Failed to load /Game/FirstPersonBP/Blueprints/SprintENUM.SprintENUM Referenced by K2Node_SwitchEnum_1
[2019.04.05-00.46.46:542][875]LogLinker: Warning: Can't find file for asset '/Game/FirstPersonBP/Blueprints/SprintENUM' while loading NULL.
[2019.04.05-00.46.46:542][875]LogLinker: Warning: Can't find file '/Game/FirstPersonBP/Blueprints/SprintENUM'
[2019.04.05-00.46.46:542][875]LogLinker: Warning: Can't find file for asset '/Game/FirstPersonBP/Blueprints/SprintENUM' while loading NULL.
[2019.04.05-00.46.46:543][875]LogLinker: Warning: Can't find file '/Game/FirstPersonBP/Blueprints/SprintENUM'
[2019.04.05-00.46.46:543][875]LoadErrors: Failed to load /Game/FirstPersonBP/Blueprints/SprintENUM.SprintENUM Referenced by K2Node_VariableGet_16
[2019.04.05-00.46.46:543][875]LogLinker: Warning: Can't find file for asset '/Game/FirstPersonBP/Blueprints/SprintENUM' while loading NULL.
[2019.04.05-00.46.46:543][875]LogLinker: Warning: Can't find file '/Game/FirstPersonBP/Blueprints/SprintENUM'
[2019.04.05-00.46.46:543][875]LoadErrors: Failed to load /Game/FirstPersonBP/Blueprints/SprintENUM.SprintENUM Referenced by K2Node_SwitchEnum_0
[2019.04.05-00.46.46:543][875]LogLinker: Warning: Can't find file for asset '/Game/FirstPersonBP/Blueprints/SprintENUM' while loading NULL.
[2019.04.05-00.46.46:543][875]LogLinker: Warning: Can't find file '/Game/FirstPersonBP/Blueprints/SprintENUM'
[2019.04.05-00.46.46:544][875]LogLinker: Warning: Can't find file for asset '/Game/FirstPersonBP/Blueprints/SprintENUM' while loading NULL.
[2019.04.05-00.46.46:544][875]LogLinker: Warning: Can't find file '/Game/FirstPersonBP/Blueprints/SprintENUM'
[2019.04.05-00.46.46:544][875]LoadErrors: Failed to load /Game/FirstPersonBP/Blueprints/SprintENUM.SprintENUM Referenced by K2Node_VariableGet_7
[2019.04.05-00.46.46:544][875]LogLinker: Warning: Can't find file for asset '/Game/FirstPersonBP/Blueprints/SprintENUM' while loading NULL.
[2019.04.05-00.46.46:545][875]LogLinker: Warning: Can't find file '/Game/FirstPersonBP/Blueprints/SprintENUM'
[2019.04.05-00.46.46:545][875]LoadErrors: Failed to load /Game/FirstPersonBP/Blueprints/SprintENUM.SprintENUM Referenced by K2Node_VariableSet_7
[2019.04.05-00.46.46:545][875]LogLinker: Warning: Can't find file for asset '/Game/FirstPersonBP/Blueprints/SprintENUM' while loading NULL.
[2019.04.05-00.46.46:545][875]LogLinker: Warning: Can't find file '/Game/FirstPersonBP/Blueprints/SprintENUM'
[2019.04.05-00.46.46:545][875]LogLinker: Warning: Can't find file for asset '/Game/FirstPersonBP/Blueprints/SprintENUM' while loading NULL.
[2019.04.05-00.46.46:545][875]LogLinker: Warning: Can't find file '/Game/FirstPersonBP/Blueprints/SprintENUM'
[2019.04.05-00.46.46:545][875]LoadErrors: Failed to load /Game/FirstPersonBP/Blueprints/SprintENUM.SprintENUM Referenced by K2Node_VariableSet_8
[2019.04.05-00.46.46:546][875]LogLinker: Warning: Can't find file for asset '/Game/FirstPersonBP/Blueprints/SprintENUM' while loading NULL.
[2019.04.05-00.46.46:546][875]LogLinker: Warning: Can't find file '/Game/FirstPersonBP/Blueprints/SprintENUM'
[2019.04.05-00.46.46:546][875]LogLinker: Warning: Can't find file for asset '/Game/FirstPersonBP/Blueprints/SprintENUM' while loading NULL.
[2019.04.05-00.46.46:546][875]LogLinker: Warning: Can't find file '/Game/FirstPersonBP/Blueprints/SprintENUM'
[2019.04.05-00.46.46:546][875]LoadErrors: Failed to load /Game/FirstPersonBP/Blueprints/SprintENUM.SprintENUM Referenced by K2Node_VariableSet_6
[2019.04.05-00.46.46:546][875]LogLinker: Warning: Can't find file for asset '/Game/FirstPersonBP/Blueprints/SprintENUM' while loading NULL.
[2019.04.05-00.46.46:547][875]LogLinker: Warning: Can't find file '/Game/FirstPersonBP/Blueprints/SprintENUM'
[2019.04.05-00.46.46:547][875]LogLinker: Warning: Can't find file for asset '/Game/FirstPersonBP/Blueprints/SprintENUM' while loading NULL.
[2019.04.05-00.46.46:547][875]LogLinker: Warning: Can't find file '/Game/FirstPersonBP/Blueprints/SprintENUM'
[2019.04.05-00.46.46:547][875]LoadErrors: Failed to load /Game/FirstPersonBP/Blueprints/SprintENUM.SprintENUM Referenced by K2Node_VariableSet_3
[2019.04.05-00.46.46:547][875]LogLinker: Warning: Can't find file for asset '/Game/FirstPersonBP/Blueprints/SprintENUM' while loading NULL.
[2019.04.05-00.46.46:547][875]LogLinker: Warning: Can't find file '/Game/FirstPersonBP/Blueprints/SprintENUM'
[2019.04.05-00.46.46:548][875]LogLinker: Warning: Can't find file for asset '/Game/FirstPersonBP/Blueprints/SprintENUM' while loading NULL.
[2019.04.05-00.46.46:573][875]LogBlueprint: Warning: [Compiler FirstPersonCharacterv2] Could not find a variable named "Static Mesh" in 'FirstPersonCharacterv2'.
Make sure 'FirstPersonCharacterv2' has been compiled for  Get Static Mesh
[2019.04.05-00.46.46:573][875]LogBlueprint: Error: [Compiler FirstPersonCharacterv2] Can't connect pins  Object  and  Other Actor : This cast has an invalid target type (was the class deleted without a redirect?).
[2019.04.05-00.46.46:574][875]LogBlueprint: Error: [Compiler FirstPersonCharacterv2] In use pin  As Material Changer Plateform  no longer exists on node  Bad cast node . Please refresh node or break links to remove pin.
[2019.04.05-00.46.46:574][875]LogBlueprint: Error: [Compiler FirstPersonCharacterv2] Can't connect pins  Other Actor  and  Object : This cast has an invalid target type (was the class deleted without a redirect?).
[2019.04.05-00.46.46:579][875]LogBlueprint: Error: [Compiler FirstPersonCharacterv2] The property associated with  Static Mesh  could not be found in '/Game/BLUEPRINTS/FirstPersonBP/Blueprints/FirstPersonCharacterv2.FirstPersonCharacterv2_C'
[2019.04.05-00.46.46:593][875]LogBlueprint: Warning: [Compiler FirstPersonCharacterv2] [0620,74] Compile of FirstPersonCharacterv2 failed. 4 Fatal Issue(s) 1 Warning(s) [in 40 ms] (/Game/BLUEPRINTS/FirstPersonBP/Blueprints/FirstPersonCharacterv2.FirstPersonCharacterv2)
[2019.04.05-00.46.55:492][395]LogTemp: Repeating last play command: Selected Viewport
[2019.04.05-00.46.55:511][395]LogPlayLevel: PlayLevel: No blueprints needed recompiling
[2019.04.05-00.46.57:149][395]LogSlate: Window 'Message' being destroyed
[2019.04.05-00.46.57:151][395]PIE: New page: PIE session: Map_1 (5 avr. 2019 04:46:57)
[2019.04.05-00.46.57:151][395]LogPlayLevel: Creating play world package: /Game/MAPS/UEDPIE_0_Map_1
[2019.04.05-00.46.57:156][395]LogPlayLevel: PIE: StaticDuplicateObject took: (0.004954s)
[2019.04.05-00.46.57:157][395]LogAIModule: Creating AISystem for world Map_1
[2019.04.05-00.46.57:157][395]LogPlayLevel: PIE: World Init took: (0.000779s)
[2019.04.05-00.46.57:157][395]LogPlayLevel: PIE: Created PIE world by copying editor world from /Game/MAPS/Map_1.Map_1 to /Game/MAPS/UEDPIE_0_Map_1.Map_1 (0.005885s)
[2019.04.05-00.46.57:187][395]LogInit: XAudio2 using 'Haut-parleurs (Sound Blaster Recon3Di)' : 2 channels at 48 kHz using 32 bits per sample (channel mask 0x3)
[2019.04.05-00.46.57:203][395]LogInit: FAudioDevice initialized.
[2019.04.05-00.46.57:203][395]LogSlate: FSceneViewport::OnFocusLost() reason 2
[2019.04.05-00.46.57:233][395]LogLoad: Game class is 'FirstPersonGameMode_C'
[2019.04.05-00.46.57:235][395]LogWorld: Bringing World /Game/MAPS/UEDPIE_0_Map_1.Map_1 up for play (max tick rate 60) at 2019.04.05-02.46.57
[2019.04.05-00.46.57:235][395]LogWorld: Bringing up level for play took: 0.000942
[2019.04.05-00.46.57:248][395]PIE: Play in editor start time for /Game/MAPS/UEDPIE_0_Map_1 2,07
[2019.04.05-00.46.59:925][554]LogSlate: Updating window title bar state: overlay mode, drag disabled, window buttons hidden, title bar hidden
[2019.04.05-00.46.59:954][554]LogPlayLevel: Display: Shutting down PIE online subsystems
[2019.04.05-00.46.59:977][554]LogSlate: Updating window title bar state: overlay mode, drag disabled, window buttons hidden, title bar hidden
[2019.04.05-00.47.00:029][557]LogPlayLevel: Display: Destroying online subsystem :Context_10
[2019.04.05-00.47.01:396][639]LogSlate: FSceneViewport::OnFocusLost() reason 0
[2019.04.05-00.47.04:664][834]LogSlate: Prevented a slow task dialog from being summoned while a context menu was open
[2019.04.05-00.47.14:665][429]LogAssetEditorManager: Opening Asset editor for Blueprint /Game/BLUEPRINTS/FirstPersonBP/Blueprints/FirstPersonCharacterv2.FirstPersonCharacterv2
[2019.04.05-00.47.15:558][429]LogContentBrowser: Native class hierarchy updated for 'BlueprintGraph' in 0.0007 seconds. Added 116 classes and 0 folders.
[2019.04.05-00.47.16:979][429]LogSlate: Took 0.000434 seconds to synchronously load lazily loaded font '../../../Engine/Content/Slate/Fonts/Roboto-BoldCondensed.ttf' (158K)
[2019.04.05-00.47.17:602][430]LogSlate: Took 0.000480 seconds to synchronously load lazily loaded font '../../../Engine/Content/Slate/Fonts/Roboto-Italic.ttf' (157K)
[2019.04.05-00.48.00:350][635]BlueprintLog: New page: Compile FirstPersonCharacterv2
[2019.04.05-00.48.00:472][635]LogBlueprint: Error: [Compiler FirstPersonCharacterv2] This blueprint (self) is not a PrimitiveComponent, therefore ' Target ' must have a connection.
[2019.04.05-00.48.00:473][635]LogBlueprint: Error: [Compiler FirstPersonCharacterv2] The type of  Object  is undetermined.  Connect something to  Bad cast node  to imply a specific type.
[2019.04.05-00.48.00:475][635]LogBlueprint: Error: [Compiler FirstPersonCharacterv2] The current value of the ' Object ' pin is invalid: Unsupported type Wildcard on pin Object
[2019.04.05-00.48.00:677][635]LogBlueprint: Warning: [Compiler FirstPersonCharacterv2] [0694,81] Compile of FirstPersonCharacterv2 failed. 3 Fatal Issue(s) 0 Warning(s) [in 327 ms] (/Game/BLUEPRINTS/FirstPersonBP/Blueprints/FirstPersonCharacterv2.FirstPersonCharacterv2)
[2019.04.05-00.48.45:082][163]BlueprintLog: New page: Compile FirstPersonCharacterv2
[2019.04.05-00.48.45:191][163]LogBlueprint: Warning: [Compiler FirstPersonCharacterv2] Could not find a variable named "Static Mesh" in 'FirstPersonCharacterv2'.
Make sure 'FirstPersonCharacterv2' has been compiled for  Get Static Mesh
[2019.04.05-00.48.45:196][163]LogBlueprint: Error: [Compiler FirstPersonCharacterv2] This blueprint (self) is not compatible with ' Target ', therefore that pin must have a connection.
[2019.04.05-00.48.45:196][163]LogBlueprint: Error: [Compiler FirstPersonCharacterv2] The type of  Object  is undetermined.  Connect something to  Bad cast node  to imply a specific type.
[2019.04.05-00.48.45:199][163]LogBlueprint: Error: [Compiler FirstPersonCharacterv2] The current value of the ' Object ' pin is invalid: Unsupported type Wildcard on pin Object
[2019.04.05-00.48.45:199][163]LogBlueprint: Error: [Compiler FirstPersonCharacterv2] The property associated with  Static Mesh  could not be found in '/Game/BLUEPRINTS/FirstPersonBP/Blueprints/FirstPersonCharacterv2.FirstPersonCharacterv2_C'
[2019.04.05-00.48.45:388][163]LogBlueprint: Warning: [Compiler FirstPersonCharacterv2] [0739,52] Compile of FirstPersonCharacterv2 failed. 4 Fatal Issue(s) 1 Warning(s) [in 305 ms] (/Game/BLUEPRINTS/FirstPersonBP/Blueprints/FirstPersonCharacterv2.FirstPersonCharacterv2)
[2019.04.05-00.48.48:001][293]LogEditorTransaction: Undo Create Pin Link
[2019.04.05-00.48.48:306][294]LogEditorTransaction: Undo Create Pin Link
[2019.04.05-00.48.48:524][296]LogEditorTransaction: Undo Move Node
[2019.04.05-00.48.48:825][297]LogEditorTransaction: Undo Create Pin Link
[2019.04.05-00.48.49:138][305]LogEditorTransaction: Undo Break Pin Links
[2019.04.05-00.48.49:688][311]LogEditorTransaction: Undo Move Node
[2019.04.05-00.48.50:264][319]LogEditorTransaction: Undo Break Pin Links
[2019.04.05-00.48.50:689][321]LogEditorTransaction: Undo Move Node
[2019.04.05-00.48.51:557][345]LogEditorTransaction: Undo Create Pin Link
[2019.04.05-00.48.52:148][380]LogEditorTransaction: Undo Create Pin Link
[2019.04.05-00.48.53:303][449]LogEditorTransaction: Undo Break Pin Links
[2019.04.05-00.49.21:582][707]Cmd: OBJ SAVEPACKAGE PACKAGE="/Game/MAPS/Map_1" FILE="../../../../../ProjetNeo/VVirtual/VVIRTUAL/Saved/Autosaves/Game/MAPS/Map_1_Auto1.umap" SILENT=true AUTOSAVING=true KEEPDIRTY=false
[2019.04.05-00.49.21:638][707]LogSavePackage: Moving '../../../../../ProjetNeo/VVirtual/VVIRTUAL/Saved/Map_1_Auto1568A7B95407609EA1D39759B6ADB4802.tmp' to '../../../../../ProjetNeo/VVirtual/VVIRTUAL/Saved/Autosaves/Game/MAPS/Map_1_Auto1.umap'
[2019.04.05-00.49.21:647][707]LogFileHelpers: Editor autosave (incl. sublevels) for '/Game/MAPS/Map_1' took 0.100
[2019.04.05-00.49.21:647][707]LogFileHelpers: Editor autosave (incl. sublevels) for all levels took 0.100
